[ 2016-09-02T01:45:03+08:00 ] ::1 /index.php//index.php/Admin/Rbac/removeuser/id/5
ERR: 无法加载模块:Index.php

[ 2016-09-02T01:45:45+08:00 ] ::1 /index.php//index.php/Admin/Rbac/removeuser/id/5
ERR: 无法加载模块:Index.php

[ 2016-09-02T01:45:59+08:00 ] ::1 /index.php//index.php/Admin/Rbac/removeuser/id/5
ERR: 无法加载模块:Index.php

[ 2016-09-02T01:46:24+08:00 ] ::1 /index.php//index.php/Admin/Rbac/removeuser/id/5
ERR: 无法加载模块:Index.php

[ 2016-09-02T17:43:22+08:00 ] ::1 /index.php/Login/index.html
ERR: 无法加载模块:Login

[ 2016-09-02T17:43:26+08:00 ] ::1 /index.php/Login/index.html
ERR: 无法加载模块:Login

[ 2016-09-02T17:43:35+08:00 ] ::1 /index.php/Login/index.html
ERR: 无法加载模块:Login

[ 2016-09-02T17:44:16+08:00 ] ::1 /index.php/Login/index.html
ERR: 无法加载模块:Login

[ 2016-09-02T17:44:20+08:00 ] ::1 /index.php/Login/index
ERR: 无法加载模块:Login

[ 2016-09-02T17:45:00+08:00 ] ::1 /index.php/Login/index
ERR: 无法加载模块:Login

[ 2016-09-02T17:45:04+08:00 ] ::1 /index.php/Login
ERR: 无法加载模块:Login

[ 2016-09-02T17:45:13+08:00 ] ::1 /index.php/Login/index.html
ERR: 无法加载模块:Login

[ 2016-09-02T17:46:53+08:00 ] ::1 /index.php/Login/index.html
ERR: 无法加载模块:Login

[ 2016-09-02T17:47:00+08:00 ] ::1 /index.php/Login/index.html
ERR: 无法加载模块:Login

[ 2016-09-02T17:47:58+08:00 ] ::1 /index.php/Login/index.html
ERR: 无法加载模块:Login

[ 2016-09-02T17:48:00+08:00 ] ::1 /index.php/Login/index.html
ERR: 无法加载模块:Login

