[ 2016-08-28T00:03:21+08:00 ] ::1 /index.php/Admin/Login/js/bootstrap.min.js
ERR: 非法操作:js

[ 2016-08-28T00:03:21+08:00 ] ::1 /index.php/Admin/Login/css/bootstrap.min.css
ERR: 非法操作:css

[ 2016-08-28T00:03:21+08:00 ] ::1 /index.php/Admin/Login/js/jquery.1.9.1.min.js
ERR: 非法操作:js

[ 2016-08-28T00:03:21+08:00 ] ::1 /index.php/Admin/Login/css/style.css
ERR: 非法操作:css

[ 2016-08-28T00:03:21+08:00 ] ::1 /index.php/Admin/Login/js/admin.js
ERR: 非法操作:js

[ 2016-08-28T00:03:21+08:00 ] ::1 /index.php/Admin/Login/js/bootstrap.min.js
ERR: 非法操作:js

[ 2016-08-28T00:03:21+08:00 ] ::1 /index.php/Admin/Login/js/admin.js
ERR: 非法操作:js

[ 2016-08-28T00:03:34+08:00 ] ::1 /index.php/Admin/Login/css/style.css
ERR: 非法操作:css

[ 2016-08-28T00:03:34+08:00 ] ::1 /index.php/Admin/Login/css/bootstrap.min.css
ERR: 非法操作:css

[ 2016-08-28T00:06:15+08:00 ] ::1 /index.php/Admin/Login/css/bootstrap.min.css
ERR: 非法操作:css

[ 2016-08-28T00:06:15+08:00 ] ::1 /index.php/Admin/Login/css/style.css
ERR: 非法操作:css

[ 2016-08-28T00:06:15+08:00 ] ::1 /index.php/Admin/Login/js/jquery.1.9.1.min.js
ERR: 非法操作:js

[ 2016-08-28T00:06:15+08:00 ] ::1 /index.php/Admin/Login/js/admin.js
ERR: 非法操作:js

[ 2016-08-28T00:06:15+08:00 ] ::1 /index.php/Admin/Login/js/bootstrap.min.js
ERR: 非法操作:js

[ 2016-08-28T00:06:15+08:00 ] ::1 /index.php/Admin/Login/js/admin.js
ERR: 非法操作:js

[ 2016-08-28T00:08:39+08:00 ] ::1 /index.php/Admin/Login/js/admin.js
ERR: 非法操作:js

[ 2016-08-28T00:08:39+08:00 ] ::1 /index.php/Admin/Login/js/bootstrap.min.js
ERR: 非法操作:js

[ 2016-08-28T00:08:39+08:00 ] ::1 /index.php/Admin/Login/css/style.css
ERR: 非法操作:css

[ 2016-08-28T00:08:39+08:00 ] ::1 /index.php/Admin/Login/js/jquery.1.9.1.min.js
ERR: 非法操作:js

[ 2016-08-28T00:08:39+08:00 ] ::1 /index.php/Admin/Login/js/bootstrap.min.js
ERR: 非法操作:js

[ 2016-08-28T00:08:39+08:00 ] ::1 /index.php/Admin/Login/js/admin.js
ERR: 非法操作:js

[ 2016-08-28T00:08:52+08:00 ] ::1 /index.php/Admin/Login/js/bootstrap.min.js
ERR: 非法操作:js

[ 2016-08-28T00:08:52+08:00 ] ::1 /index.php/Admin/Login/js/admin.js
ERR: 非法操作:js

[ 2016-08-28T00:08:52+08:00 ] ::1 /index.php/Admin/Login/js/jquery.1.9.1.min.js
ERR: 非法操作:js

[ 2016-08-28T00:08:52+08:00 ] ::1 /index.php/Admin/Login/css/style.css
ERR: 非法操作:css

[ 2016-08-28T00:08:53+08:00 ] ::1 /index.php/Admin/Login/js/bootstrap.min.js
ERR: 非法操作:js

[ 2016-08-28T00:08:53+08:00 ] ::1 /index.php/Admin/Login/js/admin.js
ERR: 非法操作:js

[ 2016-08-28T00:12:12+08:00 ] ::1 /index.php/Admin/Login/js/jquery.1.9.1.min.js
ERR: 非法操作:js

[ 2016-08-28T00:12:12+08:00 ] ::1 /index.php/Admin/Login/js/admin.js
ERR: 非法操作:js

[ 2016-08-28T00:12:12+08:00 ] ::1 /index.php/Admin/Login/js/bootstrap.min.js
ERR: 非法操作:js

[ 2016-08-28T00:12:13+08:00 ] ::1 /index.php/Admin/Login/js/admin.js
ERR: 非法操作:js

[ 2016-08-28T11:36:10+08:00 ] ::1 /index.php/Admin/Login/df
ERR: 非法操作:df

[ 2016-08-28T11:37:02+08:00 ] ::1 /index.php/Admin/Login/df
ERR: 非法操作:df

[ 2016-08-28T11:37:15+08:00 ] ::1 /index.php/Admin/Login/df
ERR: 非法操作:df

[ 2016-08-28T11:38:43+08:00 ] ::1 /index.php/Admin/Login/df
ERR: 非法操作:df

[ 2016-08-28T11:40:49+08:00 ] ::1 /index.php/Admin/Login/df
ERR: 非法操作:df

[ 2016-08-28T11:41:07+08:00 ] ::1 /index.php/Admin/Login/df
ERR: 非法操作:df

[ 2016-08-28T11:41:42+08:00 ] ::1 /index.php/Admin/Login/df
ERR: 非法操作:df

[ 2016-08-28T11:42:08+08:00 ] ::1 /index.php/Admin/Login/df
ERR: 非法操作:df

[ 2016-08-28T11:42:33+08:00 ] ::1 /index.php/Admin/Login/df
ERR: 非法操作:df

[ 2016-08-28T11:43:34+08:00 ] ::1 /index.php/Admin/Login/df
ERR: 非法操作:df

[ 2016-08-28T11:45:45+08:00 ] ::1 /index.php/Admin/Login/df
ERR: 非法操作:df

[ 2016-08-28T11:46:39+08:00 ] ::1 /index.php/Admin/Login/df
ERR: 非法操作:df

[ 2016-08-28T11:47:11+08:00 ] ::1 /index.php/Admin/Login/df
ERR: 非法操作:df

[ 2016-08-28T11:48:06+08:00 ] ::1 /index.php/Admin/Login/df
ERR: 非法操作:df

[ 2016-08-28T11:48:22+08:00 ] ::1 /index.php/Admin/Login/df
ERR: 非法操作:df

[ 2016-08-28T11:49:34+08:00 ] ::1 /index.php/Admin/Login/df
ERR: 非法操作:df

[ 2016-08-28T11:49:54+08:00 ] ::1 /index.php/Admin/Login/df
ERR: 非法操作:df

[ 2016-08-28T11:50:00+08:00 ] ::1 /index.php/Admin/Login/df
ERR: 非法操作:df

[ 2016-08-28T11:50:33+08:00 ] ::1 /index.php/Admin/Login/df
ERR: 非法操作:df

[ 2016-08-28T11:51:13+08:00 ] ::1 /index.php/Admin/Login/df
ERR: 非法操作:df

[ 2016-08-28T11:51:43+08:00 ] ::1 /index.php/Admin/Login/df
ERR: 非法操作:df

[ 2016-08-28T11:52:28+08:00 ] ::1 /index.php/Admin/Login/df
ERR: 非法操作:df

[ 2016-08-28T11:54:35+08:00 ] ::1 /index.php/Admin/Login/df
ERR: 非法操作:df

[ 2016-08-28T11:55:23+08:00 ] ::1 /index.php/Admin/Login/df
ERR: 非法操作:df

[ 2016-08-28T11:55:34+08:00 ] ::1 /index.php/Admin/Login/df
ERR: 非法操作:df

[ 2016-08-28T11:55:50+08:00 ] ::1 /index.php/Admin/Login/df
ERR: 非法操作:df

[ 2016-08-28T11:56:07+08:00 ] ::1 /index.php/Admin/Login/df
ERR: 非法操作:df

[ 2016-08-28T11:56:29+08:00 ] ::1 /index.php/Admin/Login/df
ERR: 非法操作:df

[ 2016-08-28T11:57:03+08:00 ] ::1 /index.php/Admin/Login/df
ERR: 非法操作:df

[ 2016-08-28T11:59:41+08:00 ] ::1 /index.php/Admin/Login/df
ERR: 非法操作:df

[ 2016-08-28T12:02:13+08:00 ] ::1 /index.php/Admin/Login/df
ERR: 非法操作:df

[ 2016-08-28T12:02:51+08:00 ] ::1 /index.php/Admin/Login/df
ERR: 非法操作:df

[ 2016-08-28T12:02:59+08:00 ] ::1 /index.php/Admin/Login/df
ERR: 非法操作:df

[ 2016-08-28T12:04:31+08:00 ] ::1 /index.php/Admin/Login/df
ERR: 非法操作:df

[ 2016-08-28T12:05:35+08:00 ] ::1 /index.php/Admin/Login/df
ERR: 非法操作:df

[ 2016-08-28T12:05:58+08:00 ] ::1 /index.php/Admin/Login/df
ERR: 非法操作:df

[ 2016-08-28T12:06:31+08:00 ] ::1 /index.php/Admin/Login/df
ERR: 非法操作:df

[ 2016-08-28T12:06:49+08:00 ] ::1 /index.php/Admin/Login/df
ERR: 非法操作:df

[ 2016-08-28T12:07:28+08:00 ] ::1 /index.php/Admin/Login/df
ERR: 非法操作:df

[ 2016-08-28T12:07:58+08:00 ] ::1 /index.php/Admin/Login/df
ERR: 非法操作:df

[ 2016-08-28T12:08:40+08:00 ] ::1 /index.php/Admin/Login/df
ERR: 非法操作:df

[ 2016-08-28T12:09:57+08:00 ] ::1 /index.php/Admin/Login/df
ERR: 非法操作:df

[ 2016-08-28T12:12:31+08:00 ] ::1 /index.php/Admin/Login/df
ERR: 非法操作:df

[ 2016-08-28T12:15:24+08:00 ] ::1 /index.php/Admin/Login/df
ERR: 非法操作:df

[ 2016-08-28T12:22:12+08:00 ] ::1 /index.php/Admin/Login/df
ERR: 非法操作:df

[ 2016-08-28T12:22:46+08:00 ] ::1 /index.php/Admin/Login/df
ERR: 非法操作:df

[ 2016-08-28T12:23:39+08:00 ] ::1 /index.php/Admin/Login/df
ERR: 非法操作:df

[ 2016-08-28T12:24:28+08:00 ] ::1 /index.php/Admin/Login/df
ERR: 非法操作:df

[ 2016-08-28T13:19:21+08:00 ] ::1 /index.php/Admin/Login/creteVerify
ERR: 非法操作:creteVerify

[ 2016-08-28T13:22:42+08:00 ] ::1 /index.php/Admin/Login/creteVerify
ERR: 非法操作:creteVerify

[ 2016-08-28T13:22:46+08:00 ] ::1 /index.php/Admin/Login/df
ERR: 非法操作:df

[ 2016-08-28T13:22:59+08:00 ] ::1 /index.php/Admin/Login/MODULE_PATH
ERR: 非法操作:MODULE_PATH

[ 2016-08-28T13:23:19+08:00 ] ::1 /index.php/Admin/Login/%7BMODULE_PATH%7D
ERR: 非法操作:{MODULE_PATH}

[ 2016-08-28T13:23:57+08:00 ] ::1 /index.php/Admin/Login/MODULE_PATH%22%7BMODULE_PATH%7D%22
ERR: 非法操作:MODULE_PATH"{MODULE_PATH}"

[ 2016-08-28T13:26:44+08:00 ] ::1 /index.php/Admin/Login/createVerifyalt=%22%22
ERR: 非法操作:createVerifyalt=""

[ 2016-08-28T15:27:31+08:00 ] ::1 /index.php/Admin/Index
ERR: 模板不存在:./Blog/Admin/View/Index/index.html

[ 2016-08-28T17:16:41+08:00 ] ::1 /index.php/Admin/INdex
ERR: 无法加载控制器:INdex

[ 2016-08-28T19:05:22+08:00 ] ::1 /index.php/Admin/Index
ERR: 1064:You have an error in your SQL syntax; check the manual that corresponds to your MySQL server version for the right syntax to use near ') LIMIT 1' at line 1
 [ SQL语句 ] : SELECT `salt`,`password`,`id`,`username` FROM `blog_user` WHERE (  ) LIMIT 1  

[ 2016-08-28T19:05:59+08:00 ] ::1 /index.php/Admin/Index
ERR: 1064:You have an error in your SQL syntax; check the manual that corresponds to your MySQL server version for the right syntax to use near ') LIMIT 1' at line 1
 [ SQL语句 ] : SELECT `salt`,`password`,`id`,`username` FROM `blog_user` WHERE (  ) LIMIT 1  

[ 2016-08-28T19:06:07+08:00 ] ::1 /index.php
ERR: 1064:You have an error in your SQL syntax; check the manual that corresponds to your MySQL server version for the right syntax to use near ') LIMIT 1' at line 1
 [ SQL语句 ] : SELECT `salt`,`password`,`id`,`username` FROM `blog_user` WHERE (  ) LIMIT 1  

[ 2016-08-28T19:06:17+08:00 ] ::1 /
ERR: 1064:You have an error in your SQL syntax; check the manual that corresponds to your MySQL server version for the right syntax to use near ') LIMIT 1' at line 1
 [ SQL语句 ] : SELECT `salt`,`password`,`id`,`username` FROM `blog_user` WHERE (  ) LIMIT 1  

[ 2016-08-28T19:07:45+08:00 ] ::1 /
ERR: 1064:You have an error in your SQL syntax; check the manual that corresponds to your MySQL server version for the right syntax to use near ') LIMIT 1' at line 1
 [ SQL语句 ] : SELECT `salt`,`password`,`id`,`username` FROM `blog_user` WHERE (  ) LIMIT 1  

[ 2016-08-28T19:08:31+08:00 ] ::1 /
ERR: 1064:You have an error in your SQL syntax; check the manual that corresponds to your MySQL server version for the right syntax to use near ') LIMIT 1' at line 1
 [ SQL语句 ] : SELECT `salt`,`password`,`id`,`username` FROM `blog_user` WHERE (  ) LIMIT 1  

[ 2016-08-28T19:08:46+08:00 ] ::1 /
ERR: 1064:You have an error in your SQL syntax; check the manual that corresponds to your MySQL server version for the right syntax to use near ') LIMIT 1' at line 1
 [ SQL语句 ] : SELECT `salt`,`password`,`id`,`username` FROM `blog_user` WHERE (  ) LIMIT 1  

[ 2016-08-28T19:10:10+08:00 ] ::1 /
ERR: 1064:You have an error in your SQL syntax; check the manual that corresponds to your MySQL server version for the right syntax to use near ') LIMIT 1' at line 1
 [ SQL语句 ] : SELECT `salt`,`password`,`id`,`username` FROM `blog_user` WHERE (  ) LIMIT 1  

[ 2016-08-28T19:10:14+08:00 ] ::1 /
ERR: 1064:You have an error in your SQL syntax; check the manual that corresponds to your MySQL server version for the right syntax to use near ') LIMIT 1' at line 1
 [ SQL语句 ] : SELECT `salt`,`password`,`id`,`username` FROM `blog_user` WHERE (  ) LIMIT 1  

[ 2016-08-28T19:12:08+08:00 ] ::1 /
ERR: 1064:You have an error in your SQL syntax; check the manual that corresponds to your MySQL server version for the right syntax to use near ') LIMIT 1' at line 1
 [ SQL语句 ] : SELECT `salt`,`password`,`id`,`username` FROM `blog_user` WHERE (  ) LIMIT 1  

[ 2016-08-28T19:31:48+08:00 ] ::1 /
ERR: 1064:You have an error in your SQL syntax; check the manual that corresponds to your MySQL server version for the right syntax to use near ') LIMIT 1' at line 1
 [ SQL语句 ] : SELECT `salt`,`password`,`id`,`username` FROM `blog_user` WHERE (  ) LIMIT 1  

[ 2016-08-28T20:51:59+08:00 ] ::1 /index.php/Admin/Login/Login/index
ERR: 非法操作:Login

[ 2016-08-28T20:52:15+08:00 ] ::1 /index.php/Admin/Login/Login/index
ERR: 非法操作:Login

[ 2016-08-28T21:55:58+08:00 ] ::1 /index.php/Admin/Rbac
ERR: 1146:Table 'blog.blog_user_relation' doesn't exist
 [ SQL语句 ] : SHOW COLUMNS FROM `blog_user_relation`

[ 2016-08-28T21:58:34+08:00 ] ::1 /index.php/Admin/Rbac
ERR: 1146:Table 'blog.blog_user_relation' doesn't exist
 [ SQL语句 ] : SHOW COLUMNS FROM `blog_user_relation`

[ 2016-08-28T21:59:19+08:00 ] ::1 /index.php/Admin/Rbac
ERR: 1146:Table 'blog.blog_user_relation' doesn't exist
 [ SQL语句 ] : SHOW COLUMNS FROM `blog_user_relation`

[ 2016-08-28T22:07:58+08:00 ] ::1 /index.php/Admin/Rbac
ERR: 1054:Unknown column 'a.roleId' in 'where clause'
 [ SQL语句 ] : SELECT b.* FROM blog_role_user AS a, blog_role AS b WHERE a.roleId = b.role_id AND a. userId='1'

[ 2016-08-28T22:10:22+08:00 ] ::1 /index.php/Admin/Rbac
ERR: 1054:Unknown column 'a.roleId' in 'where clause'
 [ SQL语句 ] : SELECT b.* FROM blog_role_user AS a, blog_role AS b WHERE a.roleId = b.id AND a. userId='1'

[ 2016-08-28T22:11:48+08:00 ] ::1 /index.php/Admin/Rbac
ERR: 1054:Unknown column 'a.roleId' in 'where clause'
 [ SQL语句 ] : SELECT b.* FROM blog_role_user AS a, blog_role AS b WHERE a.roleId = b.id AND a. userId='1'

[ 2016-08-28T22:47:57+08:00 ] ::1 /index.php/Admin/Rbac
ERR: 模板不存在:./Blog/Admin/View/Rbac/index.html

[ 2016-08-28T22:48:50+08:00 ] ::1 /index.php/Admin/Rbac
ERR: 模板不存在:./Blog/Admin/View/Rbac/index.html

[ 2016-08-28T23:15:37+08:00 ] ::1 /index.php/Admin/Rbac/user
ERR: 非法操作:user

