[ 2016-09-13T16:28:05+08:00 ] ::1 /index.php/Admin/Article/editDraft/id/2
ERR: 模板不存在:./Blog/Admin/View/Article/editDraft.html

[ 2016-09-13T17:06:55+08:00 ] ::1 /index.php/Admin/Article/editDraft/id/2
ERR: 不存在的图像文件

[ 2016-09-13T18:44:18+08:00 ] ::1 /index.php/Admin/Article/editDraft/id/2
ERR: XML标签语法错误 : condition $article.visible eq 1

[ 2016-09-13T20:28:20+08:00 ] ::1 /index.php/Admin/Article/saveDraft
INFO: [ app_begin ] --START--
INFO: Run Behavior\ReadHtmlCacheBehavior [ RunTime:0.005611s ]
INFO: [ app_begin ] --END-- [ RunTime:0.007029s ]

[ 2016-09-13T20:28:23+08:00 ] ::1 /index.php/Admin/Article/saveDraft
INFO: [ app_begin ] --START--
INFO: Run Behavior\ReadHtmlCacheBehavior [ RunTime:0.001082s ]
INFO: [ app_begin ] --END-- [ RunTime:0.002116s ]

[ 2016-09-13T20:28:24+08:00 ] ::1 /index.php/Admin/Article/saveDraft
INFO: [ app_begin ] --START--
INFO: Run Behavior\ReadHtmlCacheBehavior [ RunTime:0.001637s ]
INFO: [ app_begin ] --END-- [ RunTime:0.003218s ]

[ 2016-09-13T20:28:24+08:00 ] ::1 /index.php/Admin/Article/saveDraft
INFO: [ app_begin ] --START--
INFO: Run Behavior\ReadHtmlCacheBehavior [ RunTime:0.002954s ]
INFO: [ app_begin ] --END-- [ RunTime:0.005141s ]

[ 2016-09-13T20:28:31+08:00 ] ::1 /index.php/Admin/Article/saveDraft/id/
INFO: [ app_begin ] --START--
INFO: Run Behavior\ReadHtmlCacheBehavior [ RunTime:0.002698s ]
INFO: [ app_begin ] --END-- [ RunTime:0.008929s ]

[ 2016-09-13T20:28:40+08:00 ] ::1 /index.php/Admin/Article/saveDraft/id/
INFO: [ app_begin ] --START--
INFO: Run Behavior\ReadHtmlCacheBehavior [ RunTime:0.002201s ]
INFO: [ app_begin ] --END-- [ RunTime:0.003664s ]

[ 2016-09-13T20:30:03+08:00 ] ::1 /index.php/Admin/Article/saveDraft/id/
INFO: [ app_begin ] --START--
INFO: Run Behavior\ReadHtmlCacheBehavior [ RunTime:0.001152s ]
INFO: [ app_begin ] --END-- [ RunTime:0.001990s ]

[ 2016-09-13T20:37:18+08:00 ] ::1 /index.php/Admin/Article/saveDraft/id/
INFO: [ app_begin ] --START--
INFO: Run Behavior\ReadHtmlCacheBehavior [ RunTime:0.003439s ]
INFO: [ app_begin ] --END-- [ RunTime:0.006122s ]

[ 2016-09-13T20:38:27+08:00 ] ::1 /index.php/Admin/Article/saveDraft/id/
INFO: [ app_begin ] --START--
INFO: Run Behavior\ReadHtmlCacheBehavior [ RunTime:0.001951s ]
INFO: [ app_begin ] --END-- [ RunTime:0.003363s ]

[ 2016-09-13T20:39:44+08:00 ] ::1 /index.php/Admin/Article/saveDraft/id/
INFO: [ app_begin ] --START--
INFO: Run Behavior\ReadHtmlCacheBehavior [ RunTime:0.001953s ]
INFO: [ app_begin ] --END-- [ RunTime:0.004142s ]

[ 2016-09-13T20:41:51+08:00 ] ::1 /index.php/Admin/Article/saveDraft/id/
INFO: [ app_begin ] --START--
INFO: Run Behavior\ReadHtmlCacheBehavior [ RunTime:0.003378s ]
INFO: [ app_begin ] --END-- [ RunTime:0.005252s ]

[ 2016-09-13T20:45:01+08:00 ] ::1 /index.php/Admin/Article/saveDraft/id/2
INFO: [ app_begin ] --START--
INFO: Run Behavior\ReadHtmlCacheBehavior [ RunTime:0.001602s ]
INFO: [ app_begin ] --END-- [ RunTime:0.002844s ]

[ 2016-09-13T20:45:47+08:00 ] ::1 /index.php/Admin/Article/saveDraft
INFO: [ app_begin ] --START--
INFO: Run Behavior\ReadHtmlCacheBehavior [ RunTime:0.001944s ]
INFO: [ app_begin ] --END-- [ RunTime:0.003862s ]

[ 2016-09-13T21:32:59+08:00 ] ::1 /index.php/Admin/Article/saveDraft/id/2
INFO: [ app_begin ] --START--
INFO: Run Behavior\ReadHtmlCacheBehavior [ RunTime:0.008233s ]
INFO: [ app_begin ] --END-- [ RunTime:0.010791s ]
SQL: SHOW COLUMNS FROM `blog_draft` [ RunTime:0.0019s ]
SQL: UPDATE `blog_draft` SET `title`='打发打发',`content`='{&quot;title&quot;:&quot;打发打发&quot;,&quot;summary&quot;:&quot;地方的方法过分过分&quot;,&quot;category&quot;:&quot;7&quot;,&quot;cover&quot;:&quot;&quot;,&quot;tag&quot;:&quot;对方当时对方的&quot;,&quot;visible&quot;:&quot;1&quot;,&quot;allowComment&quot;:&quot;1&quot;,&quot;content&quot;:&quot;&lt;p&gt;这里写你的初始化内容该方法反反复复方法反反复复方法反反复复方法反反复复反复反复&lt;/p&gt;&quot;}',`last_save_time`='2016-09-13 21:09:59' WHERE ( id='2' ) [ RunTime:0.0085s ]

[ 2016-09-13T21:34:34+08:00 ] ::1 /index.php/Admin/Article/saveDraft/id/2
INFO: [ app_begin ] --START--
INFO: Run Behavior\ReadHtmlCacheBehavior [ RunTime:0.002338s ]
INFO: [ app_begin ] --END-- [ RunTime:0.004743s ]
SQL: SHOW COLUMNS FROM `blog_draft` [ RunTime:0.0024s ]
SQL: UPDATE `blog_draft` SET `title`='打发打发让他让他突然',`content`='{&quot;title&quot;:&quot;打发打发让他让他突然&quot;,&quot;summary&quot;:&quot;地方的方法过分过分&quot;,&quot;category&quot;:&quot;7&quot;,&quot;cover&quot;:&quot;&quot;,&quot;tag&quot;:&quot;对方当时对方的&quot;,&quot;visible&quot;:&quot;1&quot;,&quot;allowComment&quot;:&quot;1&quot;,&quot;content&quot;:&quot;&lt;p&gt;这里写你的初始化内容该方法反反复复方法反反复复方法反反复复方法反反复复反复反复&lt;/p&gt;&quot;}',`last_save_time`='2016-09-13 21:09:34' WHERE ( id='2' ) [ RunTime:0.0024s ]

[ 2016-09-13T21:34:58+08:00 ] ::1 /index.php/Admin/Article/saveDraft/id/2
INFO: [ app_begin ] --START--
INFO: Run Behavior\ReadHtmlCacheBehavior [ RunTime:0.001724s ]
INFO: [ app_begin ] --END-- [ RunTime:0.004287s ]
SQL: SHOW COLUMNS FROM `blog_draft` [ RunTime:0.0020s ]
SQL: UPDATE `blog_draft` SET `title`='打发打发让他让他突然',`content`='{&quot;title&quot;:&quot;打发打发让他让他突然&quot;,&quot;summary&quot;:&quot;地方的方法过分过分&quot;,&quot;category&quot;:&quot;7&quot;,&quot;cover&quot;:&quot;&quot;,&quot;tag&quot;:&quot;对方当时对方的&quot;,&quot;visible&quot;:&quot;1&quot;,&quot;allowComment&quot;:&quot;1&quot;,&quot;content&quot;:&quot;&lt;p&gt;这里写你的初始化内容该方法反反复复方法反反复复方法反反复复方法反反复复反复反复&lt;/p&gt;&quot;}',`last_save_time`='2016-09-13 21:09:57' WHERE ( id='2' ) [ RunTime:0.0022s ]

[ 2016-09-13T21:36:35+08:00 ] ::1 /index.php/Admin/Article/saveDraft/id/2
INFO: [ app_begin ] --START--
INFO: Run Behavior\ReadHtmlCacheBehavior [ RunTime:0.002898s ]
INFO: [ app_begin ] --END-- [ RunTime:0.004911s ]
SQL: SHOW COLUMNS FROM `blog_draft` [ RunTime:0.0096s ]
SQL: UPDATE `blog_draft` SET `title`='打发打发让他让他突然',`content`='{&quot;title&quot;:&quot;打发打发让他让他突然&quot;,&quot;summary&quot;:&quot;地方的方法过分过分&quot;,&quot;category&quot;:&quot;7&quot;,&quot;cover&quot;:&quot;&quot;,&quot;tag&quot;:&quot;对方当时对方的&quot;,&quot;visible&quot;:&quot;1&quot;,&quot;allowComment&quot;:&quot;1&quot;,&quot;content&quot;:&quot;&lt;p&gt;这里写你的初始化内容该方法反反复复方法反反复复方法反反复复方法反反复复反复反复&lt;/p&gt;&quot;}',`last_save_time`='2016-09-13 21:09:35' WHERE ( id='2' ) [ RunTime:0.0028s ]

[ 2016-09-13T21:37:42+08:00 ] ::1 /index.php/Admin/Article/saveDraft/id/2
INFO: [ app_begin ] --START--
INFO: Run Behavior\ReadHtmlCacheBehavior [ RunTime:0.002301s ]
INFO: [ app_begin ] --END-- [ RunTime:0.003742s ]
SQL: SHOW COLUMNS FROM `blog_draft` [ RunTime:0.0054s ]
SQL: UPDATE `blog_draft` SET `title`='打发打发让他让他突然',`content`='{&quot;title&quot;:&quot;打发打发让他让他突然&quot;,&quot;summary&quot;:&quot;地方的方法过分过分&quot;,&quot;category&quot;:&quot;7&quot;,&quot;cover&quot;:&quot;&quot;,&quot;tag&quot;:&quot;对方当时对方的&quot;,&quot;visible&quot;:&quot;1&quot;,&quot;allowComment&quot;:&quot;1&quot;,&quot;content&quot;:&quot;&lt;p&gt;这里写你的初始化内容该方法反反复复方法反反复复方法反反复复方法反反复复反复反复发的方法的&lt;/p&gt;&quot;}',`last_save_time`='2016-09-13 21:09:41' WHERE ( id='2' ) [ RunTime:0.0022s ]

[ 2016-09-13T21:37:52+08:00 ] ::1 /index.php/Admin/Article/saveDraft/id/2
INFO: [ app_begin ] --START--
INFO: Run Behavior\ReadHtmlCacheBehavior [ RunTime:0.001784s ]
INFO: [ app_begin ] --END-- [ RunTime:0.003090s ]
SQL: SHOW COLUMNS FROM `blog_draft` [ RunTime:0.0026s ]
SQL: UPDATE `blog_draft` SET `title`='打发打发让他让他突然',`content`='{&quot;title&quot;:&quot;打发打发让他让他突然&quot;,&quot;summary&quot;:&quot;地方的方法过分过分&quot;,&quot;category&quot;:&quot;7&quot;,&quot;cover&quot;:&quot;&quot;,&quot;tag&quot;:&quot;对方当时对方的&quot;,&quot;visible&quot;:&quot;1&quot;,&quot;allowComment&quot;:&quot;1&quot;,&quot;content&quot;:&quot;&lt;p&gt;这里写你的初始化内容该方法反反复复方法反反复复方法反反复复方法反反复复反复反复发的方法的&lt;/p&gt;&quot;}',`last_save_time`='2016-09-13 21:09:52' WHERE ( id='2' ) [ RunTime:0.0010s ]

[ 2016-09-13T21:38:42+08:00 ] ::1 /index.php/Admin/Article/saveDraft/id/2
INFO: [ app_begin ] --START--
INFO: Run Behavior\ReadHtmlCacheBehavior [ RunTime:0.002840s ]
INFO: [ app_begin ] --END-- [ RunTime:0.005206s ]
SQL: SHOW COLUMNS FROM `blog_draft` [ RunTime:0.0024s ]
SQL: UPDATE `blog_draft` SET `title`='打发打发让他让他突然',`content`='{&quot;title&quot;:&quot;打发打发让他让他突然&quot;,&quot;summary&quot;:&quot;地方的方法过分过分发的&quot;,&quot;category&quot;:&quot;7&quot;,&quot;cover&quot;:&quot;&quot;,&quot;tag&quot;:&quot;对方当时对方的&quot;,&quot;visible&quot;:&quot;1&quot;,&quot;allowComment&quot;:&quot;1&quot;,&quot;content&quot;:&quot;&lt;p&gt;这里写你的初始化内容该方法反反复复方法反反复复方法反反复复方法反反复复反复反复发的方法的&lt;/p&gt;&quot;}',`last_save_time`='2016-09-13 21:09:42' WHERE ( id='2' ) [ RunTime:0.0016s ]

[ 2016-09-13T21:39:29+08:00 ] ::1 /index.php/Admin/Article/saveDraft/id/2
INFO: [ app_begin ] --START--
INFO: Run Behavior\ReadHtmlCacheBehavior [ RunTime:0.001849s ]
INFO: [ app_begin ] --END-- [ RunTime:0.003118s ]
SQL: SHOW COLUMNS FROM `blog_draft` [ RunTime:0.0018s ]
SQL: UPDATE `blog_draft` SET `title`='打发打发让他让他突然',`content`='{&quot;title&quot;:&quot;打发打发让他让他突然&quot;,&quot;summary&quot;:&quot;地方的方法过分过分发的&quot;,&quot;category&quot;:&quot;7&quot;,&quot;cover&quot;:&quot;&quot;,&quot;tag&quot;:&quot;对方当时对方的&quot;,&quot;visible&quot;:&quot;1&quot;,&quot;allowComment&quot;:&quot;1&quot;,&quot;content&quot;:&quot;&lt;p&gt;这里写你的初始化内容该方法反反复复方法反反复复方法反反复复方法反反复复反复反复发的方法的&lt;/p&gt;&quot;}',`last_save_time`='2016-09-13 21:09:29' WHERE ( id='2' ) [ RunTime:0.0012s ]

[ 2016-09-13T21:40:36+08:00 ] ::1 /index.php/Admin/Article/saveDraft/id/2
INFO: [ app_begin ] --START--
INFO: Run Behavior\ReadHtmlCacheBehavior [ RunTime:0.002371s ]
INFO: [ app_begin ] --END-- [ RunTime:0.004552s ]
SQL: SHOW COLUMNS FROM `blog_draft` [ RunTime:0.0078s ]
SQL: UPDATE `blog_draft` SET `title`='打发打发让他让他突然',`content`='{&quot;title&quot;:&quot;打发打发让他让他突然&quot;,&quot;summary&quot;:&quot;地方的方法过分过分发的&quot;,&quot;category&quot;:&quot;7&quot;,&quot;cover&quot;:&quot;&quot;,&quot;tag&quot;:&quot;对方当时对方的&quot;,&quot;visible&quot;:&quot;1&quot;,&quot;allowComment&quot;:&quot;1&quot;,&quot;content&quot;:&quot;&lt;p&gt;这里写你的初始化内容该方法反反复复方法反反复复方法反反复复方法反反复复反复反复发的方法的&lt;/p&gt;&quot;}',`last_save_time`='2016-09-13 21:09:36' WHERE ( id='2' ) [ RunTime:0.0014s ]

[ 2016-09-13T21:40:50+08:00 ] ::1 /index.php/Admin/Article/saveDraft/id/2
INFO: [ app_begin ] --START--
INFO: Run Behavior\ReadHtmlCacheBehavior [ RunTime:0.002139s ]
INFO: [ app_begin ] --END-- [ RunTime:0.003288s ]
SQL: SHOW COLUMNS FROM `blog_draft` [ RunTime:0.0016s ]
SQL: UPDATE `blog_draft` SET `title`='打发打发让他让他突然',`content`='{&quot;title&quot;:&quot;打发打发让他让他突然&quot;,&quot;summary&quot;:&quot;地方的方法过分过分发的&quot;,&quot;category&quot;:&quot;7&quot;,&quot;cover&quot;:&quot;&quot;,&quot;tag&quot;:&quot;对方当时对方的&quot;,&quot;visible&quot;:&quot;1&quot;,&quot;allowComment&quot;:&quot;1&quot;,&quot;content&quot;:&quot;&lt;p&gt;这里写你的初始化内容该方法反反复复方法反反复复方法反反复复方法反反复复反复反复发的方法的&lt;/p&gt;&quot;}',`last_save_time`='2016-09-13 21:09:50' WHERE ( id='2' ) [ RunTime:0.0011s ]

[ 2016-09-13T21:41:16+08:00 ] ::1 /index.php/Admin/Article/saveDraft/id/2
INFO: [ app_begin ] --START--
INFO: Run Behavior\ReadHtmlCacheBehavior [ RunTime:0.004035s ]
INFO: [ app_begin ] --END-- [ RunTime:0.006556s ]
SQL: SHOW COLUMNS FROM `blog_draft` [ RunTime:0.0020s ]
SQL: UPDATE `blog_draft` SET `title`='打发打发让他让他突然',`content`='{&quot;title&quot;:&quot;打发打发让他让他突然&quot;,&quot;summary&quot;:&quot;地方的方法过分过分发的&quot;,&quot;category&quot;:&quot;7&quot;,&quot;cover&quot;:&quot;&quot;,&quot;tag&quot;:&quot;对方当时对方的&quot;,&quot;visible&quot;:&quot;1&quot;,&quot;allowComment&quot;:&quot;1&quot;,&quot;content&quot;:&quot;&lt;p&gt;这里写你的初始化内容该方法反反复复方法反反复复方法反反复复方法反反复复反复反复发的方法的&lt;/p&gt;&quot;}',`last_save_time`='2016-09-13 21:09:16' WHERE ( id='2' ) [ RunTime:0.0013s ]

[ 2016-09-13T21:42:30+08:00 ] ::1 /index.php/Admin/Article/saveDraft/id/2
INFO: [ app_begin ] --START--
INFO: Run Behavior\ReadHtmlCacheBehavior [ RunTime:0.001781s ]
INFO: [ app_begin ] --END-- [ RunTime:0.003026s ]
SQL: SHOW COLUMNS FROM `blog_draft` [ RunTime:0.0017s ]
SQL: UPDATE `blog_draft` SET `title`='打发打发让他让他突然',`content`='{&quot;title&quot;:&quot;打发打发让他让他突然&quot;,&quot;summary&quot;:&quot;地方的方法过分过分发的&quot;,&quot;category&quot;:&quot;7&quot;,&quot;cover&quot;:&quot;&quot;,&quot;tag&quot;:&quot;对方当时对方的&quot;,&quot;visible&quot;:&quot;1&quot;,&quot;allowComment&quot;:&quot;1&quot;,&quot;content&quot;:&quot;&lt;p&gt;这里写你的初始化内容该方法反反复复方法反反复复方法反反复复方法反反复复反复反复发的方法的等丰富的&lt;/p&gt;&quot;}',`last_save_time`='2016-09-13 21:09:30' WHERE ( id='2' ) [ RunTime:0.0012s ]

[ 2016-09-13T21:43:21+08:00 ] ::1 /index.php/Admin/Article/saveDraft/id/2
INFO: [ app_begin ] --START--
INFO: Run Behavior\ReadHtmlCacheBehavior [ RunTime:0.002287s ]
INFO: [ app_begin ] --END-- [ RunTime:0.003528s ]
SQL: SHOW COLUMNS FROM `blog_draft` [ RunTime:0.0022s ]
SQL: UPDATE `blog_draft` SET `title`='打发打发让他让他突然',`content`='{&quot;title&quot;:&quot;打发打发让他让他突然&quot;,&quot;summary&quot;:&quot;地方的方法过分过分发的&quot;,&quot;category&quot;:&quot;7&quot;,&quot;cover&quot;:&quot;&quot;,&quot;tag&quot;:&quot;对方当时对方的&quot;,&quot;visible&quot;:&quot;1&quot;,&quot;allowComment&quot;:&quot;1&quot;,&quot;content&quot;:&quot;&lt;p&gt;这里写你的初始化内容该方法反反复复方法反反复复方法反反复复方法反反复复反复反复发的方法的等丰富的&lt;/p&gt;&quot;}',`last_save_time`='2016-09-13 21:09:21' WHERE ( id='2' ) [ RunTime:0.0011s ]

[ 2016-09-13T21:44:06+08:00 ] ::1 /index.php/Admin/Article/saveDraft/id/2
INFO: [ app_begin ] --START--
INFO: Run Behavior\ReadHtmlCacheBehavior [ RunTime:0.001881s ]
INFO: [ app_begin ] --END-- [ RunTime:0.003293s ]
SQL: SHOW COLUMNS FROM `blog_draft` [ RunTime:0.0017s ]
SQL: UPDATE `blog_draft` SET `title`='打发打发让他让他突然',`content`='{&quot;title&quot;:&quot;打发打发让他让他突然&quot;,&quot;summary&quot;:&quot;地方的方法过分过分发的&quot;,&quot;category&quot;:&quot;7&quot;,&quot;cover&quot;:&quot;&quot;,&quot;tag&quot;:&quot;对方当时对方的&quot;,&quot;visible&quot;:&quot;1&quot;,&quot;allowComment&quot;:&quot;1&quot;,&quot;content&quot;:&quot;&lt;p&gt;这里写你的初始化内容该方法反反复复方法反反复复方法反反复复方法反反复复反复反复发的方法的等丰富的&lt;/p&gt;&quot;}',`last_save_time`='2016-09-13 21:09:06' WHERE ( id='2' ) [ RunTime:0.0011s ]

[ 2016-09-13T21:44:15+08:00 ] ::1 /index.php/Admin/Article/saveDraft/id/2
INFO: [ app_begin ] --START--
INFO: Run Behavior\ReadHtmlCacheBehavior [ RunTime:0.001742s ]
INFO: [ app_begin ] --END-- [ RunTime:0.002943s ]
SQL: SHOW COLUMNS FROM `blog_draft` [ RunTime:0.0017s ]
SQL: UPDATE `blog_draft` SET `title`='打发打发让他让他突然',`content`='{&quot;title&quot;:&quot;打发打发让他让他突然&quot;,&quot;summary&quot;:&quot;地方的方法过分过分发的&quot;,&quot;category&quot;:&quot;7&quot;,&quot;cover&quot;:&quot;&quot;,&quot;tag&quot;:&quot;对方当时对方的&quot;,&quot;visible&quot;:&quot;1&quot;,&quot;allowComment&quot;:&quot;1&quot;,&quot;content&quot;:&quot;&lt;p&gt;这里写你的初始化内容该方法反反复复方法反反复复方法反反复复方法反反复复反复反复发的方法的等丰富的&lt;/p&gt;&quot;}',`last_save_time`='2016-09-13 21:09:15' WHERE ( id='2' ) [ RunTime:0.0011s ]

[ 2016-09-13T21:44:42+08:00 ] ::1 /index.php/Admin/Article/saveDraft/id/2
INFO: [ app_begin ] --START--
INFO: Run Behavior\ReadHtmlCacheBehavior [ RunTime:0.002314s ]
INFO: [ app_begin ] --END-- [ RunTime:0.003729s ]
SQL: SHOW COLUMNS FROM `blog_draft` [ RunTime:0.0015s ]
SQL: UPDATE `blog_draft` SET `title`='打发打发让他让他突然',`content`='{&quot;title&quot;:&quot;打发打发让他让他突然&quot;,&quot;summary&quot;:&quot;地方的方法过分过分发的&quot;,&quot;category&quot;:&quot;7&quot;,&quot;cover&quot;:&quot;&quot;,&quot;tag&quot;:&quot;对方当时对方的&quot;,&quot;visible&quot;:&quot;1&quot;,&quot;allowComment&quot;:&quot;1&quot;,&quot;content&quot;:&quot;&lt;p&gt;这里写你的初始化内容该方法反反复复方法反反复复方法反反复复方法反反复复反复反复发的方法的等丰富的&lt;/p&gt;&quot;}',`last_save_time`='2016-09-13 21:09:42' WHERE ( id='2' ) [ RunTime:0.0012s ]

[ 2016-09-13T21:44:47+08:00 ] ::1 /index.php/Admin/Article/saveDraft/id/2
INFO: [ app_begin ] --START--
INFO: Run Behavior\ReadHtmlCacheBehavior [ RunTime:0.002168s ]
INFO: [ app_begin ] --END-- [ RunTime:0.003937s ]
SQL: SHOW COLUMNS FROM `blog_draft` [ RunTime:0.0015s ]
SQL: UPDATE `blog_draft` SET `title`='打发打发让他让他突然',`content`='{&quot;title&quot;:&quot;打发打发让他让他突然&quot;,&quot;summary&quot;:&quot;地方的方法过分过分发的&quot;,&quot;category&quot;:&quot;7&quot;,&quot;cover&quot;:&quot;&quot;,&quot;tag&quot;:&quot;对方当时对方的&quot;,&quot;visible&quot;:&quot;1&quot;,&quot;allowComment&quot;:&quot;1&quot;,&quot;content&quot;:&quot;&lt;p&gt;这里写你的初始化内容该方法反反复复方法反反复复方法反反复复方法反反复复反复反复发的方法的等丰富的&lt;/p&gt;&quot;}',`last_save_time`='2016-09-13 21:09:47' WHERE ( id='2' ) [ RunTime:0.0010s ]

[ 2016-09-13T21:44:57+08:00 ] ::1 /index.php/Admin/Article/saveDraft/id/2
INFO: [ app_begin ] --START--
INFO: Run Behavior\ReadHtmlCacheBehavior [ RunTime:0.002934s ]
INFO: [ app_begin ] --END-- [ RunTime:0.004381s ]
SQL: SHOW COLUMNS FROM `blog_draft` [ RunTime:0.0016s ]
SQL: UPDATE `blog_draft` SET `title`='打发打发让他让他突然dfdfdf ',`content`='{&quot;title&quot;:&quot;打发打发让他让他突然dfdfdf &quot;,&quot;summary&quot;:&quot;地方的方法过分过分发的&quot;,&quot;category&quot;:&quot;7&quot;,&quot;cover&quot;:&quot;&quot;,&quot;tag&quot;:&quot;对方当时对方的&quot;,&quot;visible&quot;:&quot;1&quot;,&quot;allowComment&quot;:&quot;1&quot;,&quot;content&quot;:&quot;&lt;p&gt;这里写你的初始化内容该方法反反复复方法反反复复方法反反复复方法反反复复反复反复发的方法的等丰富的&lt;/p&gt;&quot;}',`last_save_time`='2016-09-13 21:09:57' WHERE ( id='2' ) [ RunTime:0.0012s ]

[ 2016-09-13T21:52:53+08:00 ] ::1 /index.php/Admin/Article/saveDraft
INFO: [ app_begin ] --START--
INFO: Run Behavior\ReadHtmlCacheBehavior [ RunTime:0.002190s ]
INFO: [ app_begin ] --END-- [ RunTime:0.003719s ]
SQL: SHOW COLUMNS FROM `blog_draft` [ RunTime:0.0021s ]
SQL: INSERT INTO `blog_draft` (`title`,`content`,`last_save_time`) VALUES ('fggfgf','{&quot;title&quot;:&quot;fggfgf&quot;,&quot;summary&quot;:&quot;gfgfgfgfgf&quot;,&quot;category&quot;:&quot;5&quot;,&quot;cover&quot;:&quot;/uploads/temp/57d804b325a56.png&quot;,&quot;tag&quot;:&quot;&quot;,&quot;visible&quot;:&quot;1&quot;,&quot;allowComment&quot;:&quot;1&quot;,&quot;content&quot;:&quot;&lt;p&gt;这里写你的初始化内容&lt;/p&gt;&quot;}','2016-09-13 21:09:52') [ RunTime:0.0053s ]

[ 2016-09-13T21:53:12+08:00 ] ::1 /index.php/Admin/Article/saveDraft/id/3
INFO: [ app_begin ] --START--
INFO: Run Behavior\ReadHtmlCacheBehavior [ RunTime:0.002397s ]
INFO: [ app_begin ] --END-- [ RunTime:0.003984s ]
SQL: SHOW COLUMNS FROM `blog_draft` [ RunTime:0.0017s ]
SQL: UPDATE `blog_draft` SET `title`='fggfgf',`content`='{&quot;title&quot;:&quot;fggfgf&quot;,&quot;summary&quot;:&quot;gfgfgfgfgfdfdfdfdf&quot;,&quot;category&quot;:&quot;5&quot;,&quot;cover&quot;:&quot;/uploads/temp/57d804b325a56.png&quot;,&quot;tag&quot;:&quot;&quot;,&quot;visible&quot;:&quot;1&quot;,&quot;allowComment&quot;:&quot;1&quot;,&quot;content&quot;:&quot;&lt;p&gt;这里写你的初始化内容&lt;/p&gt;&quot;}',`last_save_time`='2016-09-13 21:09:12' WHERE ( id='3' ) [ RunTime:0.0081s ]

[ 2016-09-13T21:53:47+08:00 ] ::1 /index.php/Admin/Article/saveDraft
INFO: [ app_begin ] --START--
INFO: Run Behavior\ReadHtmlCacheBehavior [ RunTime:0.001411s ]
INFO: [ app_begin ] --END-- [ RunTime:0.002928s ]
SQL: SHOW COLUMNS FROM `blog_draft` [ RunTime:0.0020s ]
SQL: INSERT INTO `blog_draft` (`title`,`content`,`last_save_time`) VALUES ('','{&quot;title&quot;:&quot;&quot;,&quot;summary&quot;:&quot;&quot;,&quot;cover&quot;:&quot;&quot;,&quot;tag&quot;:&quot;&quot;,&quot;visible&quot;:&quot;1&quot;,&quot;allowComment&quot;:&quot;1&quot;,&quot;content&quot;:&quot;&lt;p&gt;这里写你的初始化内容&lt;/p&gt;&quot;}','2016-09-13 21:09:47') [ RunTime:0.0012s ]

[ 2016-09-13T21:55:45+08:00 ] ::1 /index.php/Admin/Article/saveDraft
INFO: [ app_begin ] --START--
INFO: Run Behavior\ReadHtmlCacheBehavior [ RunTime:0.003724s ]
INFO: [ app_begin ] --END-- [ RunTime:0.009646s ]
SQL: SHOW COLUMNS FROM `blog_draft` [ RunTime:0.0023s ]
SQL: INSERT INTO `blog_draft` (`title`,`content`,`last_save_time`) VALUES ('sdsddsds','{&quot;title&quot;:&quot;sdsddsds&quot;,&quot;summary&quot;:&quot;&quot;,&quot;cover&quot;:&quot;&quot;,&quot;tag&quot;:&quot;&quot;,&quot;visible&quot;:&quot;1&quot;,&quot;allowComment&quot;:&quot;1&quot;,&quot;content&quot;:&quot;&lt;p&gt;这里写你的初始化内容&lt;/p&gt;&quot;}','2016-09-13 21:09:45') [ RunTime:0.0013s ]

[ 2016-09-13T23:03:07+08:00 ] ::1 /index.php/Admin/Article/index
ERR: 1064:You have an error in your SQL syntax; check the manual that corresponds to your MySQL server version for the right syntax to use near '.id' at line 1
 [ SQL语句 ] : SELECT * FROM `blog_article` LEFT JOIN blog_article.category_id = blog_user.id  

[ 2016-09-13T23:04:09+08:00 ] ::1 /index.php/Admin/Article/index
ERR: 1066:Not unique table/alias: 'blog_article'
 [ SQL语句 ] : SELECT * FROM `blog_article` LEFT JOIN blog_article  ON blog_article.category_id = blog_user.id  

[ 2016-09-13T23:11:05+08:00 ] ::1 /index.php/Admin/Article/index
ERR: 1054:Unknown column '__user__.username' in 'field list'
 [ SQL语句 ] : SELECT __user__.username FROM `blog_article` LEFT JOIN blog_user  ON blog_article.user_id = blog_user.id  

[ 2016-09-13T23:11:34+08:00 ] ::1 /index.php/Admin/Article/index
ERR: 1054:Unknown column '__USER__.username' in 'field list'
 [ SQL语句 ] : SELECT __USER__.username FROM `blog_article` LEFT JOIN blog_user  ON blog_article.user_id = blog_user.id  

[ 2016-09-13T23:12:03+08:00 ] ::1 /index.php/Admin/Article/index
ERR: 1054:Unknown column '__USER__.username' in 'field list'
 [ SQL语句 ] : SELECT __USER__.username FROM `blog_article` LEFT JOIN blog_user  ON blog_article.user_id = blog_user.id  

[ 2016-09-13T23:17:26+08:00 ] ::1 /index.php/Admin/Article/index
ERR: 1054:Unknown column '' in 'field list'
 [ SQL语句 ] : SELECT blog_user.username,blog_category.name,`` FROM `blog_article` LEFT JOIN blog_user  ON blog_article.user_id = blog_user.id LEFT JOIN blog_category ON blog_article.category_id = blog_category.id  

[ 2016-09-13T23:18:06+08:00 ] ::1 /index.php/Admin/Article/index
ERR: 1054:Unknown column '' in 'field list'
 [ SQL语句 ] : SELECT blog_user.username,blog_category.name,`` FROM `blog_article` LEFT JOIN blog_user ON blog_article.user_id = blog_user.id LEFT JOIN blog_category ON blog_article.category_id = blog_category.id  

[ 2016-09-13T23:20:02+08:00 ] ::1 /index.php/Admin/Article/index
ERR: 1054:Unknown column '' in 'field list'
 [ SQL语句 ] : SELECT blog_user.username,blog_category.name,`` FROM `blog_article` LEFT JOIN blog_user ON blog_article.user_id = blog_user.id LEFT JOIN blog_category ON blog_article.category_id = blog_category.id  

