[ 2016-09-14T00:00:19+08:00 ] ::1 /index.php/Admin/Pictrue/index
ERR: 无法加载控制器:Pictrue

[ 2016-09-14T15:05:04+08:00 ] ::1 /index.php/Admin/Article/editAtricle/id/1
ERR: 非法操作:editAtricle

[ 2016-09-14T15:05:20+08:00 ] ::1 /index.php/Admin/Article/editAtricle/id/1
ERR: 非法操作:editAtricle

[ 2016-09-14T15:05:57+08:00 ] ::1 /index.php/Admin/Article/editAtricle/id/8
ERR: 非法操作:editAtricle

[ 2016-09-14T16:14:36+08:00 ] ::1 /index.php/Admin/Article/editAtricle/id/2
ERR: 非法操作:editAtricle

[ 2016-09-14T16:15:20+08:00 ] ::1 /index.php/Admin/Article/editAtricle/id/2
ERR: 非法操作:editAtricle

[ 2016-09-14T16:29:39+08:00 ] ::1 /index.php/Admin/Article/editArticle/id/8
ERR: 1052:Column 'id' in where clause is ambiguous
 [ SQL语句 ] : SELECT * FROM `blog_article` right join blog_tag on blog_article.id = blog_tag.article_id  WHERE ( id='8' ) 

[ 2016-09-14T16:50:34+08:00 ] ::1 /index.php/Admin/Article/editArticle/id/4
ERR: Think\Model:Relation方法不存在！

[ 2016-09-14T16:50:47+08:00 ] ::1 /index.php/Admin/Article/editArticle/id/4
ERR: Think\Model:Relation方法不存在！

[ 2016-09-14T16:50:50+08:00 ] ::1 /index.php/Admin/Article/editArticle/id/4
ERR: Think\Model:Relation方法不存在！

[ 2016-09-14T17:56:10+08:00 ] ::1 /index.php/Admin/Article/editArticle/id/4
ERR: Think\Model:getArticle方法不存在！

[ 2016-09-14T18:42:41+08:00 ] ::1 /index.php/Admin/Article/saveDraft/id/6
INFO: [ app_begin ] --START--
INFO: Run Behavior\ReadHtmlCacheBehavior [ RunTime:0.002435s ]
INFO: [ app_begin ] --END-- [ RunTime:0.003690s ]
SQL: SHOW COLUMNS FROM `blog_draft` [ RunTime:0.0026s ]
SQL: UPDATE `blog_draft` SET `title`='DFDFdffd',`content`='{&quot;title&quot;:&quot;DFDFdffd&quot;,&quot;summary&quot;:&quot;fddfdfsf&quot;,&quot;category&quot;:&quot;5&quot;,&quot;cover&quot;:&quot;/uploads/cover/2016-09/11/57d55239257d8.jpg&quot;,&quot;tag&quot;:&quot;dfdfdf&quot;,&quot;visible&quot;:&quot;1&quot;,&quot;content&quot;:&quot;&lt;p&gt;这里写你的初始化内容dfffffffffffffffffffffffffffffff&lt;/p&gt;&quot;}',`last_save_time`='2016-09-14 18:09:41' WHERE ( id='6' ) [ RunTime:0.0013s ]

[ 2016-09-14T18:43:15+08:00 ] ::1 /index.php/Admin/Article/saveDraft/id/2
INFO: [ app_begin ] --START--
INFO: Run Behavior\ReadHtmlCacheBehavior [ RunTime:0.002079s ]
INFO: [ app_begin ] --END-- [ RunTime:0.003301s ]
SQL: SHOW COLUMNS FROM `blog_draft` [ RunTime:0.0018s ]
SQL: UPDATE `blog_draft` SET `title`='二二二二二二',`content`='{&quot;title&quot;:&quot;二二二二二二&quot;,&quot;summary&quot;:&quot;二二二&quot;,&quot;cover&quot;:&quot;/uploads/cover/2016-09/11/57d54ff0d4b94.jpg&quot;,&quot;tag&quot;:&quot;fddfdf|地方大幅度|对方的付费的打发打发&quot;,&quot;visible&quot;:&quot;1&quot;,&quot;content&quot;:&quot;&lt;p&gt;这里写你的初始化内容sdsdsdddddddddddddddddd&lt;/p&gt;&quot;}',`last_save_time`='2016-09-14 18:09:15' WHERE ( id='2' ) [ RunTime:0.0066s ]

[ 2016-09-14T18:43:41+08:00 ] ::1 /index.php/Admin/Article/saveDraft/id/2
INFO: [ app_begin ] --START--
INFO: Run Behavior\ReadHtmlCacheBehavior [ RunTime:0.002018s ]
INFO: [ app_begin ] --END-- [ RunTime:0.003372s ]
SQL: SHOW COLUMNS FROM `blog_draft` [ RunTime:0.0020s ]
SQL: UPDATE `blog_draft` SET `title`='二二二二二二',`content`='{&quot;title&quot;:&quot;二二二二二二&quot;,&quot;summary&quot;:&quot;二二二&quot;,&quot;cover&quot;:&quot;/uploads/cover/2016-09/11/57d54ff0d4b94.jpg&quot;,&quot;tag&quot;:&quot;fddfdf|地方大幅度|对方的付费的打发打发&quot;,&quot;visible&quot;:&quot;1&quot;,&quot;content&quot;:&quot;&lt;p&gt;这里写你的初始化内容sdsdsdddddddddddddddddd&lt;/p&gt;&quot;}',`last_save_time`='2016-09-14 18:09:41' WHERE ( id='2' ) [ RunTime:0.0011s ]

[ 2016-09-14T18:45:30+08:00 ] ::1 /index.php/Admin/Article/addDraft/id/7
INFO: [ app_begin ] --START--
INFO: Run Behavior\ReadHtmlCacheBehavior [ RunTime:0.005670s ]
INFO: [ app_begin ] --END-- [ RunTime:0.009081s ]
ERR: 非法操作:addDraft

[ 2016-09-14T18:45:48+08:00 ] ::1 /index.php/Admin/Article/addDraft/id/7
INFO: [ app_begin ] --START--
INFO: Run Behavior\ReadHtmlCacheBehavior [ RunTime:0.001685s ]
INFO: [ app_begin ] --END-- [ RunTime:0.002949s ]
ERR: 非法操作:addDraft

[ 2016-09-14T18:47:33+08:00 ] ::1 /index.php/Admin/Article/addDraft/id/7
INFO: [ app_begin ] --START--
INFO: Run Behavior\ReadHtmlCacheBehavior [ RunTime:0.001916s ]
INFO: [ app_begin ] --END-- [ RunTime:0.003053s ]
ERR: 非法操作:addDraft

[ 2016-09-14T18:47:50+08:00 ] ::1 /index.php/Admin/Article/saveDraft
INFO: [ app_begin ] --START--
INFO: Run Behavior\ReadHtmlCacheBehavior [ RunTime:0.001700s ]
INFO: [ app_begin ] --END-- [ RunTime:0.003149s ]
SQL: SHOW COLUMNS FROM `blog_draft` [ RunTime:0.0015s ]
SQL: INSERT INTO `blog_draft` (`title`,`content`,`last_save_time`) VALUES ('问斩','{&quot;title&quot;:&quot;问斩&quot;,&quot;summary&quot;:&quot;速度速度速度开始&quot;,&quot;category&quot;:&quot;4&quot;,&quot;cover&quot;:&quot;/uploads/cover/2016-09/12/57d58b8d01149.png&quot;,&quot;tag&quot;:&quot;&quot;,&quot;visible&quot;:&quot;1&quot;,&quot;content&quot;:&quot;&lt;p&gt;这里写你的初始化内容&lt;/p&gt;&quot;}','2016-09-14 18:09:50') [ RunTime:0.0010s ]

[ 2016-09-14T18:48:56+08:00 ] ::1 /index.php/Admin/Article/saveDraft
INFO: [ app_begin ] --START--
INFO: Run Behavior\ReadHtmlCacheBehavior [ RunTime:0.002786s ]
INFO: [ app_begin ] --END-- [ RunTime:0.004759s ]
SQL: SHOW COLUMNS FROM `blog_draft` [ RunTime:0.0015s ]
SQL: INSERT INTO `blog_draft` (`title`,`content`,`last_save_time`) VALUES ('DFDFdffd','{&quot;title&quot;:&quot;DFDFdffd&quot;,&quot;summary&quot;:&quot;fddfdfsf&quot;,&quot;category&quot;:&quot;5&quot;,&quot;cover&quot;:&quot;/uploads/cover/2016-09/11/57d55239257d8.jpg&quot;,&quot;tag&quot;:&quot;dfdfdf、发的辅导费&quot;,&quot;visible&quot;:&quot;1&quot;,&quot;content&quot;:&quot;&lt;p&gt;这里写你的初始化内容dfffffffffffffffffffffffffffffff&lt;/p&gt;&quot;}','2016-09-14 18:09:56') [ RunTime:0.0011s ]

[ 2016-09-14T18:49:16+08:00 ] ::1 /index.php/Admin/Article/saveDraft
INFO: [ app_begin ] --START--
INFO: Run Behavior\ReadHtmlCacheBehavior [ RunTime:0.001983s ]
INFO: [ app_begin ] --END-- [ RunTime:0.003090s ]
SQL: SHOW COLUMNS FROM `blog_draft` [ RunTime:0.0016s ]
SQL: INSERT INTO `blog_draft` (`title`,`content`,`last_save_time`) VALUES ('DFDFdffd','{&quot;title&quot;:&quot;DFDFdffd&quot;,&quot;summary&quot;:&quot;fddfdfsf&quot;,&quot;category&quot;:&quot;5&quot;,&quot;cover&quot;:&quot;/uploads/cover/2016-09/11/57d55239257d8.jpg&quot;,&quot;tag&quot;:&quot;dfdfdf、发的辅导费&quot;,&quot;visible&quot;:&quot;1&quot;,&quot;content&quot;:&quot;&lt;p&gt;这里写你的初始化内容dfffffffffffffffffffffffffffffff&lt;/p&gt;&quot;}','2016-09-14 18:09:16') [ RunTime:0.0009s ]

[ 2016-09-14T18:53:48+08:00 ] ::1 /index.php/Admin/Article/saveDraft
INFO: [ app_begin ] --START--
INFO: Run Behavior\ReadHtmlCacheBehavior [ RunTime:0.002202s ]
INFO: [ app_begin ] --END-- [ RunTime:0.003418s ]
SQL: SHOW COLUMNS FROM `blog_draft` [ RunTime:0.0016s ]
SQL: INSERT INTO `blog_draft` (`title`,`content`,`last_save_time`) VALUES ('DFDFdffd','{&quot;title&quot;:&quot;DFDFdffd&quot;,&quot;summary&quot;:&quot;fddfdfsf&quot;,&quot;category&quot;:&quot;5&quot;,&quot;cover&quot;:&quot;/uploads/cover/2016-09/11/57d55239257d8.jpg&quot;,&quot;tag&quot;:&quot;dfdfdf&quot;,&quot;visible&quot;:&quot;1&quot;,&quot;content&quot;:&quot;&lt;p&gt;这里写你的初始化内容dfffffffffffffffffffffffffffffff&lt;/p&gt;&quot;}','2016-09-14 18:09:48') [ RunTime:0.0008s ]

[ 2016-09-14T18:54:42+08:00 ] ::1 /index.php/Admin/Article/saveDraft
INFO: [ app_begin ] --START--
INFO: Run Behavior\ReadHtmlCacheBehavior [ RunTime:0.001539s ]
INFO: [ app_begin ] --END-- [ RunTime:0.002480s ]
SQL: SHOW COLUMNS FROM `blog_draft` [ RunTime:0.0019s ]
SQL: INSERT INTO `blog_draft` (`title`,`content`,`last_save_time`) VALUES ('问斩','{&quot;title&quot;:&quot;问斩&quot;,&quot;summary&quot;:&quot;速度速度速度开始&quot;,&quot;category&quot;:&quot;4&quot;,&quot;cover&quot;:&quot;/uploads/cover/2016-09/12/57d58b8d01149.png&quot;,&quot;tag&quot;:&quot;&quot;,&quot;visible&quot;:&quot;1&quot;,&quot;content&quot;:&quot;&lt;p&gt;这里写你的初始化内容&lt;/p&gt;&quot;}','2016-09-14 18:09:42') [ RunTime:0.0009s ]

[ 2016-09-14T18:55:11+08:00 ] ::1 /index.php/Admin/Article/saveDraft
INFO: [ app_begin ] --START--
INFO: Run Behavior\ReadHtmlCacheBehavior [ RunTime:0.002537s ]
INFO: [ app_begin ] --END-- [ RunTime:0.003870s ]
SQL: SHOW COLUMNS FROM `blog_draft` [ RunTime:0.0018s ]
SQL: INSERT INTO `blog_draft` (`title`,`content`,`last_save_time`) VALUES ('问斩','{&quot;title&quot;:&quot;问斩&quot;,&quot;summary&quot;:&quot;速度速度速度开始&quot;,&quot;category&quot;:&quot;4&quot;,&quot;cover&quot;:&quot;/uploads/cover/2016-09/12/57d58b8d01149.png&quot;,&quot;tag&quot;:&quot;&quot;,&quot;visible&quot;:&quot;1&quot;,&quot;content&quot;:&quot;&lt;p&gt;这里写你的初始化内容&lt;/p&gt;&quot;}','2016-09-14 18:09:11') [ RunTime:0.0010s ]

[ 2016-09-14T18:56:13+08:00 ] ::1 /index.php/Admin/Article/saveDraft
INFO: [ app_begin ] --START--
INFO: Run Behavior\ReadHtmlCacheBehavior [ RunTime:0.002574s ]
INFO: [ app_begin ] --END-- [ RunTime:0.004585s ]
SQL: SHOW COLUMNS FROM `blog_draft` [ RunTime:0.0018s ]
SQL: INSERT INTO `blog_draft` (`title`,`content`,`last_save_time`) VALUES ('问斩','{&quot;title&quot;:&quot;问斩&quot;,&quot;summary&quot;:&quot;速度速度速度开始&quot;,&quot;category&quot;:&quot;4&quot;,&quot;cover&quot;:&quot;/uploads/cover/2016-09/12/57d58b8d01149.png&quot;,&quot;tag&quot;:&quot;&quot;,&quot;visible&quot;:&quot;1&quot;,&quot;content&quot;:&quot;&lt;p&gt;这里写你的初始化内容&lt;/p&gt;&quot;}','2016-09-14 18:09:13') [ RunTime:0.0012s ]

[ 2016-09-14T18:57:17+08:00 ] ::1 /index.php/Admin/Article/saveDraft
INFO: [ app_begin ] --START--
INFO: Run Behavior\ReadHtmlCacheBehavior [ RunTime:0.001792s ]
INFO: [ app_begin ] --END-- [ RunTime:0.003089s ]
SQL: SHOW COLUMNS FROM `blog_draft` [ RunTime:0.0021s ]
SQL: INSERT INTO `blog_draft` (`title`,`content`,`last_save_time`) VALUES ('问斩','{&quot;title&quot;:&quot;问斩&quot;,&quot;summary&quot;:&quot;速度速度速度开始&quot;,&quot;category&quot;:&quot;4&quot;,&quot;cover&quot;:&quot;/uploads/cover/2016-09/12/57d58b8d01149.png&quot;,&quot;tag&quot;:&quot;&quot;,&quot;visible&quot;:&quot;1&quot;,&quot;content&quot;:&quot;&lt;p&gt;这里写你的初始化内容&lt;/p&gt;&quot;}','2016-09-14 18:09:17') [ RunTime:0.0011s ]

[ 2016-09-14T18:57:31+08:00 ] ::1 /index.php/Admin/Article/saveDraft
INFO: [ app_begin ] --START--
INFO: Run Behavior\ReadHtmlCacheBehavior [ RunTime:0.001857s ]
INFO: [ app_begin ] --END-- [ RunTime:0.003028s ]
SQL: SHOW COLUMNS FROM `blog_draft` [ RunTime:0.0020s ]
SQL: INSERT INTO `blog_draft` (`title`,`content`,`last_save_time`) VALUES ('问斩','{&quot;title&quot;:&quot;问斩&quot;,&quot;summary&quot;:&quot;速度速度速度开始&quot;,&quot;category&quot;:&quot;4&quot;,&quot;cover&quot;:&quot;/uploads/cover/2016-09/12/57d58b8d01149.png&quot;,&quot;tag&quot;:&quot;&quot;,&quot;visible&quot;:&quot;1&quot;,&quot;content&quot;:&quot;&lt;p&gt;这里写你的初始化内容&lt;/p&gt;&quot;}','2016-09-14 18:09:31') [ RunTime:0.0008s ]

[ 2016-09-14T18:57:59+08:00 ] ::1 /index.php/Admin/Article/saveDraft
INFO: [ app_begin ] --START--
INFO: Run Behavior\ReadHtmlCacheBehavior [ RunTime:0.001641s ]
INFO: [ app_begin ] --END-- [ RunTime:0.002740s ]
SQL: SHOW COLUMNS FROM `blog_draft` [ RunTime:0.0019s ]
SQL: INSERT INTO `blog_draft` (`title`,`content`,`last_save_time`) VALUES ('问斩','{&quot;title&quot;:&quot;问斩&quot;,&quot;summary&quot;:&quot;速度速度速度开始&quot;,&quot;category&quot;:&quot;4&quot;,&quot;cover&quot;:&quot;/uploads/cover/2016-09/12/57d58b8d01149.png&quot;,&quot;tag&quot;:&quot;&quot;,&quot;visible&quot;:&quot;1&quot;,&quot;content&quot;:&quot;&lt;p&gt;这里写你的初始化内容&lt;/p&gt;&quot;}','2016-09-14 18:09:58') [ RunTime:0.0009s ]

[ 2016-09-14T18:59:05+08:00 ] ::1 /index.php/Admin/Article/saveDraft
INFO: [ app_begin ] --START--
INFO: Run Behavior\ReadHtmlCacheBehavior [ RunTime:0.002139s ]
INFO: [ app_begin ] --END-- [ RunTime:0.003469s ]
SQL: SHOW COLUMNS FROM `blog_draft` [ RunTime:0.0019s ]
SQL: INSERT INTO `blog_draft` (`title`,`content`,`last_save_time`) VALUES ('问斩','{&quot;title&quot;:&quot;问斩&quot;,&quot;summary&quot;:&quot;速度速度速度开始&quot;,&quot;category&quot;:&quot;4&quot;,&quot;cover&quot;:&quot;/uploads/cover/2016-09/12/57d58b8d01149.png&quot;,&quot;tag&quot;:&quot;&quot;,&quot;visible&quot;:&quot;1&quot;,&quot;content&quot;:&quot;&lt;p&gt;这里写你的初始化内容&lt;/p&gt;&quot;}','2016-09-14 18:09:05') [ RunTime:0.0008s ]

[ 2016-09-14T18:59:09+08:00 ] ::1 /index.php/Admin/Article/saveDraft
INFO: [ app_begin ] --START--
INFO: Run Behavior\ReadHtmlCacheBehavior [ RunTime:0.002435s ]
INFO: [ app_begin ] --END-- [ RunTime:0.003989s ]
SQL: SHOW COLUMNS FROM `blog_draft` [ RunTime:0.0016s ]
SQL: INSERT INTO `blog_draft` (`title`,`content`,`last_save_time`) VALUES ('问斩','{&quot;title&quot;:&quot;问斩&quot;,&quot;summary&quot;:&quot;速度速度速度开始&quot;,&quot;category&quot;:&quot;4&quot;,&quot;cover&quot;:&quot;/uploads/cover/2016-09/12/57d58b8d01149.png&quot;,&quot;tag&quot;:&quot;&quot;,&quot;visible&quot;:&quot;1&quot;,&quot;content&quot;:&quot;&lt;p&gt;这里写你的初始化内容&lt;/p&gt;&quot;}','2016-09-14 18:09:09') [ RunTime:0.0007s ]

[ 2016-09-14T18:59:48+08:00 ] ::1 /index.php/Admin/Article/saveDraft/id/17
INFO: [ app_begin ] --START--
INFO: Run Behavior\ReadHtmlCacheBehavior [ RunTime:0.002144s ]
INFO: [ app_begin ] --END-- [ RunTime:0.003792s ]
SQL: SHOW COLUMNS FROM `blog_draft` [ RunTime:0.0017s ]
SQL: UPDATE `blog_draft` SET `title`='问斩更丰富反复反复反复反反复复',`content`='{&quot;title&quot;:&quot;问斩更丰富反复反复反复反反复复&quot;,&quot;summary&quot;:&quot;速度速度速度开始&quot;,&quot;category&quot;:&quot;4&quot;,&quot;cover&quot;:&quot;/uploads/cover/2016-09/12/57d58b8d01149.png&quot;,&quot;tag&quot;:&quot;&quot;,&quot;visible&quot;:&quot;1&quot;,&quot;content&quot;:&quot;&lt;p&gt;这里写你的初始化内容&lt;/p&gt;&quot;}',`last_save_time`='2016-09-14 18:09:48' WHERE ( id='17' ) [ RunTime:0.0015s ]

[ 2016-09-14T19:01:53+08:00 ] ::1 /index.php/Admin/Article/saveDraft
INFO: [ app_begin ] --START--
INFO: Run Behavior\ReadHtmlCacheBehavior [ RunTime:0.003908s ]
INFO: [ app_begin ] --END-- [ RunTime:0.008048s ]
SQL: SHOW COLUMNS FROM `blog_draft` [ RunTime:0.0020s ]
SQL: INSERT INTO `blog_draft` (`title`,`content`,`last_save_time`) VALUES ('地方大幅度发','{&quot;title&quot;:&quot;地方大幅度发&quot;,&quot;summary&quot;:&quot;0123456789012345678901234567890123456789012345678901234567890123456789012345678901234567890123456789&quot;,&quot;category&quot;:&quot;4&quot;,&quot;cover&quot;:&quot;/uploads/cover/2016-09/12/57d58bfe5dab5.jpg&quot;,&quot;tag&quot;:&quot;&quot;,&quot;visible&quot;:&quot;1&quot;,&quot;content&quot;:&quot;&lt;p&gt;这里写你的初始化内容&lt;/p&gt;&quot;}','2016-09-14 19:09:53') [ RunTime:0.0009s ]

[ 2016-09-14T19:03:05+08:00 ] ::1 /index.php/Admin/Article/saveDraft
INFO: [ app_begin ] --START--
INFO: Run Behavior\ReadHtmlCacheBehavior [ RunTime:0.001630s ]
INFO: [ app_begin ] --END-- [ RunTime:0.002626s ]
SQL: SHOW COLUMNS FROM `blog_draft` [ RunTime:0.0020s ]
SQL: INSERT INTO `blog_draft` (`title`,`content`,`last_save_time`) VALUES ('地方大幅度发','{&quot;title&quot;:&quot;地方大幅度发&quot;,&quot;summary&quot;:&quot;0123456789012345678901234567890123456789012345678901234567890123456789012345678901234567890123456789&quot;,&quot;category&quot;:&quot;4&quot;,&quot;cover&quot;:&quot;/uploads/cover/2016-09/12/57d58bfe5dab5.jpg&quot;,&quot;tag&quot;:&quot;&quot;,&quot;visible&quot;:&quot;1&quot;,&quot;content&quot;:&quot;&lt;p&gt;这里写你的初始化内容&lt;/p&gt;&quot;}','2016-09-14 19:09:05') [ RunTime:0.0009s ]

[ 2016-09-14T19:07:34+08:00 ] ::1 /index.php/Admin/Article/saveDraft
INFO: [ app_begin ] --START--
INFO: Run Behavior\ReadHtmlCacheBehavior [ RunTime:0.002264s ]
INFO: [ app_begin ] --END-- [ RunTime:0.003738s ]
SQL: SHOW COLUMNS FROM `blog_draft` [ RunTime:0.0028s ]
SQL: INSERT INTO `blog_draft` (`title`,`content`,`last_save_time`) VALUES ('地方大幅度发','{&quot;title&quot;:&quot;地方大幅度发&quot;,&quot;summary&quot;:&quot;0123456789012345678901234567890123456789012345678901234567890123456789012345678901234567890123456789&quot;,&quot;category&quot;:&quot;4&quot;,&quot;cover&quot;:&quot;/uploads/cover/2016-09/12/57d58bfe5dab5.jpg&quot;,&quot;tag&quot;:&quot;&quot;,&quot;visible&quot;:&quot;1&quot;,&quot;content&quot;:&quot;&lt;p&gt;这里写你的初始化内容&lt;/p&gt;&quot;}','2016-09-14 19:09:34') [ RunTime:0.0013s ]

[ 2016-09-14T19:07:38+08:00 ] ::1 /index.php/Admin/Article/saveDraft
INFO: [ app_begin ] --START--
INFO: Run Behavior\ReadHtmlCacheBehavior [ RunTime:0.002092s ]
INFO: [ app_begin ] --END-- [ RunTime:0.003432s ]
SQL: SHOW COLUMNS FROM `blog_draft` [ RunTime:0.0021s ]
SQL: INSERT INTO `blog_draft` (`title`,`content`,`last_save_time`) VALUES ('地方大幅度发','{&quot;title&quot;:&quot;地方大幅度发&quot;,&quot;summary&quot;:&quot;0123456789012345678901234567890123456789012345678901234567890123456789012345678901234567890123456789&quot;,&quot;category&quot;:&quot;4&quot;,&quot;cover&quot;:&quot;/uploads/cover/2016-09/12/57d58bfe5dab5.jpg&quot;,&quot;tag&quot;:&quot;&quot;,&quot;visible&quot;:&quot;1&quot;,&quot;content&quot;:&quot;&lt;p&gt;这里写你的初始化内容&lt;/p&gt;&quot;}','2016-09-14 19:09:38') [ RunTime:0.0010s ]

[ 2016-09-14T19:07:54+08:00 ] ::1 /index.php/Admin/Article/saveDraft
INFO: [ app_begin ] --START--
INFO: Run Behavior\ReadHtmlCacheBehavior [ RunTime:0.001922s ]
INFO: [ app_begin ] --END-- [ RunTime:0.003132s ]
SQL: SHOW COLUMNS FROM `blog_draft` [ RunTime:0.0017s ]
SQL: INSERT INTO `blog_draft` (`title`,`content`,`last_save_time`) VALUES ('地方大幅度发','{&quot;title&quot;:&quot;地方大幅度发&quot;,&quot;summary&quot;:&quot;0123456789012345678901234567890123456789012345678901234567890123456789012345678901234567890123456789&quot;,&quot;category&quot;:&quot;4&quot;,&quot;cover&quot;:&quot;/uploads/cover/2016-09/12/57d58bfe5dab5.jpg&quot;,&quot;tag&quot;:&quot;&quot;,&quot;visible&quot;:&quot;1&quot;,&quot;content&quot;:&quot;&lt;p&gt;这里写你的初始化内容&lt;/p&gt;&quot;}','2016-09-14 19:09:54') [ RunTime:0.0011s ]

[ 2016-09-14T19:07:57+08:00 ] ::1 /index.php/Admin/Article/saveDraft
INFO: [ app_begin ] --START--
INFO: Run Behavior\ReadHtmlCacheBehavior [ RunTime:0.002901s ]
INFO: [ app_begin ] --END-- [ RunTime:0.003959s ]
SQL: SHOW COLUMNS FROM `blog_draft` [ RunTime:0.0017s ]
SQL: INSERT INTO `blog_draft` (`title`,`content`,`last_save_time`) VALUES ('地方大幅度发','{&quot;title&quot;:&quot;地方大幅度发&quot;,&quot;summary&quot;:&quot;0123456789012345678901234567890123456789012345678901234567890123456789012345678901234567890123456789&quot;,&quot;category&quot;:&quot;4&quot;,&quot;cover&quot;:&quot;/uploads/cover/2016-09/12/57d58bfe5dab5.jpg&quot;,&quot;tag&quot;:&quot;&quot;,&quot;visible&quot;:&quot;1&quot;,&quot;content&quot;:&quot;&lt;p&gt;这里写你的初始化内容&lt;/p&gt;&quot;}','2016-09-14 19:09:57') [ RunTime:0.0010s ]

[ 2016-09-14T19:10:14+08:00 ] ::1 /index.php/Admin/Article/saveDraft
INFO: [ app_begin ] --START--
INFO: Run Behavior\ReadHtmlCacheBehavior [ RunTime:0.003375s ]
INFO: [ app_begin ] --END-- [ RunTime:0.005120s ]
SQL: SHOW COLUMNS FROM `blog_draft` [ RunTime:0.0022s ]
SQL: INSERT INTO `blog_draft` (`title`,`content`,`last_save_time`) VALUES ('地方大幅度发','{&quot;title&quot;:&quot;地方大幅度发&quot;,&quot;summary&quot;:&quot;0123456789012345678901234567890123456789012345678901234567890123456789012345678901234567890123456789&quot;,&quot;category&quot;:&quot;4&quot;,&quot;cover&quot;:&quot;/uploads/cover/2016-09/12/57d58bfe5dab5.jpg&quot;,&quot;tag&quot;:&quot;&quot;,&quot;visible&quot;:&quot;1&quot;,&quot;content&quot;:&quot;&lt;p&gt;这里写你的初始化内容&lt;/p&gt;&quot;}','2016-09-14 19:09:14') [ RunTime:0.0009s ]

[ 2016-09-14T19:11:06+08:00 ] ::1 /index.php/Admin/Article/saveDraft
INFO: [ app_begin ] --START--
INFO: Run Behavior\ReadHtmlCacheBehavior [ RunTime:0.002333s ]
INFO: [ app_begin ] --END-- [ RunTime:0.003538s ]
SQL: SHOW COLUMNS FROM `blog_draft` [ RunTime:0.0020s ]
SQL: INSERT INTO `blog_draft` (`title`,`content`,`last_save_time`) VALUES ('地方大幅度发','{&quot;title&quot;:&quot;地方大幅度发&quot;,&quot;summary&quot;:&quot;0123456789012345678901234567890123456789012345678901234567890123456789012345678901234567890123456789&quot;,&quot;category&quot;:&quot;4&quot;,&quot;cover&quot;:&quot;/uploads/cover/2016-09/12/57d58bfe5dab5.jpg&quot;,&quot;tag&quot;:&quot;&quot;,&quot;visible&quot;:&quot;1&quot;,&quot;content&quot;:&quot;&lt;p&gt;这里写你的初始化内容&lt;/p&gt;&quot;}','2016-09-14 19:09:06') [ RunTime:0.0009s ]

[ 2016-09-14T19:18:34+08:00 ] ::1 /index.php/Admin/Article/saveDraft/id
INFO: [ app_begin ] --START--
INFO: Run Behavior\ReadHtmlCacheBehavior [ RunTime:0.001624s ]
INFO: [ app_begin ] --END-- [ RunTime:0.003208s ]
SQL: SHOW COLUMNS FROM `blog_draft` [ RunTime:0.0018s ]
SQL: INSERT INTO `blog_draft` (`title`,`content`,`last_save_time`) VALUES ('地方大幅度发','{&quot;title&quot;:&quot;地方大幅度发&quot;,&quot;summary&quot;:&quot;0123456789012345678901234567890123456789012345678901234567890123456789012345678901234567890123456789&quot;,&quot;category&quot;:&quot;4&quot;,&quot;cover&quot;:&quot;/uploads/cover/2016-09/12/57d58bfe5dab5.jpg&quot;,&quot;tag&quot;:&quot;&quot;,&quot;visible&quot;:&quot;1&quot;,&quot;content&quot;:&quot;&lt;p&gt;这里写你的初始化内容&lt;/p&gt;&quot;}','2016-09-14 19:09:34') [ RunTime:0.0010s ]

[ 2016-09-14T19:18:39+08:00 ] ::1 /index.php/Admin/Article/saveDraft/id26
INFO: [ app_begin ] --START--
INFO: Run Behavior\ReadHtmlCacheBehavior [ RunTime:0.001104s ]
INFO: [ app_begin ] --END-- [ RunTime:0.002301s ]
SQL: SHOW COLUMNS FROM `blog_draft` [ RunTime:0.0017s ]
SQL: INSERT INTO `blog_draft` (`title`,`content`,`last_save_time`) VALUES ('地方大幅度发','{&quot;title&quot;:&quot;地方大幅度发&quot;,&quot;summary&quot;:&quot;0123456789012345678901234567890123456789012345678901234567890123456789012345678901234567890123456789&quot;,&quot;category&quot;:&quot;4&quot;,&quot;cover&quot;:&quot;/uploads/cover/2016-09/12/57d58bfe5dab5.jpg&quot;,&quot;tag&quot;:&quot;&quot;,&quot;visible&quot;:&quot;1&quot;,&quot;content&quot;:&quot;&lt;p&gt;这里写你的初始化内容&lt;/p&gt;&quot;}','2016-09-14 19:09:39') [ RunTime:0.0008s ]

[ 2016-09-14T19:19:06+08:00 ] ::1 /index.php/Admin/Article/saveDraft/id
INFO: [ app_begin ] --START--
INFO: Run Behavior\ReadHtmlCacheBehavior [ RunTime:0.001594s ]
INFO: [ app_begin ] --END-- [ RunTime:0.002511s ]
SQL: SHOW COLUMNS FROM `blog_draft` [ RunTime:0.0015s ]
SQL: INSERT INTO `blog_draft` (`title`,`content`,`last_save_time`) VALUES ('地方大幅度发','{&quot;title&quot;:&quot;地方大幅度发&quot;,&quot;summary&quot;:&quot;0123456789012345678901234567890123456789012345678901234567890123456789012345678901234567890123456789&quot;,&quot;category&quot;:&quot;4&quot;,&quot;cover&quot;:&quot;/uploads/cover/2016-09/12/57d58bfe5dab5.jpg&quot;,&quot;tag&quot;:&quot;&quot;,&quot;visible&quot;:&quot;1&quot;,&quot;content&quot;:&quot;&lt;p&gt;这里写你的初始化内容&lt;/p&gt;&quot;}','2016-09-14 19:09:06') [ RunTime:0.0007s ]

[ 2016-09-14T19:21:10+08:00 ] ::1 /index.php/Admin/Article/saveDraft/id
INFO: [ app_begin ] --START--
INFO: Run Behavior\ReadHtmlCacheBehavior [ RunTime:0.001894s ]
INFO: [ app_begin ] --END-- [ RunTime:0.003361s ]
SQL: SHOW COLUMNS FROM `blog_draft` [ RunTime:0.0019s ]
SQL: INSERT INTO `blog_draft` (`title`,`content`,`last_save_time`) VALUES ('地方大幅度发','{&quot;title&quot;:&quot;地方大幅度发&quot;,&quot;summary&quot;:&quot;0123456789012345678901234567890123456789012345678901234567890123456789012345678901234567890123456789&quot;,&quot;category&quot;:&quot;4&quot;,&quot;cover&quot;:&quot;/uploads/cover/2016-09/12/57d58bfe5dab5.jpg&quot;,&quot;tag&quot;:&quot;&quot;,&quot;visible&quot;:&quot;1&quot;,&quot;content&quot;:&quot;&lt;p&gt;这里写你的初始化内容&lt;/p&gt;&quot;}','2016-09-14 19:09:10') [ RunTime:0.0013s ]

[ 2016-09-14T19:21:39+08:00 ] ::1 /index.php/Admin/Article/saveDraft/id29
INFO: [ app_begin ] --START--
INFO: Run Behavior\ReadHtmlCacheBehavior [ RunTime:0.003062s ]
INFO: [ app_begin ] --END-- [ RunTime:0.005939s ]
SQL: SHOW COLUMNS FROM `blog_draft` [ RunTime:0.0021s ]
SQL: INSERT INTO `blog_draft` (`title`,`content`,`last_save_time`) VALUES ('地方大幅度发','{&quot;title&quot;:&quot;地方大幅度发&quot;,&quot;summary&quot;:&quot;0123456789012345678901234567890123456789012345678901234567890123456789012345678901234567890123456789&quot;,&quot;category&quot;:&quot;4&quot;,&quot;cover&quot;:&quot;/uploads/cover/2016-09/12/57d58bfe5dab5.jpg&quot;,&quot;tag&quot;:&quot;&quot;,&quot;visible&quot;:&quot;1&quot;,&quot;content&quot;:&quot;&lt;p&gt;这里写你的初始化内容&lt;/p&gt;&quot;}','2016-09-14 19:09:39') [ RunTime:0.0012s ]

[ 2016-09-14T19:21:49+08:00 ] ::1 /index.php/Admin/Article/saveDraft/id30
INFO: [ app_begin ] --START--
INFO: Run Behavior\ReadHtmlCacheBehavior [ RunTime:0.003499s ]
INFO: [ app_begin ] --END-- [ RunTime:0.005147s ]
SQL: SHOW COLUMNS FROM `blog_draft` [ RunTime:0.0020s ]
SQL: INSERT INTO `blog_draft` (`title`,`content`,`last_save_time`) VALUES ('地方大幅度发','{&quot;title&quot;:&quot;地方大幅度发&quot;,&quot;summary&quot;:&quot;0123456789012345678901234567890123456789012345678901234567890123456789012345678901234567890123456789&quot;,&quot;category&quot;:&quot;4&quot;,&quot;cover&quot;:&quot;/uploads/cover/2016-09/12/57d58bfe5dab5.jpg&quot;,&quot;tag&quot;:&quot;&quot;,&quot;visible&quot;:&quot;1&quot;,&quot;content&quot;:&quot;&lt;p&gt;这里写你的初始化内容&lt;/p&gt;&quot;}','2016-09-14 19:09:49') [ RunTime:0.0013s ]

[ 2016-09-14T19:22:07+08:00 ] ::1 /index.php/Admin/Article/saveDraft/id/
INFO: [ app_begin ] --START--
INFO: Run Behavior\ReadHtmlCacheBehavior [ RunTime:0.003144s ]
INFO: [ app_begin ] --END-- [ RunTime:0.006317s ]
SQL: SHOW COLUMNS FROM `blog_draft` [ RunTime:0.0023s ]
SQL: INSERT INTO `blog_draft` (`title`,`content`,`last_save_time`) VALUES ('地方大幅度发','{&quot;title&quot;:&quot;地方大幅度发&quot;,&quot;summary&quot;:&quot;0123456789012345678901234567890123456789012345678901234567890123456789012345678901234567890123456789&quot;,&quot;category&quot;:&quot;4&quot;,&quot;cover&quot;:&quot;/uploads/cover/2016-09/12/57d58bfe5dab5.jpg&quot;,&quot;tag&quot;:&quot;&quot;,&quot;visible&quot;:&quot;1&quot;,&quot;content&quot;:&quot;&lt;p&gt;这里写你的初始化内容&lt;/p&gt;&quot;}','2016-09-14 19:09:07') [ RunTime:0.0013s ]

[ 2016-09-14T19:22:11+08:00 ] ::1 /index.php/Admin/Article/saveDraft/id/32
INFO: [ app_begin ] --START--
INFO: Run Behavior\ReadHtmlCacheBehavior [ RunTime:0.001581s ]
INFO: [ app_begin ] --END-- [ RunTime:0.003158s ]
SQL: SHOW COLUMNS FROM `blog_draft` [ RunTime:0.0016s ]
SQL: UPDATE `blog_draft` SET `title`='地方大幅度发',`content`='{&quot;title&quot;:&quot;地方大幅度发&quot;,&quot;summary&quot;:&quot;0123456789012345678901234567890123456789012345678901234567890123456789012345678901234567890123456789&quot;,&quot;category&quot;:&quot;4&quot;,&quot;cover&quot;:&quot;/uploads/cover/2016-09/12/57d58bfe5dab5.jpg&quot;,&quot;tag&quot;:&quot;&quot;,&quot;visible&quot;:&quot;1&quot;,&quot;content&quot;:&quot;&lt;p&gt;这里写你的初始化内容&lt;/p&gt;&quot;}',`last_save_time`='2016-09-14 19:09:11' WHERE ( id='32' ) [ RunTime:0.0012s ]

[ 2016-09-14T19:25:33+08:00 ] ::1 /index.php/Admin/Article/saveDraft/id/
INFO: [ app_begin ] --START--
INFO: Run Behavior\ReadHtmlCacheBehavior [ RunTime:0.001131s ]
INFO: [ app_begin ] --END-- [ RunTime:0.002351s ]
SQL: SHOW COLUMNS FROM `blog_draft` [ RunTime:0.0017s ]
SQL: INSERT INTO `blog_draft` (`title`,`content`,`last_save_time`) VALUES ('从vVC','{&quot;title&quot;:&quot;从vVC&quot;,&quot;summary&quot;:&quot;请钱钱钱钱钱钱钱钱钱请钱钱钱钱钱钱钱钱钱请钱钱钱钱钱钱钱钱钱请钱钱钱钱钱钱钱钱钱请钱钱钱钱钱钱钱钱钱请钱钱钱钱钱钱钱钱钱请钱钱钱钱钱钱钱钱钱请钱钱钱钱钱钱钱钱钱请钱钱钱钱钱钱钱钱钱请钱钱钱钱钱钱钱钱钱请钱钱钱钱钱钱钱钱钱请钱钱钱钱钱钱钱钱钱请钱钱钱钱钱钱钱钱钱请钱钱钱钱钱钱钱钱钱请钱钱钱钱钱钱钱钱钱请钱钱钱钱钱钱钱钱钱请钱钱钱钱钱钱钱钱钱请钱钱钱钱钱钱钱钱钱请钱钱钱钱钱钱钱钱钱请钱钱钱钱钱钱钱钱钱&quot;,&quot;cover&quot;:&quot;/uploads/cover/2016-09/12/57d58ef29080e.jpg&quot;,&quot;tag&quot;:&quot;&quot;,&quot;visible&quot;:&quot;1&quot;,&quot;content&quot;:&quot;&lt;p&gt;这里写你的初始化内容&lt;/p&gt;&quot;}','2016-09-14 19:09:33') [ RunTime:0.0010s ]

[ 2016-09-14T19:25:37+08:00 ] ::1 /index.php/Admin/Article/saveDraft/id/33
INFO: [ app_begin ] --START--
INFO: Run Behavior\ReadHtmlCacheBehavior [ RunTime:0.001405s ]
INFO: [ app_begin ] --END-- [ RunTime:0.002756s ]
SQL: SHOW COLUMNS FROM `blog_draft` [ RunTime:0.0016s ]
SQL: UPDATE `blog_draft` SET `title`='从vVC',`content`='{&quot;title&quot;:&quot;从vVC&quot;,&quot;summary&quot;:&quot;请钱钱钱钱钱钱钱钱钱请钱钱钱钱钱钱钱钱钱请钱钱钱钱钱钱钱钱钱请钱钱钱钱钱钱钱钱钱请钱钱钱钱钱钱钱钱钱请钱钱钱钱钱钱钱钱钱请钱钱钱钱钱钱钱钱钱请钱钱钱钱钱钱钱钱钱请钱钱钱钱钱钱钱钱钱请钱钱钱钱钱钱钱钱钱请钱钱钱钱钱钱钱钱钱请钱钱钱钱钱钱钱钱钱请钱钱钱钱钱钱钱钱钱请钱钱钱钱钱钱钱钱钱请钱钱钱钱钱钱钱钱钱请钱钱钱钱钱钱钱钱钱请钱钱钱钱钱钱钱钱钱请钱钱钱钱钱钱钱钱钱请钱钱钱钱钱钱钱钱钱请钱钱钱钱钱钱钱钱钱&quot;,&quot;cover&quot;:&quot;/uploads/cover/2016-09/12/57d58ef29080e.jpg&quot;,&quot;tag&quot;:&quot;&quot;,&quot;visible&quot;:&quot;1&quot;,&quot;content&quot;:&quot;&lt;p&gt;这里写你的初始化内容&lt;/p&gt;&quot;}',`last_save_time`='2016-09-14 19:09:37' WHERE ( id='33' ) [ RunTime:0.0016s ]

[ 2016-09-14T19:25:41+08:00 ] ::1 /index.php/Admin/Article/saveDraft/id/33
INFO: [ app_begin ] --START--
INFO: Run Behavior\ReadHtmlCacheBehavior [ RunTime:0.002569s ]
INFO: [ app_begin ] --END-- [ RunTime:0.004360s ]
SQL: SHOW COLUMNS FROM `blog_draft` [ RunTime:0.0015s ]
SQL: UPDATE `blog_draft` SET `title`='从vVC',`content`='{&quot;title&quot;:&quot;从vVC&quot;,&quot;summary&quot;:&quot;请钱钱钱钱钱钱钱钱钱请钱钱钱钱钱钱钱钱钱请钱钱钱钱钱钱钱钱钱请钱钱钱钱钱钱钱钱钱请钱钱钱钱钱钱钱钱钱请钱钱钱钱钱钱钱钱钱请钱钱钱钱钱钱钱钱钱请钱钱钱钱钱钱钱钱钱请钱钱钱钱钱钱钱钱钱请钱钱钱钱钱钱钱钱钱请钱钱钱钱钱钱钱钱钱请钱钱钱钱钱钱钱钱钱请钱钱钱钱钱钱钱钱钱请钱钱钱钱钱钱钱钱钱请钱钱钱钱钱钱钱钱钱请钱钱钱钱钱钱钱钱钱请钱钱钱钱钱钱钱钱钱请钱钱钱钱钱钱钱钱钱请钱钱钱钱钱钱钱钱钱请钱钱钱钱钱钱钱钱钱&quot;,&quot;cover&quot;:&quot;/uploads/cover/2016-09/12/57d58ef29080e.jpg&quot;,&quot;tag&quot;:&quot;&quot;,&quot;visible&quot;:&quot;1&quot;,&quot;content&quot;:&quot;&lt;p&gt;这里写你的初始化内容&lt;/p&gt;&quot;}',`last_save_time`='2016-09-14 19:09:41' WHERE ( id='33' ) [ RunTime:0.0013s ]

[ 2016-09-14T19:26:05+08:00 ] ::1 /index.php/Admin/Article/saveDraft/id/33
INFO: [ app_begin ] --START--
INFO: Run Behavior\ReadHtmlCacheBehavior [ RunTime:0.001621s ]
INFO: [ app_begin ] --END-- [ RunTime:0.003464s ]
SQL: SHOW COLUMNS FROM `blog_draft` [ RunTime:0.0019s ]
SQL: UPDATE `blog_draft` SET `title`='从vVC',`content`='{&quot;title&quot;:&quot;从vVC&quot;,&quot;summary&quot;:&quot;请钱钱钱钱钱钱钱钱钱请钱钱钱钱钱钱钱钱钱请钱钱钱钱钱钱钱钱钱请钱钱钱钱钱钱钱钱钱请钱钱钱钱钱钱钱钱钱请钱钱钱钱钱钱钱钱钱请钱钱钱钱钱钱钱钱钱请钱钱钱钱钱钱钱钱钱请钱钱钱钱钱钱钱钱钱请钱钱钱钱钱钱钱钱钱请钱钱钱钱钱钱钱钱钱请钱钱钱钱钱钱钱钱钱请钱钱钱钱钱钱钱钱钱请钱钱钱钱钱钱钱钱钱请钱钱钱钱钱钱钱钱钱请钱钱钱钱钱钱钱钱钱请钱钱钱钱钱钱钱钱钱请钱钱钱钱钱钱钱钱钱请钱钱钱钱钱钱钱钱钱请钱钱钱钱钱钱钱钱钱&quot;,&quot;cover&quot;:&quot;/uploads/cover/2016-09/12/57d58ef29080e.jpg&quot;,&quot;tag&quot;:&quot;&quot;,&quot;visible&quot;:&quot;1&quot;,&quot;content&quot;:&quot;&lt;p&gt;这里写你的初始化内容&lt;/p&gt;&quot;}',`last_save_time`='2016-09-14 19:09:05' WHERE ( id='33' ) [ RunTime:0.0014s ]

[ 2016-09-14T19:33:13+08:00 ] ::1 /index.php/Admin/Article/saveDraft/id/
INFO: [ app_begin ] --START--
INFO: Run Behavior\ReadHtmlCacheBehavior [ RunTime:0.002005s ]
INFO: [ app_begin ] --END-- [ RunTime:0.003075s ]
SQL: SHOW COLUMNS FROM `blog_draft` [ RunTime:0.0016s ]
SQL: INSERT INTO `blog_draft` (`title`,`content`,`last_save_time`) VALUES (' 活该该好好干','{&quot;title&quot;:&quot; 活该该好好干&quot;,&quot;summary&quot;:&quot;规划好哥哥好&quot;,&quot;category&quot;:&quot;5&quot;,&quot;cover&quot;:&quot;/uploads/picture/2016-09/13/57d7b7072832e.jpg&quot;,&quot;tag&quot;:&quot;&quot;,&quot;visible&quot;:&quot;1&quot;,&quot;content&quot;:&quot;&lt;p&gt;这里写你的初始化内容&lt;/p&gt;&quot;}','2016-09-14 19:09:12') [ RunTime:0.0009s ]

[ 2016-09-14T19:33:17+08:00 ] ::1 /index.php/Admin/Article/saveDraft/id/34
INFO: [ app_begin ] --START--
INFO: Run Behavior\ReadHtmlCacheBehavior [ RunTime:0.001629s ]
INFO: [ app_begin ] --END-- [ RunTime:0.002615s ]
SQL: SHOW COLUMNS FROM `blog_draft` [ RunTime:0.0015s ]
SQL: UPDATE `blog_draft` SET `title`=' 活该该好好干',`content`='{&quot;title&quot;:&quot; 活该该好好干&quot;,&quot;summary&quot;:&quot;规划好哥哥好&quot;,&quot;category&quot;:&quot;5&quot;,&quot;cover&quot;:&quot;/uploads/picture/2016-09/13/57d7b7072832e.jpg&quot;,&quot;tag&quot;:&quot;&quot;,&quot;visible&quot;:&quot;1&quot;,&quot;content&quot;:&quot;&lt;p&gt;这里写你的初始化内容&lt;/p&gt;&quot;}',`last_save_time`='2016-09-14 19:09:17' WHERE ( id='34' ) [ RunTime:0.0011s ]

[ 2016-09-14T19:41:08+08:00 ] ::1 /index.php/Admin/Article/saveDraft/id/2
INFO: [ app_begin ] --START--
INFO: Run Behavior\ReadHtmlCacheBehavior [ RunTime:0.001674s ]
INFO: [ app_begin ] --END-- [ RunTime:0.002680s ]
SQL: SHOW COLUMNS FROM `blog_draft` [ RunTime:0.0018s ]
SQL: UPDATE `blog_draft` SET `title`='二二二二二二',`content`='{&quot;title&quot;:&quot;二二二二二二&quot;,&quot;summary&quot;:&quot;二二二&quot;,&quot;cover&quot;:&quot;/uploads/cover/2016-09/11/57d54ff0d4b94.jpg&quot;,&quot;tag&quot;:&quot;fddfdf|地方大幅度|对方的付费的打发打发&quot;,&quot;visible&quot;:&quot;1&quot;,&quot;content&quot;:&quot;&lt;p&gt;这里写你的初始化内容sdsdsdddddddddddddddddd&lt;/p&gt;&quot;}',`last_save_time`='2016-09-14 19:09:08' WHERE ( id='2' ) [ RunTime:0.0012s ]

