[ 2016-09-09T00:18:16+08:00 ] ::1 /index.php/Admin/Album/addPicture/aid/5
INFO: [ app_begin ] --START--
INFO: Run Behavior\ReadHtmlCacheBehavior [ RunTime:0.001802s ]
INFO: [ app_begin ] --END-- [ RunTime:0.002947s ]
INFO: [ view_parse ] --START--
INFO: [ template_filter ] --START--
INFO: Run Behavior\ContentReplaceBehavior [ RunTime:0.000241s ]
INFO: [ template_filter ] --END-- [ RunTime:0.000564s ]
INFO: Run Behavior\ParseTemplateBehavior [ RunTime:0.023141s ]
INFO: [ view_parse ] --END-- [ RunTime:0.023481s ]
INFO: [ view_filter ] --START--
INFO: Run Behavior\WriteHtmlCacheBehavior [ RunTime:0.002158s ]
INFO: [ view_filter ] --END-- [ RunTime:0.002735s ]
INFO: [ app_end ] --START--
INFO: Run Behavior\ShowPageTraceBehavior [ RunTime:0.002223s ]
INFO: [ app_end ] --END-- [ RunTime:0.002780s ]

[ 2016-09-09T00:19:27+08:00 ] ::1 /index.php/Admin/Album/addPicture/aid/5
INFO: [ app_begin ] --START--
INFO: Run Behavior\ReadHtmlCacheBehavior [ RunTime:0.001795s ]
INFO: [ app_begin ] --END-- [ RunTime:0.005714s ]
INFO: [ view_parse ] --START--
INFO: [ template_filter ] --START--
INFO: Run Behavior\ContentReplaceBehavior [ RunTime:0.000284s ]
INFO: [ template_filter ] --END-- [ RunTime:0.000723s ]
INFO: Run Behavior\ParseTemplateBehavior [ RunTime:0.030105s ]
INFO: [ view_parse ] --END-- [ RunTime:0.030687s ]
INFO: [ view_filter ] --START--
INFO: Run Behavior\WriteHtmlCacheBehavior [ RunTime:0.001950s ]
INFO: [ view_filter ] --END-- [ RunTime:0.002902s ]
INFO: [ app_end ] --START--
INFO: Run Behavior\ShowPageTraceBehavior [ RunTime:0.001905s ]
INFO: [ app_end ] --END-- [ RunTime:0.003161s ]

[ 2016-09-09T00:20:07+08:00 ] ::1 /index.php/Admin/Album/addPicture/aid/5
INFO: [ app_begin ] --START--
INFO: Run Behavior\ReadHtmlCacheBehavior [ RunTime:0.001654s ]
INFO: [ app_begin ] --END-- [ RunTime:0.003044s ]
INFO: [ view_parse ] --START--
INFO: [ template_filter ] --START--
INFO: Run Behavior\ContentReplaceBehavior [ RunTime:0.000276s ]
INFO: [ template_filter ] --END-- [ RunTime:0.000717s ]
INFO: Run Behavior\ParseTemplateBehavior [ RunTime:0.021865s ]
INFO: [ view_parse ] --END-- [ RunTime:0.022191s ]
INFO: [ view_filter ] --START--
INFO: Run Behavior\WriteHtmlCacheBehavior [ RunTime:0.001802s ]
INFO: [ view_filter ] --END-- [ RunTime:0.002301s ]
INFO: [ app_end ] --START--
INFO: Run Behavior\ShowPageTraceBehavior [ RunTime:0.002033s ]
INFO: [ app_end ] --END-- [ RunTime:0.003680s ]

[ 2016-09-09T00:21:51+08:00 ] ::1 /index.php/Admin/Album/addPicture/aid/5
INFO: [ app_begin ] --START--
INFO: Run Behavior\ReadHtmlCacheBehavior [ RunTime:0.001714s ]
INFO: [ app_begin ] --END-- [ RunTime:0.003071s ]
INFO: [ view_parse ] --START--
INFO: [ template_filter ] --START--
INFO: Run Behavior\ContentReplaceBehavior [ RunTime:0.000240s ]
INFO: [ template_filter ] --END-- [ RunTime:0.000567s ]
INFO: Run Behavior\ParseTemplateBehavior [ RunTime:0.021954s ]
INFO: [ view_parse ] --END-- [ RunTime:0.022546s ]
INFO: [ view_filter ] --START--
INFO: Run Behavior\WriteHtmlCacheBehavior [ RunTime:0.001197s ]
INFO: [ view_filter ] --END-- [ RunTime:0.001872s ]
INFO: [ app_end ] --START--
INFO: Run Behavior\ShowPageTraceBehavior [ RunTime:0.004441s ]
INFO: [ app_end ] --END-- [ RunTime:0.005119s ]

[ 2016-09-09T00:22:02+08:00 ] ::1 /index.php/Admin/Album/addPicture/aid/5
INFO: [ app_begin ] --START--
INFO: Run Behavior\ReadHtmlCacheBehavior [ RunTime:0.001699s ]
INFO: [ app_begin ] --END-- [ RunTime:0.003248s ]
INFO: [ view_parse ] --START--
INFO: [ template_filter ] --START--
INFO: Run Behavior\ContentReplaceBehavior [ RunTime:0.000402s ]
INFO: [ template_filter ] --END-- [ RunTime:0.001136s ]
INFO: Run Behavior\ParseTemplateBehavior [ RunTime:0.031317s ]
INFO: [ view_parse ] --END-- [ RunTime:0.031724s ]
INFO: [ view_filter ] --START--
INFO: Run Behavior\WriteHtmlCacheBehavior [ RunTime:0.000743s ]
INFO: [ view_filter ] --END-- [ RunTime:0.001038s ]
INFO: [ app_end ] --START--
INFO: Run Behavior\ShowPageTraceBehavior [ RunTime:0.001154s ]
INFO: [ app_end ] --END-- [ RunTime:0.001608s ]

[ 2016-09-09T00:23:26+08:00 ] ::1 /index.php/Admin/Album/addPicture/aid/5
INFO: [ app_begin ] --START--
INFO: Run Behavior\ReadHtmlCacheBehavior [ RunTime:0.002662s ]
INFO: [ app_begin ] --END-- [ RunTime:0.005080s ]
INFO: [ view_parse ] --START--
INFO: [ template_filter ] --START--
INFO: Run Behavior\ContentReplaceBehavior [ RunTime:0.000236s ]
INFO: [ template_filter ] --END-- [ RunTime:0.000562s ]
INFO: Run Behavior\ParseTemplateBehavior [ RunTime:0.024486s ]
INFO: [ view_parse ] --END-- [ RunTime:0.024951s ]
INFO: [ view_filter ] --START--
INFO: Run Behavior\WriteHtmlCacheBehavior [ RunTime:0.002000s ]
INFO: [ view_filter ] --END-- [ RunTime:0.002659s ]
INFO: [ app_end ] --START--
INFO: Run Behavior\ShowPageTraceBehavior [ RunTime:0.003057s ]
INFO: [ app_end ] --END-- [ RunTime:0.003921s ]

[ 2016-09-09T18:27:45+08:00 ] ::1 /index.php/Admin/Album/removePicture/id/8
ERR: 非法操作:removePicture

[ 2016-09-09T19:18:17+08:00 ] ::1 /index.php/Admin/Album/removePicture/id/8
ERR: 1054:Unknown column 'blog_album.ia' in 'on clause'
 [ SQL语句 ] : SELECT * FROM `blog_picture` RIGHT JOIN blog_album ON blog_picture.a_id = blog_album.ia   

[ 2016-09-09T19:20:28+08:00 ] ::1 /index.php/Admin/Album/removePicture/id/8
ERR: 1052:Column 'id' in where clause is ambiguous
 [ SQL语句 ] : SELECT * FROM `blog_picture` LEFT JOIN blog_album ON blog_picture.a_id = blog_album.id  WHERE ( id='8' ) 

[ 2016-09-09T19:54:06+08:00 ] ::1 /index.php/Admin/Album/removePicture/id/8
ERR: 1064:You have an error in your SQL syntax; check the manual that corresponds to your MySQL server version for the right syntax to use near '.a_id' at line 1
 [ SQL语句 ] : SELECT * FROM blog_album album,( SELECT `a_id` FROM `blog_picture` WHERE ( id='8' )  ) picture LEFT JOIN album.id = picture.a_id  

[ 2016-09-09T19:55:49+08:00 ] ::1 /index.php/Admin/Album/removePicture/id/8
ERR: 1064:You have an error in your SQL syntax; check the manual that corresponds to your MySQL server version for the right syntax to use near ''.( SELECT `a_id` FROM `blog_picture` WHERE ( id='8' )  ).'.a_id = album.id' at line 1
 [ SQL语句 ] : SELECT * FROM blog_album album LEFT JOIN '.( SELECT `a_id` FROM `blog_picture` WHERE ( id='8' )  ).'.a_id = album.id  

[ 2016-09-09T19:57:03+08:00 ] ::1 /index.php/Admin/Album/removePicture/id/8
ERR: 1064:You have an error in your SQL syntax; check the manual that corresponds to your MySQL server version for the right syntax to use near ''.( SELECT `a_id` FROM `blog_picture` WHERE ( id='8' )  ).'.a_id = blog_album.id' at line 1
 [ SQL语句 ] : SELECT * FROM `blog_album` LEFT JOIN '.( SELECT `a_id` FROM `blog_picture` WHERE ( id='8' )  ).'.a_id = blog_album.id  

[ 2016-09-09T19:57:53+08:00 ] ::1 /index.php/Admin/Album/removePicture/id/8
ERR: 1064:You have an error in your SQL syntax; check the manual that corresponds to your MySQL server version for the right syntax to use near '.a_id = blog_album.id' at line 1
 [ SQL语句 ] : SELECT * FROM `blog_album` LEFT JOIN ( SELECT `a_id` FROM `blog_picture` WHERE ( id='8' )  ).a_id = blog_album.id  

[ 2016-09-09T19:59:26+08:00 ] ::1 /index.php/Admin/Album/removePicture/id/8
ERR: 1064:You have an error in your SQL syntax; check the manual that corresponds to your MySQL server version for the right syntax to use near '.id' at line 1
 [ SQL语句 ] : SELECT * FROM ( SELECT `a_id` FROM `blog_picture` WHERE ( id='8' )  ) picture LEFT JOIN picture.a_id = blog_album.id  

[ 2016-09-09T20:01:36+08:00 ] ::1 /index.php/Admin/Album/removePicture/id/8
ERR: 1064:You have an error in your SQL syntax; check the manual that corresponds to your MySQL server version for the right syntax to use near '.id' at line 1
 [ SQL语句 ] : SELECT * FROM ( SELECT `a_id` FROM `blog_picture` WHERE ( id='8' )  ) picture LEFT JOIN picture　ON　picture.a_id = blog_album.id  

[ 2016-09-09T20:03:00+08:00 ] ::1 /index.php/Admin/Album/removePicture/id/8
ERR: 1064:You have an error in your SQL syntax; check the manual that corresponds to your MySQL server version for the right syntax to use near '.a_id = blog_album.id' at line 1
 [ SQL语句 ] : SELECT * FROM `blog_album` LEFT JOIN ( SELECT `a_id` FROM `blog_picture` WHERE ( id='8' )  ) picture　ON　picture.a_id = blog_album.id  

[ 2016-09-09T20:04:46+08:00 ] ::1 /index.php/Admin/Album/removePicture/id/8
ERR: 1064:You have an error in your SQL syntax; check the manual that corresponds to your MySQL server version for the right syntax to use near '.a_id = blog_album.id' at line 1
 [ SQL语句 ] : SELECT * FROM `blog_album` LEFT JOIN ( SELECT `a_id` FROM `blog_picture` WHERE ( id='8' )  )as picture　ON　picture.a_id = blog_album.id  

[ 2016-09-09T20:11:42+08:00 ] ::1 /index.php/Admin/Album/removePicture/id/8
ERR: 1064:You have an error in your SQL syntax; check the manual that corresponds to your MySQL server version for the right syntax to use near '.id' at line 1
 [ SQL语句 ] : SELECT * FROM ( SELECT `a_id` FROM `blog_picture` WHERE ( id='8' )  ) picture LEFT JOIN  blog_album　ON　picture.a_id = blog_album.id  

[ 2016-09-09T20:25:09+08:00 ] ::1 /index.php/Admin/Album/removePicture/id/8
ERR: 1146:Table 'blog.album' doesn't exist
 [ SQL语句 ] : SHOW COLUMNS FROM `album`

[ 2016-09-09T21:04:35+08:00 ] ::1 /index.php/Admin/Album/addPicture/aid/5
INFO: [ app_begin ] --START--
INFO: Run Behavior\ReadHtmlCacheBehavior [ RunTime:0.007582s ]
INFO: [ app_begin ] --END-- [ RunTime:0.010861s ]
INFO: [ view_parse ] --START--
INFO: [ template_filter ] --START--
INFO: Run Behavior\ContentReplaceBehavior [ RunTime:0.001333s ]
INFO: [ template_filter ] --END-- [ RunTime:0.001888s ]
INFO: Run Behavior\ParseTemplateBehavior [ RunTime:0.028519s ]
INFO: [ view_parse ] --END-- [ RunTime:0.029327s ]
INFO: [ view_filter ] --START--
INFO: Run Behavior\WriteHtmlCacheBehavior [ RunTime:0.000987s ]
INFO: [ view_filter ] --END-- [ RunTime:0.001437s ]
INFO: [ app_end ] --START--
INFO: Run Behavior\ShowPageTraceBehavior [ RunTime:0.001476s ]
INFO: [ app_end ] --END-- [ RunTime:0.001931s ]

[ 2016-09-09T21:04:41+08:00 ] ::1 /index.php/Admin/Album/addAlbum
INFO: [ app_begin ] --START--
INFO: Run Behavior\ReadHtmlCacheBehavior [ RunTime:0.001134s ]
INFO: [ app_begin ] --END-- [ RunTime:0.002299s ]
SQL: select node.id,node.name from blog_role as role,blog_role_user as user,blog_access as access ,blog_node as node where user.user_id='1' and user.role_id=role.id and ( access.role_id=role.id  or (access.role_id=role.pid and role.pid!=0 ) ) and role.status=1 and access.node_id=node.id and node.level=1 and node.status=1 [ RunTime:0.0087s ]
SQL: select node.id,node.name from blog_role as role,blog_role_user as user,blog_access as access ,blog_node as node where user.user_id='1' and user.role_id=role.id and ( access.role_id=role.id  or (access.role_id=role.pid and role.pid!=0 ) ) and role.status=1 and access.node_id=node.id and node.level=2 and node.pid=22 and node.status=1 [ RunTime:0.0016s ]
SQL: select node.id,node.name from blog_role as role,blog_role_user as user,blog_access as access ,blog_node as node where user.user_id='1' and user.role_id=role.id and ( access.role_id=role.id  or (access.role_id=role.pid and role.pid!=0 ) ) and role.status=1 and access.node_id=node.id and node.level=3 and node.pid=23 and node.status=1 [ RunTime:0.0014s ]
SQL: select node.id,node.name from blog_role as role,blog_role_user as user,blog_access as access ,blog_node as node where user.user_id='1' and user.role_id=role.id and ( access.role_id=role.id  or (access.role_id=role.pid and role.pid!=0 ) ) and role.status=1 and access.node_id=node.id and node.level=3 and node.pid=37 and node.status=1 [ RunTime:0.0013s ]
SQL: select node.id,node.name from blog_role as role,blog_role_user as user,blog_access as access ,blog_node as node where user.user_id='1' and user.role_id=role.id and ( access.role_id=role.id  or (access.role_id=role.pid and role.pid!=0 ) ) and role.status=1 and access.node_id=node.id and node.level=3 and node.pid=39 and node.status=1 [ RunTime:0.0013s ]
INFO: [ view_parse ] --START--
INFO: [ template_filter ] --START--
INFO: Run Behavior\ContentReplaceBehavior [ RunTime:0.000283s ]
INFO: [ template_filter ] --END-- [ RunTime:0.000641s ]
INFO: Run Behavior\ParseTemplateBehavior [ RunTime:0.019876s ]
INFO: [ view_parse ] --END-- [ RunTime:0.020254s ]
INFO: [ view_filter ] --START--
INFO: Run Behavior\WriteHtmlCacheBehavior [ RunTime:0.000745s ]
INFO: [ view_filter ] --END-- [ RunTime:0.001057s ]
INFO: [ app_end ] --START--
INFO: Run Behavior\ShowPageTraceBehavior [ RunTime:0.001203s ]
INFO: [ app_end ] --END-- [ RunTime:0.001629s ]

[ 2016-09-09T21:08:39+08:00 ] ::1 /index.php/Admin/Album/addPicture/aid/16
INFO: [ app_begin ] --START--
INFO: Run Behavior\ReadHtmlCacheBehavior [ RunTime:0.001794s ]
INFO: [ app_begin ] --END-- [ RunTime:0.003732s ]
SQL: select node.id,node.name from blog_role as role,blog_role_user as user,blog_access as access ,blog_node as node where user.user_id='1' and user.role_id=role.id and ( access.role_id=role.id  or (access.role_id=role.pid and role.pid!=0 ) ) and role.status=1 and access.node_id=node.id and node.level=1 and node.status=1 [ RunTime:0.0073s ]
SQL: select node.id,node.name from blog_role as role,blog_role_user as user,blog_access as access ,blog_node as node where user.user_id='1' and user.role_id=role.id and ( access.role_id=role.id  or (access.role_id=role.pid and role.pid!=0 ) ) and role.status=1 and access.node_id=node.id and node.level=2 and node.pid=22 and node.status=1 [ RunTime:0.0018s ]
SQL: select node.id,node.name from blog_role as role,blog_role_user as user,blog_access as access ,blog_node as node where user.user_id='1' and user.role_id=role.id and ( access.role_id=role.id  or (access.role_id=role.pid and role.pid!=0 ) ) and role.status=1 and access.node_id=node.id and node.level=3 and node.pid=23 and node.status=1 [ RunTime:0.0021s ]
SQL: select node.id,node.name from blog_role as role,blog_role_user as user,blog_access as access ,blog_node as node where user.user_id='1' and user.role_id=role.id and ( access.role_id=role.id  or (access.role_id=role.pid and role.pid!=0 ) ) and role.status=1 and access.node_id=node.id and node.level=3 and node.pid=37 and node.status=1 [ RunTime:0.0014s ]
SQL: select node.id,node.name from blog_role as role,blog_role_user as user,blog_access as access ,blog_node as node where user.user_id='1' and user.role_id=role.id and ( access.role_id=role.id  or (access.role_id=role.pid and role.pid!=0 ) ) and role.status=1 and access.node_id=node.id and node.level=3 and node.pid=39 and node.status=1 [ RunTime:0.0014s ]
INFO: [ view_parse ] --START--
INFO: [ template_filter ] --START--
INFO: Run Behavior\ContentReplaceBehavior [ RunTime:0.000243s ]
INFO: [ template_filter ] --END-- [ RunTime:0.000609s ]
INFO: Run Behavior\ParseTemplateBehavior [ RunTime:0.024485s ]
INFO: [ view_parse ] --END-- [ RunTime:0.025097s ]
INFO: [ view_filter ] --START--
INFO: Run Behavior\WriteHtmlCacheBehavior [ RunTime:0.001128s ]
INFO: [ view_filter ] --END-- [ RunTime:0.001739s ]
INFO: [ app_end ] --START--
INFO: Run Behavior\ShowPageTraceBehavior [ RunTime:0.001194s ]
INFO: [ app_end ] --END-- [ RunTime:0.001502s ]

[ 2016-09-09T21:35:26+08:00 ] ::1 /index.php/Admin/Album/addPicture/aid/5
INFO: [ app_begin ] --START--
INFO: Run Behavior\ReadHtmlCacheBehavior [ RunTime:0.001329s ]
INFO: [ app_begin ] --END-- [ RunTime:0.002527s ]
INFO: [ view_parse ] --START--
INFO: [ template_filter ] --START--
INFO: Run Behavior\ContentReplaceBehavior [ RunTime:0.000265s ]
INFO: [ template_filter ] --END-- [ RunTime:0.000771s ]
INFO: Run Behavior\ParseTemplateBehavior [ RunTime:0.019246s ]
INFO: [ view_parse ] --END-- [ RunTime:0.019795s ]
INFO: [ view_filter ] --START--
INFO: Run Behavior\WriteHtmlCacheBehavior [ RunTime:0.001850s ]
INFO: [ view_filter ] --END-- [ RunTime:0.002436s ]
INFO: [ app_end ] --START--
INFO: Run Behavior\ShowPageTraceBehavior [ RunTime:0.001581s ]
INFO: [ app_end ] --END-- [ RunTime:0.002080s ]

[ 2016-09-09T23:40:24+08:00 ] ::1 /index.php/Admin/Album/addPicture/aid/5
INFO: [ app_begin ] --START--
INFO: Run Behavior\ReadHtmlCacheBehavior [ RunTime:0.001813s ]
INFO: [ app_begin ] --END-- [ RunTime:0.003440s ]
INFO: [ view_parse ] --START--
INFO: [ template_filter ] --START--
INFO: Run Behavior\ContentReplaceBehavior [ RunTime:0.000241s ]
INFO: [ template_filter ] --END-- [ RunTime:0.000580s ]
INFO: Run Behavior\ParseTemplateBehavior [ RunTime:0.038900s ]
INFO: [ view_parse ] --END-- [ RunTime:0.039367s ]
INFO: [ view_filter ] --START--
INFO: Run Behavior\WriteHtmlCacheBehavior [ RunTime:0.001014s ]
INFO: [ view_filter ] --END-- [ RunTime:0.001303s ]
INFO: [ app_end ] --START--
INFO: Run Behavior\ShowPageTraceBehavior [ RunTime:0.003226s ]
INFO: [ app_end ] --END-- [ RunTime:0.003776s ]

[ 2016-09-09T23:41:55+08:00 ] ::1 /index.php/Admin/Album/addPicture/aid/5
INFO: [ app_begin ] --START--
INFO: Run Behavior\ReadHtmlCacheBehavior [ RunTime:0.001508s ]
INFO: [ app_begin ] --END-- [ RunTime:0.002606s ]
INFO: [ view_parse ] --START--
INFO: [ template_filter ] --START--
INFO: Run Behavior\ContentReplaceBehavior [ RunTime:0.000239s ]
INFO: [ template_filter ] --END-- [ RunTime:0.000562s ]
INFO: Run Behavior\ParseTemplateBehavior [ RunTime:0.020483s ]
INFO: [ view_parse ] --END-- [ RunTime:0.021004s ]
INFO: [ view_filter ] --START--
INFO: Run Behavior\WriteHtmlCacheBehavior [ RunTime:0.000694s ]
INFO: [ view_filter ] --END-- [ RunTime:0.000981s ]
INFO: [ app_end ] --START--
INFO: Run Behavior\ShowPageTraceBehavior [ RunTime:0.001178s ]
INFO: [ app_end ] --END-- [ RunTime:0.001480s ]

[ 2016-09-09T23:49:32+08:00 ] ::1 /index.php/Admin/Album/addPicture/aid/5
INFO: [ app_begin ] --START--
INFO: Run Behavior\ReadHtmlCacheBehavior [ RunTime:0.001874s ]
INFO: [ app_begin ] --END-- [ RunTime:0.003247s ]
INFO: [ view_parse ] --START--
INFO: [ template_filter ] --START--
INFO: Run Behavior\ContentReplaceBehavior [ RunTime:0.001594s ]
INFO: [ template_filter ] --END-- [ RunTime:0.004116s ]
INFO: Run Behavior\ParseTemplateBehavior [ RunTime:0.034525s ]
INFO: [ view_parse ] --END-- [ RunTime:0.034858s ]
INFO: [ view_filter ] --START--
INFO: Run Behavior\WriteHtmlCacheBehavior [ RunTime:0.001275s ]
INFO: [ view_filter ] --END-- [ RunTime:0.001598s ]
INFO: [ app_end ] --START--
INFO: Run Behavior\ShowPageTraceBehavior [ RunTime:0.001663s ]
INFO: [ app_end ] --END-- [ RunTime:0.001964s ]

[ 2016-09-09T23:51:26+08:00 ] ::1 /index.php/Admin/Category/editCategory/deepId/1_6
INFO: [ app_begin ] --START--
INFO: Run Behavior\ReadHtmlCacheBehavior [ RunTime:0.001734s ]
INFO: [ app_begin ] --END-- [ RunTime:0.003291s ]
SQL: SHOW COLUMNS FROM `blog_category` [ RunTime:0.0072s ]
SQL: SELECT `name` FROM `blog_category` WHERE ( id='6' ) LIMIT 1   [ RunTime:0.0008s ]
SQL: SELECT `id`,`name` FROM `blog_category` WHERE ( pid=0 )  [ RunTime:0.0200s ]
INFO: [ view_parse ] --START--
INFO: [ template_filter ] --START--
INFO: Run Behavior\ContentReplaceBehavior [ RunTime:0.000209s ]
INFO: [ template_filter ] --END-- [ RunTime:0.000534s ]
NOTIC: [8] Undefined index: html E:\wamp\www\blog\Blog\Runtime\Cache\Admin\6771c802fdcc1f8392a240c917c64ce0.php 第 34 行.
NOTIC: [8] Undefined index: html E:\wamp\www\blog\Blog\Runtime\Cache\Admin\6771c802fdcc1f8392a240c917c64ce0.php 第 34 行.
NOTIC: [8] Undefined index: html E:\wamp\www\blog\Blog\Runtime\Cache\Admin\6771c802fdcc1f8392a240c917c64ce0.php 第 34 行.
NOTIC: [8] Undefined index: html E:\wamp\www\blog\Blog\Runtime\Cache\Admin\6771c802fdcc1f8392a240c917c64ce0.php 第 34 行.
NOTIC: [8] Undefined index: html E:\wamp\www\blog\Blog\Runtime\Cache\Admin\6771c802fdcc1f8392a240c917c64ce0.php 第 34 行.
NOTIC: [8] Undefined index: html E:\wamp\www\blog\Blog\Runtime\Cache\Admin\6771c802fdcc1f8392a240c917c64ce0.php 第 34 行.
NOTIC: [8] Undefined index: html E:\wamp\www\blog\Blog\Runtime\Cache\Admin\6771c802fdcc1f8392a240c917c64ce0.php 第 34 行.
INFO: Run Behavior\ParseTemplateBehavior [ RunTime:0.031090s ]
INFO: [ view_parse ] --END-- [ RunTime:0.031554s ]
INFO: [ view_filter ] --START--
INFO: Run Behavior\WriteHtmlCacheBehavior [ RunTime:0.000936s ]
INFO: [ view_filter ] --END-- [ RunTime:0.001254s ]
INFO: [ app_end ] --START--
INFO: Run Behavior\ShowPageTraceBehavior [ RunTime:0.001126s ]
INFO: [ app_end ] --END-- [ RunTime:0.001424s ]

