[ 2016-09-04T18:57:46+08:00 ] ::1 /index.php/Admin/Pictrue/index
ERR: 无法加载控制器:Pictrue

[ 2016-09-04T19:01:44+08:00 ] ::1 /index.php/Admin/Album/addAlbum
ERR: 非法操作:addAlbum

[ 2016-09-04T19:49:46+08:00 ] ::1 /index.php/Admin/Album/addAlum
INFO: [ app_begin ] --START--
INFO: Run Behavior\ReadHtmlCacheBehavior [ RunTime:0.002073s ]
INFO: [ app_begin ] --END-- [ RunTime:0.004477s ]
NOTIC: [8] Undefined index: authId E:\wamp\www\blog\ThinkPHP\Library\Org\Util\Rbac.class.php 第 167 行.
SQL: select node.id,node.name from blog_role as role,blog_role_user as user,blog_access as access ,blog_node as node where user.user_id='' and user.role_id=role.id and ( access.role_id=role.id  or (access.role_id=role.pid and role.pid!=0 ) ) and role.status=1 and access.node_id=node.id and node.level=1 and node.status=1 [ RunTime:0.0016s ]
ERR: 非法操作:addAlum

[ 2016-09-04T19:50:16+08:00 ] ::1 /index.php/Admin/Album/addAlum
INFO: [ app_begin ] --START--
INFO: Run Behavior\ReadHtmlCacheBehavior [ RunTime:0.002483s ]
INFO: [ app_begin ] --END-- [ RunTime:0.004347s ]
NOTIC: [8] Undefined index: authId E:\wamp\www\blog\ThinkPHP\Library\Org\Util\Rbac.class.php 第 167 行.
SQL: select node.id,node.name from blog_role as role,blog_role_user as user,blog_access as access ,blog_node as node where user.user_id='' and user.role_id=role.id and ( access.role_id=role.id  or (access.role_id=role.pid and role.pid!=0 ) ) and role.status=1 and access.node_id=node.id and node.level=1 and node.status=1 [ RunTime:0.0022s ]
ERR: 非法操作:addAlum

[ 2016-09-04T19:50:57+08:00 ] ::1 /index.php/Admin/Album/addAlum
ERR: 非法操作:addAlum

[ 2016-09-04T19:51:46+08:00 ] ::1 /index.php/Admin/Album/addAlum
ERR: 非法操作:addAlum

[ 2016-09-04T19:52:38+08:00 ] ::1 /index.php/Admin/Album/addAlum
INFO: [ app_begin ] --START--
INFO: Run Behavior\ReadHtmlCacheBehavior [ RunTime:0.002043s ]
INFO: [ app_begin ] --END-- [ RunTime:0.003790s ]
NOTIC: [8] Undefined index: authId E:\wamp\www\blog\ThinkPHP\Library\Org\Util\Rbac.class.php 第 167 行.
SQL: select node.id,node.name from blog_role as role,blog_role_user as user,blog_access as access ,blog_node as node where user.user_id='' and user.role_id=role.id and ( access.role_id=role.id  or (access.role_id=role.pid and role.pid!=0 ) ) and role.status=1 and access.node_id=node.id and node.level=1 and node.status=1 [ RunTime:0.0221s ]
ERR: 非法操作:addAlum

[ 2016-09-04T19:53:49+08:00 ] ::1 /index.php/Admin/Pictrue/index
ERR: 无法加载控制器:Pictrue

[ 2016-09-04T19:54:18+08:00 ] ::1 /index.php/Admin/Album/addAlum
INFO: [ app_begin ] --START--
INFO: Run Behavior\ReadHtmlCacheBehavior [ RunTime:0.001340s ]
INFO: [ app_begin ] --END-- [ RunTime:0.002453s ]
NOTIC: [8] Undefined index: authId E:\wamp\www\blog\ThinkPHP\Library\Org\Util\Rbac.class.php 第 167 行.
SQL: select node.id,node.name from blog_role as role,blog_role_user as user,blog_access as access ,blog_node as node where user.user_id='' and user.role_id=role.id and ( access.role_id=role.id  or (access.role_id=role.pid and role.pid!=0 ) ) and role.status=1 and access.node_id=node.id and node.level=1 and node.status=1 [ RunTime:0.0013s ]
ERR: 非法操作:addAlum

[ 2016-09-04T19:54:44+08:00 ] ::1 /index.php/Admin/Album/addAlum
ERR: 非法操作:addAlum

[ 2016-09-04T21:02:55+08:00 ] ::1 /index.php/Admin/Album/addAlum
INFO: [ app_begin ] --START--
INFO: Run Behavior\ReadHtmlCacheBehavior [ RunTime:0.001172s ]
INFO: [ app_begin ] --END-- [ RunTime:0.002247s ]
NOTIC: [8] Undefined index: authId E:\wamp\www\blog\ThinkPHP\Library\Org\Util\Rbac.class.php 第 167 行.
SQL: select node.id,node.name from blog_role as role,blog_role_user as user,blog_access as access ,blog_node as node where user.user_id='' and user.role_id=role.id and ( access.role_id=role.id  or (access.role_id=role.pid and role.pid!=0 ) ) and role.status=1 and access.node_id=node.id and node.level=1 and node.status=1 [ RunTime:0.0024s ]
ERR: 非法操作:addAlum

[ 2016-09-04T21:04:28+08:00 ] ::1 /index.php/Admin/Album/addAlbum
INFO: [ app_begin ] --START--
INFO: Run Behavior\ReadHtmlCacheBehavior [ RunTime:0.001751s ]
INFO: [ app_begin ] --END-- [ RunTime:0.003405s ]
NOTIC: [8] Undefined index: authId E:\wamp\www\blog\ThinkPHP\Library\Org\Util\Rbac.class.php 第 167 行.
SQL: select node.id,node.name from blog_role as role,blog_role_user as user,blog_access as access ,blog_node as node where user.user_id='' and user.role_id=role.id and ( access.role_id=role.id  or (access.role_id=role.pid and role.pid!=0 ) ) and role.status=1 and access.node_id=node.id and node.level=1 and node.status=1 [ RunTime:0.0013s ]
INFO: [ view_parse ] --START--
INFO: [ template_filter ] --START--
INFO: Run Behavior\ContentReplaceBehavior [ RunTime:0.000511s ]
INFO: [ template_filter ] --END-- [ RunTime:0.001261s ]
INFO: Run Behavior\ParseTemplateBehavior [ RunTime:0.031070s ]
INFO: [ view_parse ] --END-- [ RunTime:0.031626s ]
INFO: [ view_filter ] --START--
INFO: Run Behavior\WriteHtmlCacheBehavior [ RunTime:0.000848s ]
INFO: [ view_filter ] --END-- [ RunTime:0.001263s ]
INFO: [ app_end ] --START--
INFO: Run Behavior\ShowPageTraceBehavior [ RunTime:0.001136s ]
INFO: [ app_end ] --END-- [ RunTime:0.001561s ]

[ 2016-09-04T21:05:21+08:00 ] ::1 /index.php/Admin/Album/addAlbum
INFO: [ app_begin ] --START--
INFO: Run Behavior\ReadHtmlCacheBehavior [ RunTime:0.001587s ]
INFO: [ app_begin ] --END-- [ RunTime:0.002771s ]
NOTIC: [8] Undefined index: authId E:\wamp\www\blog\ThinkPHP\Library\Org\Util\Rbac.class.php 第 167 行.
SQL: select node.id,node.name from blog_role as role,blog_role_user as user,blog_access as access ,blog_node as node where user.user_id='' and user.role_id=role.id and ( access.role_id=role.id  or (access.role_id=role.pid and role.pid!=0 ) ) and role.status=1 and access.node_id=node.id and node.level=1 and node.status=1 [ RunTime:0.0015s ]
INFO: [ view_parse ] --START--
INFO: [ template_filter ] --START--
INFO: Run Behavior\ContentReplaceBehavior [ RunTime:0.000240s ]
INFO: [ template_filter ] --END-- [ RunTime:0.000584s ]
INFO: Run Behavior\ParseTemplateBehavior [ RunTime:0.018058s ]
INFO: [ view_parse ] --END-- [ RunTime:0.018379s ]
INFO: [ view_filter ] --START--
INFO: Run Behavior\WriteHtmlCacheBehavior [ RunTime:0.000985s ]
INFO: [ view_filter ] --END-- [ RunTime:0.001276s ]
INFO: [ app_end ] --START--
INFO: Run Behavior\ShowPageTraceBehavior [ RunTime:0.001411s ]
INFO: [ app_end ] --END-- [ RunTime:0.001714s ]

[ 2016-09-04T21:10:24+08:00 ] ::1 /index.php/Admin/Album/addAlbum
INFO: [ app_begin ] --START--
INFO: Run Behavior\ReadHtmlCacheBehavior [ RunTime:0.004296s ]
INFO: [ app_begin ] --END-- [ RunTime:0.006240s ]
NOTIC: [8] Undefined index: authId E:\wamp\www\blog\ThinkPHP\Library\Org\Util\Rbac.class.php 第 167 行.
SQL: select node.id,node.name from blog_role as role,blog_role_user as user,blog_access as access ,blog_node as node where user.user_id='' and user.role_id=role.id and ( access.role_id=role.id  or (access.role_id=role.pid and role.pid!=0 ) ) and role.status=1 and access.node_id=node.id and node.level=1 and node.status=1 [ RunTime:0.0017s ]
INFO: [ view_parse ] --START--
INFO: [ template_filter ] --START--
INFO: Run Behavior\ContentReplaceBehavior [ RunTime:0.000391s ]
INFO: [ template_filter ] --END-- [ RunTime:0.000990s ]
INFO: Run Behavior\ParseTemplateBehavior [ RunTime:0.029491s ]
INFO: [ view_parse ] --END-- [ RunTime:0.029994s ]
INFO: [ view_filter ] --START--
INFO: Run Behavior\WriteHtmlCacheBehavior [ RunTime:0.001067s ]
INFO: [ view_filter ] --END-- [ RunTime:0.001428s ]
INFO: [ app_end ] --START--
INFO: Run Behavior\ShowPageTraceBehavior [ RunTime:0.001496s ]
INFO: [ app_end ] --END-- [ RunTime:0.001811s ]

[ 2016-09-04T21:11:23+08:00 ] ::1 /index.php/Admin/Album/addAlbum
INFO: [ app_begin ] --START--
INFO: Run Behavior\ReadHtmlCacheBehavior [ RunTime:0.001821s ]
INFO: [ app_begin ] --END-- [ RunTime:0.003606s ]
NOTIC: [8] Undefined index: authId E:\wamp\www\blog\ThinkPHP\Library\Org\Util\Rbac.class.php 第 167 行.
SQL: select node.id,node.name from blog_role as role,blog_role_user as user,blog_access as access ,blog_node as node where user.user_id='' and user.role_id=role.id and ( access.role_id=role.id  or (access.role_id=role.pid and role.pid!=0 ) ) and role.status=1 and access.node_id=node.id and node.level=1 and node.status=1 [ RunTime:0.0016s ]
INFO: [ view_parse ] --START--
INFO: [ template_filter ] --START--
INFO: Run Behavior\ContentReplaceBehavior [ RunTime:0.000429s ]
INFO: [ template_filter ] --END-- [ RunTime:0.001020s ]
INFO: Run Behavior\ParseTemplateBehavior [ RunTime:0.025617s ]
INFO: [ view_parse ] --END-- [ RunTime:0.026269s ]
INFO: [ view_filter ] --START--
INFO: Run Behavior\WriteHtmlCacheBehavior [ RunTime:0.001262s ]
INFO: [ view_filter ] --END-- [ RunTime:0.001820s ]
INFO: [ app_end ] --START--
INFO: Run Behavior\ShowPageTraceBehavior [ RunTime:0.001800s ]
INFO: [ app_end ] --END-- [ RunTime:0.002372s ]

[ 2016-09-04T21:12:18+08:00 ] ::1 /index.php/Admin/Album/addAlbum
INFO: [ app_begin ] --START--
INFO: Run Behavior\ReadHtmlCacheBehavior [ RunTime:0.001446s ]
INFO: [ app_begin ] --END-- [ RunTime:0.002776s ]
NOTIC: [8] Undefined index: authId E:\wamp\www\blog\ThinkPHP\Library\Org\Util\Rbac.class.php 第 167 行.
SQL: select node.id,node.name from blog_role as role,blog_role_user as user,blog_access as access ,blog_node as node where user.user_id='' and user.role_id=role.id and ( access.role_id=role.id  or (access.role_id=role.pid and role.pid!=0 ) ) and role.status=1 and access.node_id=node.id and node.level=1 and node.status=1 [ RunTime:0.0013s ]
INFO: [ view_parse ] --START--
INFO: [ template_filter ] --START--
INFO: Run Behavior\ContentReplaceBehavior [ RunTime:0.000276s ]
INFO: [ template_filter ] --END-- [ RunTime:0.000693s ]
INFO: Run Behavior\ParseTemplateBehavior [ RunTime:0.016540s ]
INFO: [ view_parse ] --END-- [ RunTime:0.016943s ]
INFO: [ view_filter ] --START--
INFO: Run Behavior\WriteHtmlCacheBehavior [ RunTime:0.000874s ]
INFO: [ view_filter ] --END-- [ RunTime:0.001238s ]
INFO: [ app_end ] --START--
INFO: Run Behavior\ShowPageTraceBehavior [ RunTime:0.001423s ]
INFO: [ app_end ] --END-- [ RunTime:0.001946s ]

[ 2016-09-04T21:13:06+08:00 ] ::1 /index.php/Admin/Album/addAlbum
INFO: [ app_begin ] --START--
INFO: Run Behavior\ReadHtmlCacheBehavior [ RunTime:0.002540s ]
INFO: [ app_begin ] --END-- [ RunTime:0.004324s ]
NOTIC: [8] Undefined index: authId E:\wamp\www\blog\ThinkPHP\Library\Org\Util\Rbac.class.php 第 167 行.
SQL: select node.id,node.name from blog_role as role,blog_role_user as user,blog_access as access ,blog_node as node where user.user_id='' and user.role_id=role.id and ( access.role_id=role.id  or (access.role_id=role.pid and role.pid!=0 ) ) and role.status=1 and access.node_id=node.id and node.level=1 and node.status=1 [ RunTime:0.0015s ]
INFO: [ view_parse ] --START--
INFO: [ template_filter ] --START--
INFO: Run Behavior\ContentReplaceBehavior [ RunTime:0.000433s ]
INFO: [ template_filter ] --END-- [ RunTime:0.000970s ]
INFO: Run Behavior\ParseTemplateBehavior [ RunTime:0.025926s ]
INFO: [ view_parse ] --END-- [ RunTime:0.026486s ]
INFO: [ view_filter ] --START--
INFO: Run Behavior\WriteHtmlCacheBehavior [ RunTime:0.001471s ]
INFO: [ view_filter ] --END-- [ RunTime:0.002006s ]
INFO: [ app_end ] --START--
INFO: Run Behavior\ShowPageTraceBehavior [ RunTime:0.002040s ]
INFO: [ app_end ] --END-- [ RunTime:0.002571s ]

[ 2016-09-04T21:14:04+08:00 ] ::1 /index.php/Admin/Album/addAlbum
INFO: [ app_begin ] --START--
INFO: Run Behavior\ReadHtmlCacheBehavior [ RunTime:0.002087s ]
INFO: [ app_begin ] --END-- [ RunTime:0.005280s ]
NOTIC: [8] Undefined index: authId E:\wamp\www\blog\ThinkPHP\Library\Org\Util\Rbac.class.php 第 167 行.
SQL: select node.id,node.name from blog_role as role,blog_role_user as user,blog_access as access ,blog_node as node where user.user_id='' and user.role_id=role.id and ( access.role_id=role.id  or (access.role_id=role.pid and role.pid!=0 ) ) and role.status=1 and access.node_id=node.id and node.level=1 and node.status=1 [ RunTime:0.0015s ]
INFO: [ view_parse ] --START--
INFO: [ template_filter ] --START--
INFO: Run Behavior\ContentReplaceBehavior [ RunTime:0.000364s ]
INFO: [ template_filter ] --END-- [ RunTime:0.000921s ]
INFO: Run Behavior\ParseTemplateBehavior [ RunTime:0.022128s ]
INFO: [ view_parse ] --END-- [ RunTime:0.022683s ]
INFO: [ view_filter ] --START--
INFO: Run Behavior\WriteHtmlCacheBehavior [ RunTime:0.000987s ]
INFO: [ view_filter ] --END-- [ RunTime:0.001477s ]
INFO: [ app_end ] --START--
INFO: Run Behavior\ShowPageTraceBehavior [ RunTime:0.001853s ]
INFO: [ app_end ] --END-- [ RunTime:0.002439s ]

[ 2016-09-04T21:14:47+08:00 ] ::1 /index.php/Admin/Album/addAlbum
INFO: [ app_begin ] --START--
INFO: Run Behavior\ReadHtmlCacheBehavior [ RunTime:0.002009s ]
INFO: [ app_begin ] --END-- [ RunTime:0.004938s ]
NOTIC: [8] Undefined index: authId E:\wamp\www\blog\ThinkPHP\Library\Org\Util\Rbac.class.php 第 167 行.
SQL: select node.id,node.name from blog_role as role,blog_role_user as user,blog_access as access ,blog_node as node where user.user_id='' and user.role_id=role.id and ( access.role_id=role.id  or (access.role_id=role.pid and role.pid!=0 ) ) and role.status=1 and access.node_id=node.id and node.level=1 and node.status=1 [ RunTime:0.0025s ]
INFO: [ view_parse ] --START--
INFO: [ template_filter ] --START--
INFO: Run Behavior\ContentReplaceBehavior [ RunTime:0.000394s ]
INFO: [ template_filter ] --END-- [ RunTime:0.001050s ]
INFO: Run Behavior\ParseTemplateBehavior [ RunTime:0.029275s ]
INFO: [ view_parse ] --END-- [ RunTime:0.029856s ]
INFO: [ view_filter ] --START--
INFO: Run Behavior\WriteHtmlCacheBehavior [ RunTime:0.001075s ]
INFO: [ view_filter ] --END-- [ RunTime:0.003100s ]
INFO: [ app_end ] --START--
INFO: Run Behavior\ShowPageTraceBehavior [ RunTime:0.001839s ]
INFO: [ app_end ] --END-- [ RunTime:0.002409s ]

[ 2016-09-04T21:15:22+08:00 ] ::1 /index.php/Admin/Album/addAlbum
INFO: [ app_begin ] --START--
INFO: Run Behavior\ReadHtmlCacheBehavior [ RunTime:0.006142s ]
INFO: [ app_begin ] --END-- [ RunTime:0.010442s ]
NOTIC: [8] Undefined index: authId E:\wamp\www\blog\ThinkPHP\Library\Org\Util\Rbac.class.php 第 167 行.
SQL: select node.id,node.name from blog_role as role,blog_role_user as user,blog_access as access ,blog_node as node where user.user_id='' and user.role_id=role.id and ( access.role_id=role.id  or (access.role_id=role.pid and role.pid!=0 ) ) and role.status=1 and access.node_id=node.id and node.level=1 and node.status=1 [ RunTime:0.0018s ]
INFO: [ view_parse ] --START--
INFO: [ template_filter ] --START--
INFO: Run Behavior\ContentReplaceBehavior [ RunTime:0.000538s ]
INFO: [ template_filter ] --END-- [ RunTime:0.001453s ]
INFO: Run Behavior\ParseTemplateBehavior [ RunTime:0.033161s ]
INFO: [ view_parse ] --END-- [ RunTime:0.033780s ]
INFO: [ view_filter ] --START--
INFO: Run Behavior\WriteHtmlCacheBehavior [ RunTime:0.001812s ]
INFO: [ view_filter ] --END-- [ RunTime:0.002535s ]
INFO: [ app_end ] --START--
INFO: Run Behavior\ShowPageTraceBehavior [ RunTime:0.003163s ]
INFO: [ app_end ] --END-- [ RunTime:0.003869s ]

[ 2016-09-04T21:15:59+08:00 ] ::1 /index.php/Admin/Album/addAlbum
INFO: [ app_begin ] --START--
INFO: Run Behavior\ReadHtmlCacheBehavior [ RunTime:0.001693s ]
INFO: [ app_begin ] --END-- [ RunTime:0.003333s ]
NOTIC: [8] Undefined index: authId E:\wamp\www\blog\ThinkPHP\Library\Org\Util\Rbac.class.php 第 167 行.
SQL: select node.id,node.name from blog_role as role,blog_role_user as user,blog_access as access ,blog_node as node where user.user_id='' and user.role_id=role.id and ( access.role_id=role.id  or (access.role_id=role.pid and role.pid!=0 ) ) and role.status=1 and access.node_id=node.id and node.level=1 and node.status=1 [ RunTime:0.0015s ]
INFO: [ view_parse ] --START--
INFO: [ template_filter ] --START--
INFO: Run Behavior\ContentReplaceBehavior [ RunTime:0.000386s ]
INFO: [ template_filter ] --END-- [ RunTime:0.000999s ]
INFO: Run Behavior\ParseTemplateBehavior [ RunTime:0.029548s ]
INFO: [ view_parse ] --END-- [ RunTime:0.030124s ]
INFO: [ view_filter ] --START--
INFO: Run Behavior\WriteHtmlCacheBehavior [ RunTime:0.001122s ]
INFO: [ view_filter ] --END-- [ RunTime:0.001666s ]
INFO: [ app_end ] --START--
INFO: Run Behavior\ShowPageTraceBehavior [ RunTime:0.002799s ]
INFO: [ app_end ] --END-- [ RunTime:0.004371s ]

[ 2016-09-04T21:17:39+08:00 ] ::1 /index.php/Admin/Album/addAlbum
INFO: [ app_begin ] --START--
INFO: Run Behavior\ReadHtmlCacheBehavior [ RunTime:0.001783s ]
INFO: [ app_begin ] --END-- [ RunTime:0.003663s ]
NOTIC: [8] Undefined index: authId E:\wamp\www\blog\ThinkPHP\Library\Org\Util\Rbac.class.php 第 167 行.
SQL: select node.id,node.name from blog_role as role,blog_role_user as user,blog_access as access ,blog_node as node where user.user_id='' and user.role_id=role.id and ( access.role_id=role.id  or (access.role_id=role.pid and role.pid!=0 ) ) and role.status=1 and access.node_id=node.id and node.level=1 and node.status=1 [ RunTime:0.0020s ]
INFO: [ view_parse ] --START--
INFO: [ template_filter ] --START--
INFO: Run Behavior\ContentReplaceBehavior [ RunTime:0.003255s ]
INFO: [ template_filter ] --END-- [ RunTime:0.004071s ]
INFO: Run Behavior\ParseTemplateBehavior [ RunTime:0.054724s ]
INFO: [ view_parse ] --END-- [ RunTime:0.055531s ]
INFO: [ view_filter ] --START--
INFO: Run Behavior\WriteHtmlCacheBehavior [ RunTime:0.001307s ]
INFO: [ view_filter ] --END-- [ RunTime:0.001859s ]
INFO: [ app_end ] --START--
INFO: Run Behavior\ShowPageTraceBehavior [ RunTime:0.001933s ]
INFO: [ app_end ] --END-- [ RunTime:0.002571s ]

[ 2016-09-04T21:18:30+08:00 ] ::1 /index.php/Admin/Album/addAlbum
INFO: [ app_begin ] --START--
INFO: Run Behavior\ReadHtmlCacheBehavior [ RunTime:0.002182s ]
INFO: [ app_begin ] --END-- [ RunTime:0.003902s ]
NOTIC: [8] Undefined index: authId E:\wamp\www\blog\ThinkPHP\Library\Org\Util\Rbac.class.php 第 167 行.
SQL: select node.id,node.name from blog_role as role,blog_role_user as user,blog_access as access ,blog_node as node where user.user_id='' and user.role_id=role.id and ( access.role_id=role.id  or (access.role_id=role.pid and role.pid!=0 ) ) and role.status=1 and access.node_id=node.id and node.level=1 and node.status=1 [ RunTime:0.0016s ]
INFO: [ view_parse ] --START--
INFO: [ template_filter ] --START--
INFO: Run Behavior\ContentReplaceBehavior [ RunTime:0.000337s ]
INFO: [ template_filter ] --END-- [ RunTime:0.000864s ]
INFO: Run Behavior\ParseTemplateBehavior [ RunTime:0.027960s ]
INFO: [ view_parse ] --END-- [ RunTime:0.029087s ]
INFO: [ view_filter ] --START--
INFO: Run Behavior\WriteHtmlCacheBehavior [ RunTime:0.001788s ]
INFO: [ view_filter ] --END-- [ RunTime:0.002531s ]
INFO: [ app_end ] --START--
INFO: Run Behavior\ShowPageTraceBehavior [ RunTime:0.002097s ]
INFO: [ app_end ] --END-- [ RunTime:0.002670s ]

[ 2016-09-04T21:19:53+08:00 ] ::1 /index.php/Admin/Album/addAlbum
INFO: [ app_begin ] --START--
INFO: Run Behavior\ReadHtmlCacheBehavior [ RunTime:0.004424s ]
INFO: [ app_begin ] --END-- [ RunTime:0.011225s ]
NOTIC: [8] Undefined index: authId E:\wamp\www\blog\ThinkPHP\Library\Org\Util\Rbac.class.php 第 167 行.
SQL: select node.id,node.name from blog_role as role,blog_role_user as user,blog_access as access ,blog_node as node where user.user_id='' and user.role_id=role.id and ( access.role_id=role.id  or (access.role_id=role.pid and role.pid!=0 ) ) and role.status=1 and access.node_id=node.id and node.level=1 and node.status=1 [ RunTime:0.0017s ]
INFO: [ view_parse ] --START--
INFO: [ template_filter ] --START--
INFO: Run Behavior\ContentReplaceBehavior [ RunTime:0.000388s ]
INFO: [ template_filter ] --END-- [ RunTime:0.001004s ]
INFO: Run Behavior\ParseTemplateBehavior [ RunTime:0.026556s ]
INFO: [ view_parse ] --END-- [ RunTime:0.027165s ]
INFO: [ view_filter ] --START--
INFO: Run Behavior\WriteHtmlCacheBehavior [ RunTime:0.001575s ]
INFO: [ view_filter ] --END-- [ RunTime:0.002135s ]
INFO: [ app_end ] --START--
INFO: Run Behavior\ShowPageTraceBehavior [ RunTime:0.002472s ]
INFO: [ app_end ] --END-- [ RunTime:0.003150s ]

[ 2016-09-04T21:21:42+08:00 ] ::1 /index.php/Admin/Album/addAlbum
INFO: [ app_begin ] --START--
INFO: Run Behavior\ReadHtmlCacheBehavior [ RunTime:0.008092s ]
INFO: [ app_begin ] --END-- [ RunTime:0.015098s ]
NOTIC: [8] Undefined index: authId E:\wamp\www\blog\ThinkPHP\Library\Org\Util\Rbac.class.php 第 167 行.
SQL: select node.id,node.name from blog_role as role,blog_role_user as user,blog_access as access ,blog_node as node where user.user_id='' and user.role_id=role.id and ( access.role_id=role.id  or (access.role_id=role.pid and role.pid!=0 ) ) and role.status=1 and access.node_id=node.id and node.level=1 and node.status=1 [ RunTime:0.0020s ]
INFO: [ view_parse ] --START--
INFO: [ template_filter ] --START--
INFO: Run Behavior\ContentReplaceBehavior [ RunTime:0.000491s ]
INFO: [ template_filter ] --END-- [ RunTime:0.001172s ]
INFO: Run Behavior\ParseTemplateBehavior [ RunTime:0.033419s ]
INFO: [ view_parse ] --END-- [ RunTime:0.033982s ]
INFO: [ view_filter ] --START--
INFO: Run Behavior\WriteHtmlCacheBehavior [ RunTime:0.001862s ]
INFO: [ view_filter ] --END-- [ RunTime:0.002353s ]
INFO: [ app_end ] --START--
INFO: Run Behavior\ShowPageTraceBehavior [ RunTime:0.003944s ]
INFO: [ app_end ] --END-- [ RunTime:0.004466s ]

[ 2016-09-04T21:23:46+08:00 ] ::1 /index.php/Admin/Album/addAlbum
INFO: [ app_begin ] --START--
INFO: Run Behavior\ReadHtmlCacheBehavior [ RunTime:0.003450s ]
INFO: [ app_begin ] --END-- [ RunTime:0.008531s ]
NOTIC: [8] Undefined index: authId E:\wamp\www\blog\ThinkPHP\Library\Org\Util\Rbac.class.php 第 167 行.
SQL: select node.id,node.name from blog_role as role,blog_role_user as user,blog_access as access ,blog_node as node where user.user_id='' and user.role_id=role.id and ( access.role_id=role.id  or (access.role_id=role.pid and role.pid!=0 ) ) and role.status=1 and access.node_id=node.id and node.level=1 and node.status=1 [ RunTime:0.0014s ]
INFO: [ view_parse ] --START--
INFO: [ template_filter ] --START--
INFO: Run Behavior\ContentReplaceBehavior [ RunTime:0.000558s ]
INFO: [ template_filter ] --END-- [ RunTime:0.001337s ]
INFO: Run Behavior\ParseTemplateBehavior [ RunTime:0.027094s ]
INFO: [ view_parse ] --END-- [ RunTime:0.027600s ]
INFO: [ view_filter ] --START--
INFO: Run Behavior\WriteHtmlCacheBehavior [ RunTime:0.001645s ]
INFO: [ view_filter ] --END-- [ RunTime:0.002212s ]
INFO: [ app_end ] --START--
INFO: Run Behavior\ShowPageTraceBehavior [ RunTime:0.002678s ]
INFO: [ app_end ] --END-- [ RunTime:0.003577s ]

[ 2016-09-04T21:24:41+08:00 ] ::1 /index.php/Admin/Album/addAlbum
INFO: [ app_begin ] --START--
INFO: Run Behavior\ReadHtmlCacheBehavior [ RunTime:0.009206s ]
INFO: [ app_begin ] --END-- [ RunTime:0.011378s ]
NOTIC: [8] Undefined index: authId E:\wamp\www\blog\ThinkPHP\Library\Org\Util\Rbac.class.php 第 167 行.
SQL: select node.id,node.name from blog_role as role,blog_role_user as user,blog_access as access ,blog_node as node where user.user_id='' and user.role_id=role.id and ( access.role_id=role.id  or (access.role_id=role.pid and role.pid!=0 ) ) and role.status=1 and access.node_id=node.id and node.level=1 and node.status=1 [ RunTime:0.0018s ]
INFO: [ view_parse ] --START--
INFO: [ template_filter ] --START--
INFO: Run Behavior\ContentReplaceBehavior [ RunTime:0.000359s ]
INFO: [ template_filter ] --END-- [ RunTime:0.000901s ]
INFO: Run Behavior\ParseTemplateBehavior [ RunTime:0.032963s ]
INFO: [ view_parse ] --END-- [ RunTime:0.033538s ]
INFO: [ view_filter ] --START--
INFO: Run Behavior\WriteHtmlCacheBehavior [ RunTime:0.001930s ]
INFO: [ view_filter ] --END-- [ RunTime:0.002533s ]
INFO: [ app_end ] --START--
INFO: Run Behavior\ShowPageTraceBehavior [ RunTime:0.002818s ]
INFO: [ app_end ] --END-- [ RunTime:0.003441s ]

[ 2016-09-04T21:25:18+08:00 ] ::1 /index.php/Admin/Album/addAlbum
INFO: [ app_begin ] --START--
INFO: Run Behavior\ReadHtmlCacheBehavior [ RunTime:0.003892s ]
INFO: [ app_begin ] --END-- [ RunTime:0.005756s ]
NOTIC: [8] Undefined index: authId E:\wamp\www\blog\ThinkPHP\Library\Org\Util\Rbac.class.php 第 167 行.
SQL: select node.id,node.name from blog_role as role,blog_role_user as user,blog_access as access ,blog_node as node where user.user_id='' and user.role_id=role.id and ( access.role_id=role.id  or (access.role_id=role.pid and role.pid!=0 ) ) and role.status=1 and access.node_id=node.id and node.level=1 and node.status=1 [ RunTime:0.0017s ]
INFO: [ view_parse ] --START--
INFO: [ template_filter ] --START--
INFO: Run Behavior\ContentReplaceBehavior [ RunTime:0.000400s ]
INFO: [ template_filter ] --END-- [ RunTime:0.001032s ]
INFO: Run Behavior\ParseTemplateBehavior [ RunTime:0.026345s ]
INFO: [ view_parse ] --END-- [ RunTime:0.026956s ]
INFO: [ view_filter ] --START--
INFO: Run Behavior\WriteHtmlCacheBehavior [ RunTime:0.001514s ]
INFO: [ view_filter ] --END-- [ RunTime:0.002418s ]
INFO: [ app_end ] --START--
INFO: Run Behavior\ShowPageTraceBehavior [ RunTime:0.002393s ]
INFO: [ app_end ] --END-- [ RunTime:0.002981s ]

[ 2016-09-04T21:25:42+08:00 ] ::1 /index.php/Admin/Album/addAlbum
INFO: [ app_begin ] --START--
INFO: Run Behavior\ReadHtmlCacheBehavior [ RunTime:0.001813s ]
INFO: [ app_begin ] --END-- [ RunTime:0.003016s ]
NOTIC: [8] Undefined index: authId E:\wamp\www\blog\ThinkPHP\Library\Org\Util\Rbac.class.php 第 167 行.
SQL: select node.id,node.name from blog_role as role,blog_role_user as user,blog_access as access ,blog_node as node where user.user_id='' and user.role_id=role.id and ( access.role_id=role.id  or (access.role_id=role.pid and role.pid!=0 ) ) and role.status=1 and access.node_id=node.id and node.level=1 and node.status=1 [ RunTime:0.0012s ]
INFO: [ view_parse ] --START--
INFO: [ template_filter ] --START--
INFO: Run Behavior\ContentReplaceBehavior [ RunTime:0.000253s ]
INFO: [ template_filter ] --END-- [ RunTime:0.000644s ]
INFO: Run Behavior\ParseTemplateBehavior [ RunTime:0.025864s ]
INFO: [ view_parse ] --END-- [ RunTime:0.026290s ]
INFO: [ view_filter ] --START--
INFO: Run Behavior\WriteHtmlCacheBehavior [ RunTime:0.001516s ]
INFO: [ view_filter ] --END-- [ RunTime:0.001897s ]
INFO: [ app_end ] --START--
INFO: Run Behavior\ShowPageTraceBehavior [ RunTime:0.002043s ]
INFO: [ app_end ] --END-- [ RunTime:0.002611s ]

[ 2016-09-04T21:42:33+08:00 ] ::1 /index.php/Admin/Album/addAlbum
INFO: [ app_begin ] --START--
INFO: Run Behavior\ReadHtmlCacheBehavior [ RunTime:0.002328s ]
INFO: [ app_begin ] --END-- [ RunTime:0.006819s ]
NOTIC: [8] Undefined index: authId E:\wamp\www\blog\ThinkPHP\Library\Org\Util\Rbac.class.php 第 167 行.
SQL: select node.id,node.name from blog_role as role,blog_role_user as user,blog_access as access ,blog_node as node where user.user_id='' and user.role_id=role.id and ( access.role_id=role.id  or (access.role_id=role.pid and role.pid!=0 ) ) and role.status=1 and access.node_id=node.id and node.level=1 and node.status=1 [ RunTime:0.0022s ]
INFO: [ view_parse ] --START--
INFO: [ template_filter ] --START--
INFO: Run Behavior\ContentReplaceBehavior [ RunTime:0.000238s ]
INFO: [ template_filter ] --END-- [ RunTime:0.000585s ]
INFO: Run Behavior\ParseTemplateBehavior [ RunTime:0.018576s ]
INFO: [ view_parse ] --END-- [ RunTime:0.018900s ]
INFO: [ view_filter ] --START--
INFO: Run Behavior\WriteHtmlCacheBehavior [ RunTime:0.001032s ]
INFO: [ view_filter ] --END-- [ RunTime:0.001324s ]
INFO: [ app_end ] --START--
INFO: Run Behavior\ShowPageTraceBehavior [ RunTime:0.001375s ]
INFO: [ app_end ] --END-- [ RunTime:0.001680s ]

[ 2016-09-04T21:42:47+08:00 ] ::1 /index.php/Admin/Album/addAlbum
INFO: [ app_begin ] --START--
INFO: Run Behavior\ReadHtmlCacheBehavior [ RunTime:0.001477s ]
INFO: [ app_begin ] --END-- [ RunTime:0.002977s ]
NOTIC: [8] Undefined index: authId E:\wamp\www\blog\ThinkPHP\Library\Org\Util\Rbac.class.php 第 167 行.
SQL: select node.id,node.name from blog_role as role,blog_role_user as user,blog_access as access ,blog_node as node where user.user_id='' and user.role_id=role.id and ( access.role_id=role.id  or (access.role_id=role.pid and role.pid!=0 ) ) and role.status=1 and access.node_id=node.id and node.level=1 and node.status=1 [ RunTime:0.0018s ]
INFO: [ view_parse ] --START--
INFO: [ template_filter ] --START--
INFO: Run Behavior\ContentReplaceBehavior [ RunTime:0.000413s ]
INFO: [ template_filter ] --END-- [ RunTime:0.000963s ]
INFO: Run Behavior\ParseTemplateBehavior [ RunTime:0.026622s ]
INFO: [ view_parse ] --END-- [ RunTime:0.027403s ]
INFO: [ view_filter ] --START--
INFO: Run Behavior\WriteHtmlCacheBehavior [ RunTime:0.001419s ]
INFO: [ view_filter ] --END-- [ RunTime:0.002120s ]
INFO: [ app_end ] --START--
INFO: Run Behavior\ShowPageTraceBehavior [ RunTime:0.002397s ]
INFO: [ app_end ] --END-- [ RunTime:0.003653s ]

[ 2016-09-04T21:43:23+08:00 ] ::1 /index.php/Admin/Album/addAlbum
INFO: [ app_begin ] --START--
INFO: Run Behavior\ReadHtmlCacheBehavior [ RunTime:0.002415s ]
INFO: [ app_begin ] --END-- [ RunTime:0.004511s ]
NOTIC: [8] Undefined index: authId E:\wamp\www\blog\ThinkPHP\Library\Org\Util\Rbac.class.php 第 167 行.
SQL: select node.id,node.name from blog_role as role,blog_role_user as user,blog_access as access ,blog_node as node where user.user_id='' and user.role_id=role.id and ( access.role_id=role.id  or (access.role_id=role.pid and role.pid!=0 ) ) and role.status=1 and access.node_id=node.id and node.level=1 and node.status=1 [ RunTime:0.0019s ]
INFO: [ view_parse ] --START--
INFO: [ template_filter ] --START--
INFO: Run Behavior\ContentReplaceBehavior [ RunTime:0.000455s ]
INFO: [ template_filter ] --END-- [ RunTime:0.001043s ]
INFO: Run Behavior\ParseTemplateBehavior [ RunTime:0.025692s ]
INFO: [ view_parse ] --END-- [ RunTime:0.026370s ]
INFO: [ view_filter ] --START--
INFO: Run Behavior\WriteHtmlCacheBehavior [ RunTime:0.001734s ]
INFO: [ view_filter ] --END-- [ RunTime:0.002406s ]
INFO: [ app_end ] --START--
INFO: Run Behavior\ShowPageTraceBehavior [ RunTime:0.002361s ]
INFO: [ app_end ] --END-- [ RunTime:0.003146s ]

