[ 2016-09-11T00:00:48+08:00 ] ::1 /index.php/Admin/Article/article/uploaderCover
ERR: 非法操作:article

[ 2016-09-11T00:13:30+08:00 ] ::1 /index.php/Admin/Article/uploaderCover
ERR: 1146:Table 'blog.blog_arcticle' doesn't exist
 [ SQL语句 ] : SHOW COLUMNS FROM `blog_arcticle`

[ 2016-09-11T00:17:23+08:00 ] ::1 /index.php/Admin/Article/uploaderCover
ERR: 1146:Table 'blog.blog_w_article' doesn't exist
 [ SQL语句 ] : SHOW COLUMNS FROM `blog_w_article`

[ 2016-09-11T00:19:34+08:00 ] ::1 /index.php/Admin/Article/uploaderCover
ERR: 1146:Table 'blog.blog_w_article' doesn't exist
 [ SQL语句 ] : SHOW COLUMNS FROM `blog_w_article`

[ 2016-09-11T00:21:57+08:00 ] ::1 /index.php/Admin/Article/uploaderCover
ERR: 1146:Table 'blog.blog_w_article' doesn't exist
 [ SQL语句 ] : SHOW COLUMNS FROM `blog_w_article`

[ 2016-09-11T00:22:40+08:00 ] ::1 /index.php/Admin/Article/uploaderCover
ERR: 1146:Table 'blog.blog_w_article' doesn't exist
 [ SQL语句 ] : SHOW COLUMNS FROM `blog_w_article`

[ 2016-09-11T00:42:22+08:00 ] ::1 /index.php/Admin/Article/uploaderCover
ERR: Think\Model:setCover方法不存在！

[ 2016-09-11T00:43:55+08:00 ] ::1 /index.php/Admin/Article/uploaderCover
ERR: Think\Model:setCover方法不存在！

[ 2016-09-11T16:41:11+08:00 ] ::1 /index.php/Admin/Article/index
ERR: Think\Model:getCategory方法不存在！

[ 2016-09-11T16:41:35+08:00 ] ::1 /index.php/Admin/Article/index
ERR: Think\Model:slect方法不存在！

[ 2016-09-11T20:07:13+08:00 ] ::1 /index.php/Admin/Article/addArticle
ERR: 1146:Table 'blog.blog_article_relation' doesn't exist
 [ SQL语句 ] : SHOW COLUMNS FROM `blog_article_relation`

[ 2016-09-11T20:08:35+08:00 ] ::1 /index.php/Admin/Article/addArticle
ERR: 1146:Table 'blog.blog_article_relation' doesn't exist
 [ SQL语句 ] : SHOW COLUMNS FROM `blog_article_relation`

[ 2016-09-11T20:08:58+08:00 ] ::1 /index.php/Admin/Article/addArticle
ERR: 1146:Table 'blog.blog_article_relation' doesn't exist
 [ SQL语句 ] : SHOW COLUMNS FROM `blog_article_relation`

[ 2016-09-11T20:09:13+08:00 ] ::1 /index.php/Admin/Article/addArticle
ERR: 1146:Table 'blog.blog_article_relation' doesn't exist
 [ SQL语句 ] : SHOW COLUMNS FROM `blog_article_relation`

[ 2016-09-11T20:15:52+08:00 ] ::1 /index.php/Admin/Article/addArticle
ERR: 1146:Table 'blog.blog_article_relation' doesn't exist
 [ SQL语句 ] : SHOW COLUMNS FROM `blog_article_relation`

[ 2016-09-11T20:16:59+08:00 ] ::1 /index.php/Admin/Article/addArticle
ERR: 1146:Table 'blog.blog_article_relation' doesn't exist
 [ SQL语句 ] : SHOW COLUMNS FROM `blog_article_relation`

[ 2016-09-11T20:18:28+08:00 ] ::1 /index.php/Admin/Article/addArticle
ERR: 1146:Table 'blog.blog_article_relation' doesn't exist
 [ SQL语句 ] : SHOW COLUMNS FROM `blog_article_relation`

[ 2016-09-11T20:18:55+08:00 ] ::1 /index.php/Admin/Article/addArticle
ERR: 1146:Table 'blog.blog_article_relation' doesn't exist
 [ SQL语句 ] : SHOW COLUMNS FROM `blog_article_relation`

[ 2016-09-11T20:21:25+08:00 ] ::1 /index.php/Admin/Article/addArticle
ERR: 1146:Table 'blog.blog_article_relation' doesn't exist
 [ SQL语句 ] : SHOW COLUMNS FROM `blog_article_relation`

[ 2016-09-11T20:23:44+08:00 ] ::1 /index.php/Admin/Article/addArticle
ERR: 1146:Table 'blog.blog_article_relation' doesn't exist
 [ SQL语句 ] : SHOW COLUMNS FROM `blog_article_relation`

[ 2016-09-11T20:27:07+08:00 ] ::1 /index.php/Admin/Article/addArticle
ERR: 1146:Table 'blog.blog_article_relation' doesn't exist
 [ SQL语句 ] : SHOW COLUMNS FROM `blog_article_relation`

[ 2016-09-11T20:27:15+08:00 ] ::1 /index.php/Admin/Article/addArticle
ERR: 1146:Table 'blog.blog_article_relation' doesn't exist
 [ SQL语句 ] : SHOW COLUMNS FROM `blog_article_relation`

[ 2016-09-11T20:27:21+08:00 ] ::1 /index.php/Admin/Article/addArticle
ERR: 1146:Table 'blog.blog_article_relation' doesn't exist
 [ SQL语句 ] : SHOW COLUMNS FROM `blog_article_relation`

[ 2016-09-11T20:27:39+08:00 ] ::1 /index.php/Admin/Article/addArticle
ERR: 1146:Table 'blog.blog_article_relation' doesn't exist
 [ SQL语句 ] : SHOW COLUMNS FROM `blog_article_relation`

[ 2016-09-11T20:28:58+08:00 ] ::1 /index.php/Admin/Article/addArticle
ERR: 1146:Table 'blog.blog_article_relation' doesn't exist
 [ SQL语句 ] : SHOW COLUMNS FROM `blog_article_relation`

[ 2016-09-11T20:30:22+08:00 ] ::1 /index.php/Admin/Article/addArticle
ERR: 1146:Table 'blog.blog_article_relation' doesn't exist
 [ SQL语句 ] : SHOW COLUMNS FROM `blog_article_relation`

[ 2016-09-11T20:32:09+08:00 ] ::1 /index.php/Admin/Article/addArticle
ERR: 1146:Table 'blog.blog_article_relation' doesn't exist
 [ SQL语句 ] : SHOW COLUMNS FROM `blog_article_relation`

[ 2016-09-11T20:33:00+08:00 ] ::1 /index.php/Admin/Article/addArticle
ERR: 1146:Table 'blog.blog_article_relation' doesn't exist
 [ SQL语句 ] : SHOW COLUMNS FROM `blog_article_relation`

[ 2016-09-11T20:34:15+08:00 ] ::1 /index.php/Admin/Article/addArticle
ERR: 1146:Table 'blog.blog_article_relation' doesn't exist
 [ SQL语句 ] : SHOW COLUMNS FROM `blog_article_relation`

[ 2016-09-11T20:35:37+08:00 ] ::1 /index.php/Admin/Article/addArticle
ERR: 1146:Table 'blog.blog_article_relation' doesn't exist
 [ SQL语句 ] : SHOW COLUMNS FROM `blog_article_relation`

[ 2016-09-11T20:37:08+08:00 ] ::1 /index.php/Admin/Article/addArticle
ERR: 1054:Unknown column 'create_timer' in 'field list'
 [ SQL语句 ] : INSERT INTO `blog_article` (`title`,`summary`,`content`,`cover`,`user_id`,`category_id`,`create_timer`,`last_modify_time`,`allow_comment`,`visible`) VALUES ('二二二二二二','二二二','&lt;p&gt;这里写你的初始化内容sdsdsdddddddddddddddddd&lt;/p&gt;','/uploads/cover/2016-09/11/57d54ff0d4b94.jpg','38','0','2016-09-11 20:37:08','2016-09-11 20:37:08','1','1')

[ 2016-09-11T20:37:30+08:00 ] ::1 /index.php/Admin/Article/addArticle
ERR: 1364:Field 'view_count' doesn't have a default value
 [ SQL语句 ] : INSERT INTO `blog_article` (`title`,`summary`,`content`,`cover`,`user_id`,`category_id`,`create_time`,`last_modify_time`,`allow_comment`,`visible`) VALUES ('二二二二二二','二二二','&lt;p&gt;这里写你的初始化内容sdsdsdddddddddddddddddd&lt;/p&gt;','/uploads/cover/2016-09/11/57d54ff0d4b94.jpg','38','0','2016-09-11 20:37:30','2016-09-11 20:37:30','1','1')

