[ 2016-09-12T01:20:57+08:00 ] ::1 /index.php/Admin/Category/editCategory/deepId/1_5
INFO: [ app_begin ] --START--
INFO: Run Behavior\ReadHtmlCacheBehavior [ RunTime:0.002121s ]
INFO: [ app_begin ] --END-- [ RunTime:0.003662s ]
SQL: SHOW COLUMNS FROM `blog_category` [ RunTime:0.0017s ]
SQL: SELECT `name` FROM `blog_category` WHERE ( id='5' ) LIMIT 1   [ RunTime:0.0012s ]
SQL: SELECT `id`,`name` FROM `blog_category` WHERE ( pid=0 )  [ RunTime:0.0019s ]
INFO: [ view_parse ] --START--
INFO: [ template_filter ] --START--
INFO: Run Behavior\ContentReplaceBehavior [ RunTime:0.000237s ]
INFO: [ template_filter ] --END-- [ RunTime:0.000565s ]
NOTIC: [8] Undefined index: html E:\wamp\www\blog\Blog\Runtime\Cache\Admin\6771c802fdcc1f8392a240c917c64ce0.php 第 34 行.
NOTIC: [8] Undefined index: html E:\wamp\www\blog\Blog\Runtime\Cache\Admin\6771c802fdcc1f8392a240c917c64ce0.php 第 34 行.
NOTIC: [8] Undefined index: html E:\wamp\www\blog\Blog\Runtime\Cache\Admin\6771c802fdcc1f8392a240c917c64ce0.php 第 34 行.
NOTIC: [8] Undefined index: html E:\wamp\www\blog\Blog\Runtime\Cache\Admin\6771c802fdcc1f8392a240c917c64ce0.php 第 34 行.
NOTIC: [8] Undefined index: html E:\wamp\www\blog\Blog\Runtime\Cache\Admin\6771c802fdcc1f8392a240c917c64ce0.php 第 34 行.
NOTIC: [8] Undefined index: html E:\wamp\www\blog\Blog\Runtime\Cache\Admin\6771c802fdcc1f8392a240c917c64ce0.php 第 34 行.
NOTIC: [8] Undefined index: html E:\wamp\www\blog\Blog\Runtime\Cache\Admin\6771c802fdcc1f8392a240c917c64ce0.php 第 34 行.
INFO: Run Behavior\ParseTemplateBehavior [ RunTime:0.043091s ]
INFO: [ view_parse ] --END-- [ RunTime:0.043706s ]
INFO: [ view_filter ] --START--
INFO: Run Behavior\WriteHtmlCacheBehavior [ RunTime:0.001880s ]
INFO: [ view_filter ] --END-- [ RunTime:0.002253s ]
INFO: [ app_end ] --START--
INFO: Run Behavior\ShowPageTraceBehavior [ RunTime:0.002917s ]
INFO: [ app_end ] --END-- [ RunTime:0.003659s ]

[ 2016-09-12T01:21:08+08:00 ] ::1 /index.php/Admin/Category/editCategory/deepId/1_4
INFO: [ app_begin ] --START--
INFO: Run Behavior\ReadHtmlCacheBehavior [ RunTime:0.003980s ]
INFO: [ app_begin ] --END-- [ RunTime:0.007940s ]
SQL: SHOW COLUMNS FROM `blog_category` [ RunTime:0.0019s ]
SQL: SELECT `name` FROM `blog_category` WHERE ( id='4' ) LIMIT 1   [ RunTime:0.0012s ]
SQL: SELECT `id`,`name` FROM `blog_category` WHERE ( pid=0 )  [ RunTime:0.0011s ]
INFO: [ view_parse ] --START--
INFO: [ template_filter ] --START--
INFO: Run Behavior\ContentReplaceBehavior [ RunTime:0.000369s ]
INFO: [ template_filter ] --END-- [ RunTime:0.000936s ]
NOTIC: [8] Undefined index: html E:\wamp\www\blog\Blog\Runtime\Cache\Admin\6771c802fdcc1f8392a240c917c64ce0.php 第 34 行.
NOTIC: [8] Undefined index: html E:\wamp\www\blog\Blog\Runtime\Cache\Admin\6771c802fdcc1f8392a240c917c64ce0.php 第 34 行.
NOTIC: [8] Undefined index: html E:\wamp\www\blog\Blog\Runtime\Cache\Admin\6771c802fdcc1f8392a240c917c64ce0.php 第 34 行.
NOTIC: [8] Undefined index: html E:\wamp\www\blog\Blog\Runtime\Cache\Admin\6771c802fdcc1f8392a240c917c64ce0.php 第 34 行.
NOTIC: [8] Undefined index: html E:\wamp\www\blog\Blog\Runtime\Cache\Admin\6771c802fdcc1f8392a240c917c64ce0.php 第 34 行.
NOTIC: [8] Undefined index: html E:\wamp\www\blog\Blog\Runtime\Cache\Admin\6771c802fdcc1f8392a240c917c64ce0.php 第 34 行.
NOTIC: [8] Undefined index: html E:\wamp\www\blog\Blog\Runtime\Cache\Admin\6771c802fdcc1f8392a240c917c64ce0.php 第 34 行.
INFO: Run Behavior\ParseTemplateBehavior [ RunTime:0.055557s ]
INFO: [ view_parse ] --END-- [ RunTime:0.057371s ]
INFO: [ view_filter ] --START--
INFO: Run Behavior\WriteHtmlCacheBehavior [ RunTime:0.004090s ]
INFO: [ view_filter ] --END-- [ RunTime:0.004796s ]
INFO: [ app_end ] --START--
INFO: Run Behavior\ShowPageTraceBehavior [ RunTime:0.003295s ]
INFO: [ app_end ] --END-- [ RunTime:0.003883s ]

[ 2016-09-12T01:21:21+08:00 ] ::1 /index.php/Admin/Rbac/addUser
INFO: [ app_begin ] --START--
INFO: Run Behavior\ReadHtmlCacheBehavior [ RunTime:0.002075s ]
INFO: [ app_begin ] --END-- [ RunTime:0.003581s ]
SQL: SHOW COLUMNS FROM `blog_role` [ RunTime:0.0068s ]
SQL: SELECT `name`,`id` FROM `blog_role`  [ RunTime:0.0009s ]
INFO: [ view_parse ] --START--
INFO: [ template_filter ] --START--
INFO: Run Behavior\ContentReplaceBehavior [ RunTime:0.000325s ]
INFO: [ template_filter ] --END-- [ RunTime:0.000904s ]
INFO: Run Behavior\ParseTemplateBehavior [ RunTime:0.033542s ]
INFO: [ view_parse ] --END-- [ RunTime:0.033955s ]
INFO: [ view_filter ] --START--
INFO: Run Behavior\WriteHtmlCacheBehavior [ RunTime:0.002155s ]
INFO: [ view_filter ] --END-- [ RunTime:0.002785s ]
INFO: [ app_end ] --START--
INFO: Run Behavior\ShowPageTraceBehavior [ RunTime:0.002339s ]
INFO: [ app_end ] --END-- [ RunTime:0.002852s ]

[ 2016-09-12T01:21:48+08:00 ] ::1 /index.php/Admin/Rbac/addUser
INFO: [ app_begin ] --START--
INFO: Run Behavior\ReadHtmlCacheBehavior [ RunTime:0.002944s ]
INFO: [ app_begin ] --END-- [ RunTime:0.004618s ]
SQL: SHOW COLUMNS FROM `blog_role` [ RunTime:0.0021s ]
SQL: SELECT `name`,`id` FROM `blog_role`  [ RunTime:0.0011s ]
INFO: [ view_parse ] --START--
INFO: [ template_filter ] --START--
INFO: Run Behavior\ContentReplaceBehavior [ RunTime:0.000386s ]
INFO: [ template_filter ] --END-- [ RunTime:0.000889s ]
INFO: Run Behavior\ParseTemplateBehavior [ RunTime:0.033340s ]
INFO: [ view_parse ] --END-- [ RunTime:0.033863s ]
INFO: [ view_filter ] --START--
INFO: Run Behavior\WriteHtmlCacheBehavior [ RunTime:0.001332s ]
INFO: [ view_filter ] --END-- [ RunTime:0.001742s ]
INFO: [ app_end ] --START--
INFO: Run Behavior\ShowPageTraceBehavior [ RunTime:0.002536s ]
INFO: [ app_end ] --END-- [ RunTime:0.003143s ]

[ 2016-09-12T01:23:12+08:00 ] ::1 /index.php/Admin/Rbac/addUser
INFO: [ app_begin ] --START--
INFO: Run Behavior\ReadHtmlCacheBehavior [ RunTime:0.004918s ]
INFO: [ app_begin ] --END-- [ RunTime:0.012852s ]
SQL: SHOW COLUMNS FROM `blog_role` [ RunTime:0.0078s ]
SQL: SELECT `name`,`id` FROM `blog_role`  [ RunTime:0.0011s ]
INFO: [ view_parse ] --START--
INFO: [ template_filter ] --START--
INFO: Run Behavior\ContentReplaceBehavior [ RunTime:0.000396s ]
INFO: [ template_filter ] --END-- [ RunTime:0.000993s ]
INFO: Run Behavior\ParseTemplateBehavior [ RunTime:0.054733s ]
INFO: [ view_parse ] --END-- [ RunTime:0.055338s ]
INFO: [ view_filter ] --START--
INFO: Run Behavior\WriteHtmlCacheBehavior [ RunTime:0.007996s ]
INFO: [ view_filter ] --END-- [ RunTime:0.008668s ]
INFO: [ app_end ] --START--
INFO: Run Behavior\ShowPageTraceBehavior [ RunTime:0.002706s ]
INFO: [ app_end ] --END-- [ RunTime:0.003363s ]

[ 2016-09-12T01:24:54+08:00 ] ::1 /index.php/Admin/Album/addAlbum
INFO: [ app_begin ] --START--
INFO: Run Behavior\ReadHtmlCacheBehavior [ RunTime:0.002733s ]
INFO: [ app_begin ] --END-- [ RunTime:0.013039s ]
INFO: [ view_parse ] --START--
INFO: [ template_filter ] --START--
INFO: Run Behavior\ContentReplaceBehavior [ RunTime:0.000481s ]
INFO: [ template_filter ] --END-- [ RunTime:0.001106s ]
INFO: Run Behavior\ParseTemplateBehavior [ RunTime:0.046751s ]
INFO: [ view_parse ] --END-- [ RunTime:0.047476s ]
INFO: [ view_filter ] --START--
INFO: Run Behavior\WriteHtmlCacheBehavior [ RunTime:0.001459s ]
INFO: [ view_filter ] --END-- [ RunTime:0.002016s ]
INFO: [ app_end ] --START--
INFO: Run Behavior\ShowPageTraceBehavior [ RunTime:0.003594s ]
INFO: [ app_end ] --END-- [ RunTime:0.004563s ]

[ 2016-09-12T01:27:29+08:00 ] ::1 /index.php/Admin/Rbac/addUser
INFO: [ app_begin ] --START--
INFO: Run Behavior\ReadHtmlCacheBehavior [ RunTime:0.001875s ]
INFO: [ app_begin ] --END-- [ RunTime:0.003889s ]
SQL: SHOW COLUMNS FROM `blog_role` [ RunTime:0.0051s ]
SQL: SELECT `name`,`id` FROM `blog_role`  [ RunTime:0.0007s ]
INFO: [ view_parse ] --START--
INFO: [ template_filter ] --START--
INFO: Run Behavior\ContentReplaceBehavior [ RunTime:0.000249s ]
INFO: [ template_filter ] --END-- [ RunTime:0.000606s ]
INFO: Run Behavior\ParseTemplateBehavior [ RunTime:0.027086s ]
INFO: [ view_parse ] --END-- [ RunTime:0.027670s ]
INFO: [ view_filter ] --START--
INFO: Run Behavior\WriteHtmlCacheBehavior [ RunTime:0.001395s ]
INFO: [ view_filter ] --END-- [ RunTime:0.001716s ]
INFO: [ app_end ] --START--
INFO: Run Behavior\ShowPageTraceBehavior [ RunTime:0.001801s ]
INFO: [ app_end ] --END-- [ RunTime:0.002163s ]

[ 2016-09-12T01:33:03+08:00 ] ::1 /index.php/Admin/Rbac/addUser
INFO: [ app_begin ] --START--
INFO: Run Behavior\ReadHtmlCacheBehavior [ RunTime:0.002419s ]
INFO: [ app_begin ] --END-- [ RunTime:0.003917s ]
SQL: SHOW COLUMNS FROM `blog_role` [ RunTime:0.0017s ]
SQL: SELECT `name`,`id` FROM `blog_role`  [ RunTime:0.0007s ]
INFO: [ view_parse ] --START--
INFO: [ template_filter ] --START--
INFO: Run Behavior\ContentReplaceBehavior [ RunTime:0.000296s ]
INFO: [ template_filter ] --END-- [ RunTime:0.000742s ]
INFO: Run Behavior\ParseTemplateBehavior [ RunTime:0.032161s ]
INFO: [ view_parse ] --END-- [ RunTime:0.032589s ]
INFO: [ view_filter ] --START--
INFO: Run Behavior\WriteHtmlCacheBehavior [ RunTime:0.001434s ]
INFO: [ view_filter ] --END-- [ RunTime:0.001859s ]
INFO: [ app_end ] --START--
INFO: Run Behavior\ShowPageTraceBehavior [ RunTime:0.001693s ]
INFO: [ app_end ] --END-- [ RunTime:0.002126s ]

[ 2016-09-12T01:33:14+08:00 ] ::1 /index.php/Admin/Rbac/addUser
INFO: [ app_begin ] --START--
INFO: Run Behavior\ReadHtmlCacheBehavior [ RunTime:0.002672s ]
INFO: [ app_begin ] --END-- [ RunTime:0.004763s ]
SQL: SHOW COLUMNS FROM `blog_role` [ RunTime:0.0020s ]
SQL: SELECT `name`,`id` FROM `blog_role`  [ RunTime:0.0010s ]
INFO: [ view_parse ] --START--
INFO: [ template_filter ] --START--
INFO: Run Behavior\ContentReplaceBehavior [ RunTime:0.000235s ]
INFO: [ template_filter ] --END-- [ RunTime:0.000696s ]
INFO: Run Behavior\ParseTemplateBehavior [ RunTime:0.032337s ]
INFO: [ view_parse ] --END-- [ RunTime:0.032931s ]
INFO: [ view_filter ] --START--
INFO: Run Behavior\WriteHtmlCacheBehavior [ RunTime:0.001485s ]
INFO: [ view_filter ] --END-- [ RunTime:0.001928s ]
INFO: [ app_end ] --START--
INFO: Run Behavior\ShowPageTraceBehavior [ RunTime:0.001501s ]
INFO: [ app_end ] --END-- [ RunTime:0.001825s ]

[ 2016-09-12T01:33:16+08:00 ] ::1 /index.php/Admin/Rbac/addUser
INFO: [ app_begin ] --START--
INFO: Run Behavior\ReadHtmlCacheBehavior [ RunTime:0.001729s ]
INFO: [ app_begin ] --END-- [ RunTime:0.002944s ]
SQL: SHOW COLUMNS FROM `blog_role` [ RunTime:0.0069s ]
SQL: SELECT `name`,`id` FROM `blog_role`  [ RunTime:0.0007s ]
INFO: [ view_parse ] --START--
INFO: [ template_filter ] --START--
INFO: Run Behavior\ContentReplaceBehavior [ RunTime:0.000382s ]
INFO: [ template_filter ] --END-- [ RunTime:0.000951s ]
INFO: Run Behavior\ParseTemplateBehavior [ RunTime:0.029640s ]
INFO: [ view_parse ] --END-- [ RunTime:0.030125s ]
INFO: [ view_filter ] --START--
INFO: Run Behavior\WriteHtmlCacheBehavior [ RunTime:0.001890s ]
INFO: [ view_filter ] --END-- [ RunTime:0.002434s ]
INFO: [ app_end ] --START--
INFO: Run Behavior\ShowPageTraceBehavior [ RunTime:0.002243s ]
INFO: [ app_end ] --END-- [ RunTime:0.002787s ]

[ 2016-09-12T15:23:39+08:00 ] ::1 /index.php/Admin/Article/saveDraft
INFO: [ app_begin ] --START--
INFO: Run Behavior\ReadHtmlCacheBehavior [ RunTime:0.001958s ]
INFO: [ app_begin ] --END-- [ RunTime:0.003117s ]

[ 2016-09-12T15:23:50+08:00 ] ::1 /index.php/Admin/Article/saveDraft
INFO: [ app_begin ] --START--
INFO: Run Behavior\ReadHtmlCacheBehavior [ RunTime:0.002646s ]
INFO: [ app_begin ] --END-- [ RunTime:0.004404s ]

[ 2016-09-12T15:23:52+08:00 ] ::1 /index.php/Admin/Article/saveDraft
INFO: [ app_begin ] --START--
INFO: Run Behavior\ReadHtmlCacheBehavior [ RunTime:0.003255s ]
INFO: [ app_begin ] --END-- [ RunTime:0.005370s ]

[ 2016-09-12T15:23:52+08:00 ] ::1 /index.php/Admin/Article/saveDraft
INFO: [ app_begin ] --START--
INFO: Run Behavior\ReadHtmlCacheBehavior [ RunTime:0.002156s ]
INFO: [ app_begin ] --END-- [ RunTime:0.005697s ]

[ 2016-09-12T15:23:52+08:00 ] ::1 /index.php/Admin/Article/saveDraft
INFO: [ app_begin ] --START--
INFO: Run Behavior\ReadHtmlCacheBehavior [ RunTime:0.002032s ]
INFO: [ app_begin ] --END-- [ RunTime:0.003319s ]

[ 2016-09-12T15:23:52+08:00 ] ::1 /index.php/Admin/Article/saveDraft
INFO: [ app_begin ] --START--
INFO: Run Behavior\ReadHtmlCacheBehavior [ RunTime:0.005367s ]
INFO: [ app_begin ] --END-- [ RunTime:0.007304s ]

[ 2016-09-12T15:23:54+08:00 ] ::1 /index.php/Admin/Article/saveDraft
INFO: [ app_begin ] --START--
INFO: Run Behavior\ReadHtmlCacheBehavior [ RunTime:0.001653s ]
INFO: [ app_begin ] --END-- [ RunTime:0.003046s ]

[ 2016-09-12T15:23:58+08:00 ] ::1 /index.php/Admin/Article/saveDraft
INFO: [ app_begin ] --START--
INFO: Run Behavior\ReadHtmlCacheBehavior [ RunTime:0.001745s ]
INFO: [ app_begin ] --END-- [ RunTime:0.003358s ]

[ 2016-09-12T15:24:46+08:00 ] ::1 /index.php/Admin/Article/saveDraft
INFO: [ app_begin ] --START--
INFO: Run Behavior\ReadHtmlCacheBehavior [ RunTime:0.001683s ]
INFO: [ app_begin ] --END-- [ RunTime:0.002840s ]

[ 2016-09-12T15:33:29+08:00 ] ::1 /index.php/Admin/Article/saveDraft
INFO: [ app_begin ] --START--
INFO: Run Behavior\ReadHtmlCacheBehavior [ RunTime:0.003736s ]
INFO: [ app_begin ] --END-- [ RunTime:0.005361s ]

[ 2016-09-12T15:34:27+08:00 ] ::1 /index.php/Admin/Article/saveDraft
INFO: [ app_begin ] --START--
INFO: Run Behavior\ReadHtmlCacheBehavior [ RunTime:0.004794s ]
INFO: [ app_begin ] --END-- [ RunTime:0.006510s ]

[ 2016-09-12T15:37:16+08:00 ] ::1 /index.php/Admin/Article/saveDraft
INFO: [ app_begin ] --START--
INFO: Run Behavior\ReadHtmlCacheBehavior [ RunTime:0.003226s ]
INFO: [ app_begin ] --END-- [ RunTime:0.011252s ]

[ 2016-09-12T15:38:16+08:00 ] ::1 /index.php/Admin/Article/saveDraft
INFO: [ app_begin ] --START--
INFO: Run Behavior\ReadHtmlCacheBehavior [ RunTime:0.003863s ]
INFO: [ app_begin ] --END-- [ RunTime:0.005697s ]

[ 2016-09-12T15:39:16+08:00 ] ::1 /index.php/Admin/Article/saveDraft
INFO: [ app_begin ] --START--
INFO: Run Behavior\ReadHtmlCacheBehavior [ RunTime:0.005326s ]
INFO: [ app_begin ] --END-- [ RunTime:0.007273s ]

[ 2016-09-12T15:40:24+08:00 ] ::1 /index.php/Admin/Article/saveDraft
INFO: [ app_begin ] --START--
INFO: Run Behavior\ReadHtmlCacheBehavior [ RunTime:0.004844s ]
INFO: [ app_begin ] --END-- [ RunTime:0.007322s ]

[ 2016-09-12T15:41:14+08:00 ] ::1 /index.php/Admin/Article/saveDraft
INFO: [ app_begin ] --START--
INFO: Run Behavior\ReadHtmlCacheBehavior [ RunTime:0.006846s ]
INFO: [ app_begin ] --END-- [ RunTime:0.008899s ]

[ 2016-09-12T15:47:34+08:00 ] ::1 /index.php/Admin/Article/saveDraft
INFO: [ app_begin ] --START--
INFO: Run Behavior\ReadHtmlCacheBehavior [ RunTime:0.001891s ]
INFO: [ app_begin ] --END-- [ RunTime:0.003222s ]

[ 2016-09-12T15:51:22+08:00 ] ::1 /index.php/Admin/Article/saveDraft
INFO: [ app_begin ] --START--
INFO: Run Behavior\ReadHtmlCacheBehavior [ RunTime:0.001955s ]
INFO: [ app_begin ] --END-- [ RunTime:0.003327s ]

[ 2016-09-12T15:51:34+08:00 ] ::1 /index.php/Admin/Article/saveDraft
INFO: [ app_begin ] --START--
INFO: Run Behavior\ReadHtmlCacheBehavior [ RunTime:0.001574s ]
INFO: [ app_begin ] --END-- [ RunTime:0.002682s ]

[ 2016-09-12T15:53:26+08:00 ] ::1 /index.php/Admin/Article/saveDraft
INFO: [ app_begin ] --START--
INFO: Run Behavior\ReadHtmlCacheBehavior [ RunTime:0.001343s ]
INFO: [ app_begin ] --END-- [ RunTime:0.002873s ]

[ 2016-09-12T16:22:36+08:00 ] ::1 /index.php/Admin/Article/saveDraft
INFO: [ app_begin ] --START--
INFO: Run Behavior\ReadHtmlCacheBehavior [ RunTime:0.002000s ]
INFO: [ app_begin ] --END-- [ RunTime:0.003006s ]
INFO: [ app_end ] --START--
INFO: Run Behavior\ShowPageTraceBehavior [ RunTime:0.001894s ]
INFO: [ app_end ] --END-- [ RunTime:0.003922s ]

[ 2016-09-12T16:33:34+08:00 ] ::1 /index.php/Admin/Draft/saveDraft
INFO: [ app_begin ] --START--
INFO: Run Behavior\ReadHtmlCacheBehavior [ RunTime:0.002893s ]
INFO: [ app_begin ] --END-- [ RunTime:0.004922s ]
ERR: 无法加载控制器:Draft

[ 2016-09-12T16:33:59+08:00 ] ::1 /index.php/Admin/Draft/saveDraft
ERR: 无法加载控制器:Draft

[ 2016-09-12T16:35:02+08:00 ] ::1 /index.php/Admin/Draft/saveDraft
ERR: 无法加载控制器:Draft

[ 2016-09-12T16:35:15+08:00 ] ::1 /index.php/Admin/Draft/saveDraft
ERR: 无法加载控制器:Draft

[ 2016-09-12T16:35:16+08:00 ] ::1 /index.php/Admin/Draft/saveDraft
ERR: 无法加载控制器:Draft

[ 2016-09-12T16:35:17+08:00 ] ::1 /index.php/Admin/Draft/saveDraft
ERR: 无法加载控制器:Draft

[ 2016-09-12T16:36:52+08:00 ] ::1 /index.php/Admin/Draft/saveDraft
INFO: [ app_begin ] --START--
INFO: Run Behavior\ReadHtmlCacheBehavior [ RunTime:0.002335s ]
INFO: [ app_begin ] --END-- [ RunTime:0.004531s ]
INFO: [ app_end ] --START--
INFO: Run Behavior\ShowPageTraceBehavior [ RunTime:0.002593s ]
INFO: [ app_end ] --END-- [ RunTime:0.003259s ]

[ 2016-09-12T16:37:32+08:00 ] ::1 /index.php/Admin/Draft/saveDraft
INFO: [ app_begin ] --START--
INFO: Run Behavior\ReadHtmlCacheBehavior [ RunTime:0.001614s ]
INFO: [ app_begin ] --END-- [ RunTime:0.003937s ]
INFO: [ app_end ] --START--
INFO: Run Behavior\ShowPageTraceBehavior [ RunTime:0.008395s ]
INFO: [ app_end ] --END-- [ RunTime:0.010072s ]

[ 2016-09-12T16:46:44+08:00 ] ::1 /index.php/Admin/Draft/saveDraft
INFO: [ app_begin ] --START--
INFO: Run Behavior\ReadHtmlCacheBehavior [ RunTime:0.017034s ]
INFO: [ app_begin ] --END-- [ RunTime:0.018893s ]
INFO: [ app_end ] --START--
INFO: Run Behavior\ShowPageTraceBehavior [ RunTime:0.002588s ]
INFO: [ app_end ] --END-- [ RunTime:0.003154s ]

[ 2016-09-12T16:48:02+08:00 ] ::1 /index.php/Admin/Draft/saveDraft
INFO: [ app_begin ] --START--
INFO: Run Behavior\ReadHtmlCacheBehavior [ RunTime:0.003068s ]
INFO: [ app_begin ] --END-- [ RunTime:0.006397s ]
INFO: [ app_end ] --START--
INFO: Run Behavior\ShowPageTraceBehavior [ RunTime:0.003044s ]
INFO: [ app_end ] --END-- [ RunTime:0.003748s ]

[ 2016-09-12T16:48:20+08:00 ] ::1 /index.php/Admin/Article/%E2%80%94%E2%80%94CONTROLLER__/saveDraft
INFO: [ app_begin ] --START--
INFO: Run Behavior\ReadHtmlCacheBehavior [ RunTime:0.001492s ]
INFO: [ app_begin ] --END-- [ RunTime:0.002595s ]
ERR: 非法操作:——CONTROLLER__

[ 2016-09-12T16:48:44+08:00 ] ::1 /index.php/Admin/Article/saveDraft
INFO: [ app_begin ] --START--
INFO: Run Behavior\ReadHtmlCacheBehavior [ RunTime:0.001884s ]
INFO: [ app_begin ] --END-- [ RunTime:0.003532s ]

[ 2016-09-12T16:49:26+08:00 ] ::1 /index.php/Admin/Article/saveDraft
INFO: [ app_begin ] --START--
INFO: Run Behavior\ReadHtmlCacheBehavior [ RunTime:0.002321s ]
INFO: [ app_begin ] --END-- [ RunTime:0.033216s ]
INFO: [ app_end ] --START--
INFO: Run Behavior\ShowPageTraceBehavior [ RunTime:0.002411s ]
INFO: [ app_end ] --END-- [ RunTime:0.002929s ]

[ 2016-09-12T16:50:08+08:00 ] ::1 /index.php/Admin/Article/saveDraft
INFO: [ app_begin ] --START--
INFO: Run Behavior\ReadHtmlCacheBehavior [ RunTime:0.002897s ]
INFO: [ app_begin ] --END-- [ RunTime:0.004572s ]
INFO: [ app_end ] --START--
INFO: Run Behavior\ShowPageTraceBehavior [ RunTime:0.004130s ]
INFO: [ app_end ] --END-- [ RunTime:0.004724s ]

[ 2016-09-12T16:55:03+08:00 ] ::1 /index.php/Admin/Article/saveDraft
INFO: [ app_begin ] --START--
INFO: Run Behavior\ReadHtmlCacheBehavior [ RunTime:0.001678s ]
INFO: [ app_begin ] --END-- [ RunTime:0.002682s ]
INFO: [ app_end ] --START--
INFO: Run Behavior\ShowPageTraceBehavior [ RunTime:0.001488s ]
INFO: [ app_end ] --END-- [ RunTime:0.001788s ]

[ 2016-09-12T16:56:06+08:00 ] ::1 /index.php/Admin/Article/saveDraft
INFO: [ app_begin ] --START--
INFO: Run Behavior\ReadHtmlCacheBehavior [ RunTime:0.002240s ]
INFO: [ app_begin ] --END-- [ RunTime:0.003895s ]
NOTIC: [8] Array to string conversion E:\wamp\www\blog\Blog\Admin\Controller\ArticleController.class.php 第 113 行.
INFO: [ app_end ] --START--
INFO: Run Behavior\ShowPageTraceBehavior [ RunTime:0.008927s ]
INFO: [ app_end ] --END-- [ RunTime:0.009466s ]

[ 2016-09-12T16:56:44+08:00 ] ::1 /index.php/Admin/Article/saveDraft
INFO: [ app_begin ] --START--
INFO: Run Behavior\ReadHtmlCacheBehavior [ RunTime:0.002366s ]
INFO: [ app_begin ] --END-- [ RunTime:0.004201s ]
INFO: [ app_end ] --START--
INFO: Run Behavior\ShowPageTraceBehavior [ RunTime:0.002014s ]
INFO: [ app_end ] --END-- [ RunTime:0.002402s ]

[ 2016-09-12T17:01:20+08:00 ] ::1 /index.php/Admin/Article/saveDraft
INFO: [ app_begin ] --START--
INFO: Run Behavior\ReadHtmlCacheBehavior [ RunTime:0.003854s ]
INFO: [ app_begin ] --END-- [ RunTime:0.006339s ]
INFO: [ app_end ] --START--
INFO: Run Behavior\ShowPageTraceBehavior [ RunTime:0.003940s ]
INFO: [ app_end ] --END-- [ RunTime:0.004545s ]

[ 2016-09-12T17:03:14+08:00 ] ::1 /index.php/Admin/Article/saveDraft
INFO: [ app_begin ] --START--
INFO: Run Behavior\ReadHtmlCacheBehavior [ RunTime:0.002152s ]
INFO: [ app_begin ] --END-- [ RunTime:0.003379s ]
INFO: [ app_end ] --START--
INFO: Run Behavior\ShowPageTraceBehavior [ RunTime:0.001746s ]
INFO: [ app_end ] --END-- [ RunTime:0.002203s ]

[ 2016-09-12T17:04:35+08:00 ] ::1 /index.php/Admin/Article/saveDraft
INFO: [ app_begin ] --START--
INFO: Run Behavior\ReadHtmlCacheBehavior [ RunTime:0.002322s ]
INFO: [ app_begin ] --END-- [ RunTime:0.003931s ]
INFO: [ app_end ] --START--
INFO: Run Behavior\ShowPageTraceBehavior [ RunTime:0.003509s ]
INFO: [ app_end ] --END-- [ RunTime:0.004318s ]

[ 2016-09-12T17:10:35+08:00 ] ::1 /index.php/Admin/Article/saveDraft
INFO: [ app_begin ] --START--
INFO: Run Behavior\ReadHtmlCacheBehavior [ RunTime:0.002995s ]
INFO: [ app_begin ] --END-- [ RunTime:0.005313s ]
INFO: [ app_end ] --START--
INFO: Run Behavior\ShowPageTraceBehavior [ RunTime:0.003617s ]
INFO: [ app_end ] --END-- [ RunTime:0.004399s ]

[ 2016-09-12T17:11:21+08:00 ] ::1 /index.php/Admin/Article/saveDraft
INFO: [ app_begin ] --START--
INFO: Run Behavior\ReadHtmlCacheBehavior [ RunTime:0.003571s ]
INFO: [ app_begin ] --END-- [ RunTime:0.005908s ]
INFO: [ app_end ] --START--
INFO: Run Behavior\ShowPageTraceBehavior [ RunTime:0.002989s ]
INFO: [ app_end ] --END-- [ RunTime:0.003582s ]

[ 2016-09-12T17:11:45+08:00 ] ::1 /index.php/Admin/Article/saveDraft
INFO: [ app_begin ] --START--
INFO: Run Behavior\ReadHtmlCacheBehavior [ RunTime:0.003228s ]
INFO: [ app_begin ] --END-- [ RunTime:0.004440s ]
INFO: [ app_end ] --START--
INFO: Run Behavior\ShowPageTraceBehavior [ RunTime:0.001976s ]
INFO: [ app_end ] --END-- [ RunTime:0.002410s ]

[ 2016-09-12T17:13:44+08:00 ] ::1 /index.php/Admin/Article/saveDraft
INFO: [ app_begin ] --START--
INFO: Run Behavior\ReadHtmlCacheBehavior [ RunTime:0.001135s ]
INFO: [ app_begin ] --END-- [ RunTime:0.002089s ]
INFO: [ app_end ] --START--
INFO: Run Behavior\ShowPageTraceBehavior [ RunTime:0.004063s ]
INFO: [ app_end ] --END-- [ RunTime:0.004371s ]

[ 2016-09-12T17:15:06+08:00 ] ::1 /index.php/Admin/Article/saveDraft
INFO: [ app_begin ] --START--
INFO: Run Behavior\ReadHtmlCacheBehavior [ RunTime:0.002037s ]
INFO: [ app_begin ] --END-- [ RunTime:0.004304s ]
INFO: [ app_end ] --START--
INFO: Run Behavior\ShowPageTraceBehavior [ RunTime:0.003076s ]
INFO: [ app_end ] --END-- [ RunTime:0.003829s ]

[ 2016-09-12T17:16:55+08:00 ] ::1 /index.php/Admin/Article/saveDraft
INFO: [ app_begin ] --START--
INFO: Run Behavior\ReadHtmlCacheBehavior [ RunTime:0.002582s ]
INFO: [ app_begin ] --END-- [ RunTime:0.005605s ]
INFO: [ app_end ] --START--
INFO: Run Behavior\ShowPageTraceBehavior [ RunTime:0.007093s ]
INFO: [ app_end ] --END-- [ RunTime:0.007772s ]

[ 2016-09-12T17:28:29+08:00 ] ::1 /index.php/Admin/Article/saveDraft
INFO: [ app_begin ] --START--
INFO: Run Behavior\ReadHtmlCacheBehavior [ RunTime:0.002871s ]
INFO: [ app_begin ] --END-- [ RunTime:0.004744s ]
NOTIC: [8] unserialize(): Error at offset 0 of 385 bytes E:\wamp\www\blog\Blog\Admin\Controller\ArticleController.class.php 第 111 行.
INFO: [ app_end ] --START--
INFO: Run Behavior\ShowPageTraceBehavior [ RunTime:0.002770s ]
INFO: [ app_end ] --END-- [ RunTime:0.003413s ]

[ 2016-09-12T17:30:07+08:00 ] ::1 /index.php/Admin/Article/saveDraft
INFO: [ app_begin ] --START--
INFO: Run Behavior\ReadHtmlCacheBehavior [ RunTime:0.003168s ]
INFO: [ app_begin ] --END-- [ RunTime:0.005061s ]
INFO: [ app_end ] --START--
INFO: Run Behavior\ShowPageTraceBehavior [ RunTime:0.004574s ]
INFO: [ app_end ] --END-- [ RunTime:0.005183s ]

[ 2016-09-12T18:29:38+08:00 ] ::1 /index.php/Admin/Article/saveDraft
INFO: [ app_begin ] --START--
INFO: Run Behavior\ReadHtmlCacheBehavior [ RunTime:0.004401s ]
INFO: [ app_begin ] --END-- [ RunTime:0.005842s ]
INFO: [ app_end ] --START--
INFO: Run Behavior\ShowPageTraceBehavior [ RunTime:0.002830s ]
INFO: [ app_end ] --END-- [ RunTime:0.003515s ]

[ 2016-09-12T18:42:10+08:00 ] ::1 /index.php/Admin/Article/saveDraft
INFO: [ app_begin ] --START--
INFO: Run Behavior\ReadHtmlCacheBehavior [ RunTime:0.002828s ]
INFO: [ app_begin ] --END-- [ RunTime:0.003924s ]
INFO: [ app_end ] --START--
INFO: Run Behavior\ShowPageTraceBehavior [ RunTime:0.001694s ]
INFO: [ app_end ] --END-- [ RunTime:0.002046s ]

[ 2016-09-12T18:43:50+08:00 ] ::1 /index.php/Admin/Article/saveDraft
INFO: [ app_begin ] --START--
INFO: Run Behavior\ReadHtmlCacheBehavior [ RunTime:0.002462s ]
INFO: [ app_begin ] --END-- [ RunTime:0.004396s ]
INFO: [ app_end ] --START--
INFO: Run Behavior\ShowPageTraceBehavior [ RunTime:0.002528s ]
INFO: [ app_end ] --END-- [ RunTime:0.003030s ]

[ 2016-09-12T18:45:13+08:00 ] ::1 /index.php/Admin/Article/saveDraft
INFO: [ app_begin ] --START--
INFO: Run Behavior\ReadHtmlCacheBehavior [ RunTime:0.002893s ]
INFO: [ app_begin ] --END-- [ RunTime:0.009065s ]
INFO: [ app_end ] --START--
INFO: Run Behavior\ShowPageTraceBehavior [ RunTime:0.001911s ]
INFO: [ app_end ] --END-- [ RunTime:0.002305s ]

[ 2016-09-12T18:47:41+08:00 ] ::1 /index.php/Admin/Article/saveDraft
INFO: [ app_begin ] --START--
INFO: Run Behavior\ReadHtmlCacheBehavior [ RunTime:0.003418s ]
INFO: [ app_begin ] --END-- [ RunTime:0.005782s ]
INFO: [ app_end ] --START--
INFO: Run Behavior\ShowPageTraceBehavior [ RunTime:0.002502s ]
INFO: [ app_end ] --END-- [ RunTime:0.003022s ]

[ 2016-09-12T18:48:29+08:00 ] ::1 /index.php/Admin/Article/saveDraft
INFO: [ app_begin ] --START--
INFO: Run Behavior\ReadHtmlCacheBehavior [ RunTime:0.002418s ]
INFO: [ app_begin ] --END-- [ RunTime:0.004166s ]
INFO: [ app_end ] --START--
INFO: Run Behavior\ShowPageTraceBehavior [ RunTime:0.002537s ]
INFO: [ app_end ] --END-- [ RunTime:0.003143s ]

[ 2016-09-12T18:48:53+08:00 ] ::1 /index.php/Admin/Article/saveDraft
INFO: [ app_begin ] --START--
INFO: Run Behavior\ReadHtmlCacheBehavior [ RunTime:0.002580s ]
INFO: [ app_begin ] --END-- [ RunTime:0.004349s ]

[ 2016-09-12T18:49:36+08:00 ] ::1 /index.php/Admin/Article/saveDraft
INFO: [ app_begin ] --START--
INFO: Run Behavior\ReadHtmlCacheBehavior [ RunTime:0.002246s ]
INFO: [ app_begin ] --END-- [ RunTime:0.007512s ]
INFO: [ app_end ] --START--
INFO: Run Behavior\ShowPageTraceBehavior [ RunTime:0.001869s ]
INFO: [ app_end ] --END-- [ RunTime:0.002427s ]

[ 2016-09-12T18:50:14+08:00 ] ::1 /index.php/Admin/Article/saveDraft
INFO: [ app_begin ] --START--
INFO: Run Behavior\ReadHtmlCacheBehavior [ RunTime:0.006641s ]
INFO: [ app_begin ] --END-- [ RunTime:0.009087s ]
INFO: [ app_end ] --START--
INFO: Run Behavior\ShowPageTraceBehavior [ RunTime:0.003999s ]
INFO: [ app_end ] --END-- [ RunTime:0.004799s ]

[ 2016-09-12T18:50:40+08:00 ] ::1 /index.php/Admin/Article/saveDraft
INFO: [ app_begin ] --START--
INFO: Run Behavior\ReadHtmlCacheBehavior [ RunTime:0.002628s ]
INFO: [ app_begin ] --END-- [ RunTime:0.004384s ]
INFO: [ app_end ] --START--
INFO: Run Behavior\ShowPageTraceBehavior [ RunTime:0.003975s ]
INFO: [ app_end ] --END-- [ RunTime:0.004536s ]

[ 2016-09-12T18:51:23+08:00 ] ::1 /index.php/Admin/Article/saveDraft
INFO: [ app_begin ] --START--
INFO: Run Behavior\ReadHtmlCacheBehavior [ RunTime:0.001642s ]
INFO: [ app_begin ] --END-- [ RunTime:0.003064s ]

[ 2016-09-12T18:51:49+08:00 ] ::1 /index.php/Admin/Article/saveDraft
INFO: [ app_begin ] --START--
INFO: Run Behavior\ReadHtmlCacheBehavior [ RunTime:0.002938s ]
INFO: [ app_begin ] --END-- [ RunTime:0.005084s ]
INFO: [ app_end ] --START--
INFO: Run Behavior\ShowPageTraceBehavior [ RunTime:0.003430s ]
INFO: [ app_end ] --END-- [ RunTime:0.004080s ]

[ 2016-09-12T18:56:53+08:00 ] ::1 /index.php/Admin/Article/saveDraft
INFO: [ app_begin ] --START--
INFO: Run Behavior\ReadHtmlCacheBehavior [ RunTime:0.002608s ]
INFO: [ app_begin ] --END-- [ RunTime:0.005716s ]
INFO: [ app_end ] --START--
INFO: Run Behavior\ShowPageTraceBehavior [ RunTime:0.002487s ]
INFO: [ app_end ] --END-- [ RunTime:0.002950s ]

[ 2016-09-12T19:09:55+08:00 ] ::1 /index.php/Admin/Article/saveDraft
INFO: [ app_begin ] --START--
INFO: Run Behavior\ReadHtmlCacheBehavior [ RunTime:0.025630s ]
INFO: [ app_begin ] --END-- [ RunTime:0.036059s ]
SQL: SHOW COLUMNS FROM `blog_draft` [ RunTime:0.0246s ]
SQL: INSERT INTO `blog_draft` (`title`,`content`,`last_save_time`) VALUES ('','','2016-09-12 19:09:55') [ RunTime:0.0127s ]

[ 2016-09-12T19:10:46+08:00 ] ::1 /index.php/Admin/Article/saveDraft
INFO: [ app_begin ] --START--
INFO: Run Behavior\ReadHtmlCacheBehavior [ RunTime:0.001770s ]
INFO: [ app_begin ] --END-- [ RunTime:0.002964s ]

[ 2016-09-12T19:11:16+08:00 ] ::1 /index.php/Admin/Article/saveDraft
INFO: [ app_begin ] --START--
INFO: Run Behavior\ReadHtmlCacheBehavior [ RunTime:0.002734s ]
INFO: [ app_begin ] --END-- [ RunTime:0.004769s ]

[ 2016-09-12T19:13:22+08:00 ] ::1 /index.php/Admin/Article/saveDraft
INFO: [ app_begin ] --START--
INFO: Run Behavior\ReadHtmlCacheBehavior [ RunTime:0.020831s ]
INFO: [ app_begin ] --END-- [ RunTime:0.022745s ]

[ 2016-09-12T19:17:09+08:00 ] ::1 /index.php/Admin/Article/saveDraft
INFO: [ app_begin ] --START--
INFO: Run Behavior\ReadHtmlCacheBehavior [ RunTime:0.003580s ]
INFO: [ app_begin ] --END-- [ RunTime:0.006100s ]

[ 2016-09-12T19:18:21+08:00 ] ::1 /index.php/Admin/Article/saveDraft
INFO: [ app_begin ] --START--
INFO: Run Behavior\ReadHtmlCacheBehavior [ RunTime:0.002561s ]
INFO: [ app_begin ] --END-- [ RunTime:0.004623s ]

[ 2016-09-12T19:22:41+08:00 ] ::1 /index.php/Admin/Article/saveDraft
INFO: [ app_begin ] --START--
INFO: Run Behavior\ReadHtmlCacheBehavior [ RunTime:0.003390s ]
INFO: [ app_begin ] --END-- [ RunTime:0.006268s ]
SQL: SHOW COLUMNS FROM `blog_draft` [ RunTime:0.0129s ]
SQL: INSERT INTO `blog_draft` (`title`,`content`,`last_save_time`) VALUES ('地方大幅度发更丰富反复反复反复','{&quot;title&quot;:&quot;地方大幅度发更丰富反复反复反复&quot;,&quot;summary&quot;:&quot;地方的方法过分过分&quot;,&quot;category&quot;:&quot;7&quot;,&quot;cover&quot;:&quot;/uploads/cover/2016-09/12/57d68ff745a88.jpg&quot;,&quot;tag&quot;:&quot;对方当时对方的&quot;,&quot;visible&quot;:&quot;1&quot;,&quot;allowComment&quot;:&quot;1&quot;,&quot;content&quot;:&quot;&lt;p&gt;这里写你的初始化内容该方法反反复复方法反反复复方法反反复复方法反反复复反复反复&lt;/p&gt;&quot;}','2016-09-12 19:09:41') [ RunTime:0.0033s ]

[ 2016-09-12T22:12:34+08:00 ] ::1 /index.php/Admin/Article/DraftList
ERR: Think\Model:feild方法不存在！

[ 2016-09-12T22:14:36+08:00 ] ::1 /index.php/Admin/Article/DraftList
ERR: 模板不存在:./Blog/Admin/View/Article/DraftList.html

[ 2016-09-12T22:24:25+08:00 ] ::1 /index.php/Admin/Article/editDraft/id/2
ERR: 非法操作:editDraft

