[ 2016-09-15T00:09:36+08:00 ] ::1 /index.php/Admin/Article/removeCover/id/3
INFO: [ app_begin ] --START--
INFO: Run Behavior\ReadHtmlCacheBehavior [ RunTime:0.001846s ]
INFO: [ app_begin ] --END-- [ RunTime:0.003767s ]
ERR: éæ³•æ“ä½œ:removeCover

[ 2016-09-15T00:10:44+08:00 ] ::1 /index.php/Admin/Article/removeCover/id/3
INFO: [ app_begin ] --START--
INFO: Run Behavior\ReadHtmlCacheBehavior [ RunTime:0.002547s ]
INFO: [ app_begin ] --END-- [ RunTime:0.004417s ]
INFO: [ app_end ] --START--
INFO: Run Behavior\ShowPageTraceBehavior [ RunTime:0.001418s ]
INFO: [ app_end ] --END-- [ RunTime:0.001769s ]

[ 2016-09-15T00:22:18+08:00 ] ::1 /index.php/Admin/Article/removeCover/id/15
INFO: [ app_begin ] --START--
INFO: Run Behavior\ReadHtmlCacheBehavior [ RunTime:0.001795s ]
INFO: [ app_begin ] --END-- [ RunTime:0.003343s ]
SQL: SHOW COLUMNS FROM `blog_article` [ RunTime:0.0019s ]
SQL: SELECT `cover` FROM `blog_article` WHERE ( id = '15' ) LIMIT 1   [ RunTime:0.0008s ]

[ 2016-09-15T00:29:35+08:00 ] ::1 /index.php/Admin/Article/removeCover/id/14
INFO: [ app_begin ] --START--
INFO: Run Behavior\ReadHtmlCacheBehavior [ RunTime:0.001920s ]
INFO: [ app_begin ] --END-- [ RunTime:0.003446s ]
SQL: SHOW COLUMNS FROM `blog_article` [ RunTime:0.0020s ]
SQL: SELECT `cover` FROM `blog_article` WHERE ( id = '14' ) LIMIT 1   [ RunTime:0.0008s ]
SQL: DELETE FROM `blog_article` WHERE ( id= '14' ) [ RunTime:0.0089s ]

[ 2016-09-15T00:34:56+08:00 ] ::1 /index.php/Admin/Article/removeCover/id/13
INFO: [ app_begin ] --START--
INFO: Run Behavior\ReadHtmlCacheBehavior [ RunTime:0.003134s ]
INFO: [ app_begin ] --END-- [ RunTime:0.004301s ]
SQL: SHOW COLUMNS FROM `blog_article` [ RunTime:0.0021s ]
SQL: SELECT `cover` FROM `blog_article` WHERE ( id = '13' ) LIMIT 1   [ RunTime:0.0008s ]
SQL: DELETE FROM `blog_article` WHERE ( id='13' ) [ RunTime:0.0009s ]

[ 2016-09-15T00:36:46+08:00 ] ::1 /index.php/Admin/Article/removeCover/id/8
INFO: [ app_begin ] --START--
INFO: Run Behavior\ReadHtmlCacheBehavior [ RunTime:0.001164s ]
INFO: [ app_begin ] --END-- [ RunTime:0.002267s ]
SQL: SHOW COLUMNS FROM `blog_article` [ RunTime:0.0021s ]
SQL: SELECT `cover` FROM `blog_article` WHERE ( id = '8' ) LIMIT 1   [ RunTime:0.0008s ]
SQL: DELETE FROM `blog_article` WHERE ( id='8' ) [ RunTime:0.0008s ]

[ 2016-09-15T00:39:11+08:00 ] ::1 /index.php/Admin/Article/removeCover/id/11
INFO: [ app_begin ] --START--
INFO: Run Behavior\ReadHtmlCacheBehavior [ RunTime:0.001658s ]
INFO: [ app_begin ] --END-- [ RunTime:0.002738s ]
SQL: SHOW COLUMNS FROM `blog_article` [ RunTime:0.0020s ]
SQL: SELECT `cover` FROM `blog_article` WHERE ( id = '11' ) LIMIT 1   [ RunTime:0.0008s ]
SQL: DELETE FROM `blog_article` WHERE ( id='11' ) [ RunTime:0.0007s ]

[ 2016-09-15T00:41:29+08:00 ] ::1 /index.php/Admin/Article/removeCover/id/12
INFO: [ app_begin ] --START--
INFO: Run Behavior\ReadHtmlCacheBehavior [ RunTime:0.001346s ]
INFO: [ app_begin ] --END-- [ RunTime:0.002455s ]
SQL: SHOW COLUMNS FROM `blog_article` [ RunTime:0.0025s ]
SQL: SELECT `cover` FROM `blog_article` WHERE ( id = '12' ) LIMIT 1   [ RunTime:0.0009s ]
SQL: UPDATE `blog_article` SET `cover`='' WHERE ( id='12' ) [ RunTime:0.0011s ]

[ 2016-09-15T00:42:15+08:00 ] ::1 /index.php/Admin/Article/removeCover/id/12
INFO: [ app_begin ] --START--
INFO: Run Behavior\ReadHtmlCacheBehavior [ RunTime:0.001551s ]
INFO: [ app_begin ] --END-- [ RunTime:0.002681s ]
SQL: SHOW COLUMNS FROM `blog_article` [ RunTime:0.0020s ]
SQL: SELECT `cover` FROM `blog_article` WHERE ( id = '12' ) LIMIT 1   [ RunTime:0.0009s ]
SQL: UPDATE `blog_article` SET `cover`='' WHERE ( id='12' ) [ RunTime:0.0007s ]

[ 2016-09-15T01:08:11+08:00 ] ::1 /index.php/Admin/Article/addArticle/id/15
ERR: 1048:Column 'article_id' cannot be null
 [ SQLè¯­å¥ ] : INSERT INTO `blog_tag` (`name`,`article_id`) VALUES ('1221',NULL)

[ 2016-09-15T01:08:47+08:00 ] ::1 /index.php/Admin/Article/addArticle/id/15
ERR: 1048:Column 'article_id' cannot be null
 [ SQLè¯­å¥ ] : INSERT INTO `blog_tag` (`name`,`article_id`) VALUES ('1221',NULL)

[ 2016-09-15T15:36:55+08:00 ] ::1 /index.php/Admin/Article/editArticle/id/1
ERR: 1054:Unknown column 'id' in 'where clause'
 [ SQLè¯­å¥ ] : SELECT `attribute_id` FROM `blog_article_attribute` WHERE ( id='1' ) 

[ 2016-09-15T15:38:14+08:00 ] ::1 /index.php/Admin/Article/editArticle/id/1
ERR: 1241:Operand should contain 1 column(s)
 [ SQLè¯­å¥ ] : SELECT * FROM `blog_attribute` WHERE ( id, name ) 

[ 2016-09-15T17:30:38+08:00 ] ::1 /index.php/Admin/Article/saveArticle/id/27
ERR: éæ³•æ“ä½œ:saveArticle

[ 2016-09-15T17:31:28+08:00 ] ::1 /index.php/Admin/Article/saveArticle/id/27
ERR: éæ³•æ“ä½œ:saveArticle

[ 2016-09-15T17:31:31+08:00 ] ::1 /index.php/Admin/Article/saveArticle/id/27
ERR: éæ³•æ“ä½œ:saveArticle

[ 2016-09-15T17:31:40+08:00 ] ::1 /index.php/Admin/Article/saveArticle/id/27
ERR: éæ³•æ“ä½œ:saveArticle

[ 2016-09-15T17:35:44+08:00 ] ::1 /index.php/Admin/Article/removeCover/id/27
INFO: [ app_begin ] --START--
INFO: Run Behavior\ReadHtmlCacheBehavior [ RunTime:0.002286s ]
INFO: [ app_begin ] --END-- [ RunTime:0.004167s ]
SQL: SHOW COLUMNS FROM `blog_article` [ RunTime:0.0024s ]
SQL: SELECT `cover` FROM `blog_article` WHERE ( id = '27' ) LIMIT 1   [ RunTime:0.0009s ]
SQL: UPDATE `blog_article` SET `cover`='' WHERE ( id='27' ) [ RunTime:0.0016s ]

[ 2016-09-15T17:36:23+08:00 ] ::1 /index.php/Admin/Article/removeCover/id/28
INFO: [ app_begin ] --START--
INFO: Run Behavior\ReadHtmlCacheBehavior [ RunTime:0.001118s ]
INFO: [ app_begin ] --END-- [ RunTime:0.002070s ]
SQL: SHOW COLUMNS FROM `blog_article` [ RunTime:0.0017s ]
SQL: SELECT `cover` FROM `blog_article` WHERE ( id = '28' ) LIMIT 1   [ RunTime:0.0007s ]
SQL: UPDATE `blog_article` SET `cover`='' WHERE ( id='28' ) [ RunTime:0.0008s ]

[ 2016-09-15T17:37:34+08:00 ] ::1 /index.php/Admin/Article/saveDraft/id/
INFO: [ app_begin ] --START--
INFO: Run Behavior\ReadHtmlCacheBehavior [ RunTime:0.001199s ]
INFO: [ app_begin ] --END-- [ RunTime:0.002497s ]
SQL: SHOW COLUMNS FROM `blog_draft` [ RunTime:0.0026s ]
SQL: INSERT INTO `blog_draft` (`title`,`content`,`last_save_time`) VALUES ('sdsdsd34','{&quot;title&quot;:&quot;sdsdsd34&quot;,&quot;summary&quot;:&quot;å‘çš„é¡¶é¡¶é¡¶é¡¶é¡¶çš„é¡¶é¡¶é¡¶é¡¶é¡¶&quot;,&quot;cover&quot;:&quot;/uploads/cover/2016-09/15/57da6b9e2b9e9.jpg&quot;,&quot;category&quot;:&quot;6&quot;,&quot;attribute[]&quot;:&quot;1&quot;,&quot;tag&quot;:&quot;&quot;,&quot;visible&quot;:&quot;1&quot;,&quot;content&quot;:&quot;&lt;p&gt;è¿™é‡Œå†™ä½ çš„åˆå§‹åŒ–å†…å®¹æ˜¯çš„æ˜¯çš„æ˜¯çš„&lt;/p&gt;&quot;}','2016-09-15 17:09:34') [ RunTime:0.0075s ]

[ 2016-09-15T17:37:39+08:00 ] ::1 /index.php/Admin/Article/saveDraft/id/35
INFO: [ app_begin ] --START--
INFO: Run Behavior\ReadHtmlCacheBehavior [ RunTime:0.001113s ]
INFO: [ app_begin ] --END-- [ RunTime:0.002434s ]
SQL: SHOW COLUMNS FROM `blog_draft` [ RunTime:0.0020s ]
SQL: UPDATE `blog_draft` SET `title`='sdsdsd34',`content`='{&quot;title&quot;:&quot;sdsdsd34&quot;,&quot;summary&quot;:&quot;å‘çš„é¡¶é¡¶é¡¶é¡¶é¡¶çš„é¡¶é¡¶é¡¶é¡¶é¡¶&quot;,&quot;cover&quot;:&quot;/uploads/cover/2016-09/15/57da6b9e2b9e9.jpg&quot;,&quot;category&quot;:&quot;6&quot;,&quot;attribute[]&quot;:&quot;1&quot;,&quot;tag&quot;:&quot;&quot;,&quot;visible&quot;:&quot;1&quot;,&quot;content&quot;:&quot;&lt;p&gt;è¿™é‡Œå†™ä½ çš„åˆå§‹åŒ–å†…å®¹æ˜¯çš„æ˜¯çš„æ˜¯çš„hgghghghgh&lt;/p&gt;&quot;}',`last_save_time`='2016-09-15 17:09:39' WHERE ( id='35' ) [ RunTime:0.0014s ]

[ 2016-09-15T17:48:19+08:00 ] ::1 /index.php/Admin/Article/removeCover/id/26
INFO: [ app_begin ] --START--
INFO: Run Behavior\ReadHtmlCacheBehavior [ RunTime:0.001323s ]
INFO: [ app_begin ] --END-- [ RunTime:0.002675s ]
SQL: SHOW COLUMNS FROM `blog_article` [ RunTime:0.0022s ]
SQL: SELECT `cover` FROM `blog_article` WHERE ( id = '26' ) LIMIT 1   [ RunTime:0.0008s ]
SQL: UPDATE `blog_article` SET `cover`='' WHERE ( id='26' ) [ RunTime:0.0011s ]

[ 2016-09-15T17:49:51+08:00 ] ::1 /index.php/Admin/Article/removeCover/id/26
INFO: [ app_begin ] --START--
INFO: Run Behavior\ReadHtmlCacheBehavior [ RunTime:0.001265s ]
INFO: [ app_begin ] --END-- [ RunTime:0.002510s ]
SQL: SHOW COLUMNS FROM `blog_article` [ RunTime:0.0020s ]
SQL: SELECT `cover` FROM `blog_article` WHERE ( id = '26' ) LIMIT 1   [ RunTime:0.0009s ]
SQL: UPDATE `blog_article` SET `cover`='' WHERE ( id='26' ) [ RunTime:0.0010s ]

[ 2016-09-15T17:52:59+08:00 ] ::1 /index.php/Admin/Article/updateArticle/id/26
ERR: Think\Model:relationæ–¹æ³•ä¸å­˜åœ¨ï¼

[ 2016-09-15T17:55:10+08:00 ] ::1 /index.php/Admin/Article/removeCover/id/25
INFO: [ app_begin ] --START--
INFO: Run Behavior\ReadHtmlCacheBehavior [ RunTime:0.001737s ]
INFO: [ app_begin ] --END-- [ RunTime:0.003317s ]
SQL: SHOW COLUMNS FROM `blog_article` [ RunTime:0.0019s ]
SQL: SELECT `cover` FROM `blog_article` WHERE ( id = '25' ) LIMIT 1   [ RunTime:0.0012s ]
SQL: UPDATE `blog_article` SET `cover`='' WHERE ( id='25' ) [ RunTime:0.0011s ]

[ 2016-09-15T17:55:17+08:00 ] ::1 /index.php/Admin/Article/updateArticle/id/25
ERR: Think\Model:relationæ–¹æ³•ä¸å­˜åœ¨ï¼

[ 2016-09-15T17:55:49+08:00 ] ::1 /index.php/Admin/Article/removeCover/id/25
INFO: [ app_begin ] --START--
INFO: Run Behavior\ReadHtmlCacheBehavior [ RunTime:0.002436s ]
INFO: [ app_begin ] --END-- [ RunTime:0.003631s ]
SQL: SHOW COLUMNS FROM `blog_article` [ RunTime:0.0018s ]
SQL: SELECT `cover` FROM `blog_article` WHERE ( id = '25' ) LIMIT 1   [ RunTime:0.0008s ]
SQL: UPDATE `blog_article` SET `cover`='' WHERE ( id='25' ) [ RunTime:0.0008s ]

[ 2016-09-15T17:56:01+08:00 ] ::1 /index.php/Admin/Article/updateArticle/id/25
ERR: 1048:Column 'article_id' cannot be null
 [ SQLè¯­å¥ ] : INSERT INTO `blog_tag` (`name`,`article_id`) VALUES ('æ˜¯çš„æ˜¯çš„',NULL)

[ 2016-09-15T18:30:11+08:00 ] ::1 /index.php/Admin/Article/updateArticle/id/27
ERR: 1366:Incorrect string value: '\xE4' for column 'name' at row 1
 [ SQLè¯­å¥ ] : INSERT INTO `blog_tag` (`article_id`,`name`) VALUES ('27','ä'),('27','å'),('27','')

[ 2016-09-15T18:30:57+08:00 ] ::1 /index.php/Admin/Article/updateArticle/id/27
ERR: 1366:Incorrect string value: '\xE4' for column 'name' at row 1
 [ SQLè¯­å¥ ] : INSERT INTO `blog_tag` (`article_id`,`name`) VALUES ('27','ä'),('27','å'),('27','')

[ 2016-09-15T18:31:15+08:00 ] ::1 /index.php/Admin/Article/updateArticle/id/27
ERR: 1366:Incorrect string value: '\xE4' for column 'name' at row 1
 [ SQLè¯­å¥ ] : INSERT INTO `blog_tag` (`article_id`,`name`) VALUES ('27','ä'),('27','å'),('27','')

[ 2016-09-15T18:33:36+08:00 ] ::1 /index.php/Admin/Article/updateArticle/id/27
ERR: 1136:Column count doesn't match value count at row 3
 [ SQLè¯­å¥ ] : INSERT INTO `blog_tag` (`article_id`,`name`) VALUES ('27','äºŒäºŒäºŒ'),('27','åœ°æ–¹å¤§å¹…åº¦å‘'),()

[ 2016-09-15T18:35:08+08:00 ] ::1 /index.php/Admin/Article/updateArticle/id/27
ERR: 1136:Column count doesn't match value count at row 3
 [ SQLè¯­å¥ ] : INSERT INTO `blog_tag` (`article_id`,`name`) VALUES ('27','äºŒäºŒäºŒ'),('27','åœ°æ–¹å¤§å¹…åº¦å‘'),()

[ 2016-09-15T19:03:44+08:00 ] ::1 /index.php/Admin/Article/removeCover/id/27
INFO: [ app_begin ] --START--
INFO: Run Behavior\ReadHtmlCacheBehavior [ RunTime:0.001487s ]
INFO: [ app_begin ] --END-- [ RunTime:0.002790s ]
SQL: SHOW COLUMNS FROM `blog_article` [ RunTime:0.0023s ]
SQL: SELECT `cover` FROM `blog_article` WHERE ( id = '27' ) LIMIT 1   [ RunTime:0.0010s ]
SQL: UPDATE `blog_article` SET `cover`='' WHERE ( id='27' ) [ RunTime:0.0013s ]

[ 2016-09-15T19:37:59+08:00 ] ::1 /index.php/Admin/Article/removeCover/id/27
INFO: [ app_begin ] --START--
INFO: Run Behavior\ReadHtmlCacheBehavior [ RunTime:0.001736s ]
INFO: [ app_begin ] --END-- [ RunTime:0.003289s ]
SQL: SHOW COLUMNS FROM `blog_article` [ RunTime:0.0024s ]
SQL: SELECT `cover` FROM `blog_article` WHERE ( id = '27' ) LIMIT 1   [ RunTime:0.0008s ]
SQL: UPDATE `blog_article` SET `cover`='' WHERE ( id='27' ) [ RunTime:0.0008s ]

[ 2016-09-15T19:39:43+08:00 ] ::1 /index.php/Admin/Article/removeCover/id/27
INFO: [ app_begin ] --START--
INFO: Run Behavior\ReadHtmlCacheBehavior [ RunTime:0.001305s ]
INFO: [ app_begin ] --END-- [ RunTime:0.002530s ]
SQL: SHOW COLUMNS FROM `blog_article` [ RunTime:0.0023s ]
SQL: SELECT `cover` FROM `blog_article` WHERE ( id = '27' ) LIMIT 1   [ RunTime:0.0010s ]
SQL: UPDATE `blog_article` SET `cover`='' WHERE ( id='27' ) [ RunTime:0.0008s ]

[ 2016-09-15T19:40:37+08:00 ] ::1 /index.php/Admin/Article/removeCover/id/27
INFO: [ app_begin ] --START--
INFO: Run Behavior\ReadHtmlCacheBehavior [ RunTime:0.001176s ]
INFO: [ app_begin ] --END-- [ RunTime:0.002255s ]
SQL: SHOW COLUMNS FROM `blog_article` [ RunTime:0.0019s ]
SQL: SELECT `cover` FROM `blog_article` WHERE ( id = '27' ) LIMIT 1   [ RunTime:0.0014s ]
SQL: UPDATE `blog_article` SET `cover`='' WHERE ( id='27' ) [ RunTime:0.0009s ]

[ 2016-09-15T19:41:52+08:00 ] ::1 /index.php/Admin/Article/removeCover/id/27
INFO: [ app_begin ] --START--
INFO: Run Behavior\ReadHtmlCacheBehavior [ RunTime:0.001122s ]
INFO: [ app_begin ] --END-- [ RunTime:0.002128s ]
SQL: SHOW COLUMNS FROM `blog_article` [ RunTime:0.0019s ]
SQL: SELECT `cover` FROM `blog_article` WHERE ( id = '27' ) LIMIT 1   [ RunTime:0.0007s ]
SQL: UPDATE `blog_article` SET `cover`='' WHERE ( id='27' ) [ RunTime:0.0010s ]

[ 2016-09-15T19:47:43+08:00 ] ::1 /index.php/Admin/Article/saveDraft/id/1
INFO: [ app_begin ] --START--
INFO: Run Behavior\ReadHtmlCacheBehavior [ RunTime:0.001203s ]
INFO: [ app_begin ] --END-- [ RunTime:0.002194s ]
SQL: SHOW COLUMNS FROM `blog_draft` [ RunTime:0.0019s ]
SQL: UPDATE `blog_draft` SET `title`='',`content`='{&quot;title&quot;:&quot;&quot;,&quot;summary&quot;:&quot;&quot;,&quot;cover&quot;:&quot;/uploads/temp/57da8a5ef141b.jpeg&quot;,&quot;tag&quot;:&quot;&quot;}',`last_save_time`='2016-09-15 19:09:43' WHERE ( id='1' ) [ RunTime:0.0012s ]

[ 2016-09-15T19:47:46+08:00 ] ::1 /index.php/Admin/Article/saveDraft/id/1
INFO: [ app_begin ] --START--
INFO: Run Behavior\ReadHtmlCacheBehavior [ RunTime:0.001312s ]
INFO: [ app_begin ] --END-- [ RunTime:0.002511s ]
SQL: SHOW COLUMNS FROM `blog_draft` [ RunTime:0.0074s ]
SQL: UPDATE `blog_draft` SET `title`='',`content`='{&quot;title&quot;:&quot;&quot;,&quot;summary&quot;:&quot;&quot;,&quot;cover&quot;:&quot;/uploads/temp/57da8a5ef141b.jpeg&quot;,&quot;tag&quot;:&quot;&quot;}',`last_save_time`='2016-09-15 19:09:46' WHERE ( id='1' ) [ RunTime:0.0010s ]

[ 2016-09-15T19:48:06+08:00 ] ::1 /index.php/Admin/Article/saveDraft/id/1
INFO: [ app_begin ] --START--
INFO: Run Behavior\ReadHtmlCacheBehavior [ RunTime:0.001321s ]
INFO: [ app_begin ] --END-- [ RunTime:0.002910s ]
SQL: SHOW COLUMNS FROM `blog_draft` [ RunTime:0.0017s ]
SQL: UPDATE `blog_draft` SET `title`='æ–¹æ³•æ³•å›½é£æ ¼é£æ ¼',`content`='{&quot;title&quot;:&quot;æ–¹æ³•æ³•å›½é£æ ¼é£æ ¼&quot;,&quot;summary&quot;:&quot;&quot;,&quot;cover&quot;:&quot;/uploads/temp/57da8a747f27f.jpeg&quot;,&quot;tag&quot;:&quot;&quot;}',`last_save_time`='2016-09-15 19:09:06' WHERE ( id='1' ) [ RunTime:0.0015s ]

[ 2016-09-15T19:48:27+08:00 ] ::1 /index.php/Admin/Article/removeCover/id/1
INFO: [ app_begin ] --START--
INFO: Run Behavior\ReadHtmlCacheBehavior [ RunTime:0.001192s ]
INFO: [ app_begin ] --END-- [ RunTime:0.002209s ]
SQL: SHOW COLUMNS FROM `blog_article` [ RunTime:0.0027s ]
SQL: SELECT `cover` FROM `blog_article` WHERE ( id = '1' ) LIMIT 1   [ RunTime:0.0009s ]
SQL: UPDATE `blog_article` SET `cover`='' WHERE ( id='1' ) [ RunTime:0.0010s ]

[ 2016-09-15T19:48:32+08:00 ] ::1 /index.php/Admin/Article/saveDraft/id/1
INFO: [ app_begin ] --START--
INFO: Run Behavior\ReadHtmlCacheBehavior [ RunTime:0.001948s ]
INFO: [ app_begin ] --END-- [ RunTime:0.003502s ]
SQL: SHOW COLUMNS FROM `blog_draft` [ RunTime:0.0017s ]
SQL: UPDATE `blog_draft` SET `title`='æ–¹æ³•æ³•å›½é£æ ¼é£æ ¼',`content`='{&quot;title&quot;:&quot;æ–¹æ³•æ³•å›½é£æ ¼é£æ ¼&quot;,&quot;summary&quot;:&quot;&quot;,&quot;cover&quot;:&quot;/uploads/temp/57da8a8ebbc19.png&quot;,&quot;tag&quot;:&quot;&quot;}',`last_save_time`='2016-09-15 19:09:32' WHERE ( id='1' ) [ RunTime:0.0014s ]

[ 2016-09-15T19:49:11+08:00 ] ::1 /index.php/Admin/Article/addArticle
ERR: 1054:Unknown column 'attribute' in 'field list'
 [ SQLè¯­å¥ ] : INSERT INTO `blog_article` (`title`,`summary`,`content`,`cover`,`user_id`,`category_id`,`create_time`,`attribute`,`last_modify_time`,`allow_comment`,`visible`) VALUES ('æ–¹æ³•æ³•å›½é£æ ¼é£æ ¼åœ°æ–¹å¤§å¹…åº¦å‘','æ´»è¯¥è¯¥å¥½å¥½å¹²','&lt;p&gt;å¤§æ–¹å¤§æ–¹åˆ†äº«&lt;/p&gt;','/uploads/cover/2016-09/15/57da8a8ebbc19.png','38','7','2016-09-15 19:49:11','','2016-09-15 19:49:11','1','1')

[ 2016-09-15T19:59:54+08:00 ] ::1 /index.php/Admin/Article/saveDraft
INFO: [ app_begin ] --START--
INFO: Run Behavior\ReadHtmlCacheBehavior [ RunTime:0.001113s ]
INFO: [ app_begin ] --END-- [ RunTime:0.002172s ]
SQL: SHOW COLUMNS FROM `blog_draft` [ RunTime:0.0020s ]
SQL: INSERT INTO `blog_draft` (`title`,`content`,`last_save_time`) VALUES ('12222222','{&quot;title&quot;:&quot;12222222&quot;,&quot;summary&quot;:&quot;åœ°æ–¹å¤§å¹…åº¦å‘&quot;,&quot;cover&quot;:&quot;&quot;,&quot;attribute[]&quot;:&quot;3&quot;,&quot;tag&quot;:&quot;&quot;,&quot;visible&quot;:&quot;1&quot;,&quot;allowComment&quot;:&quot;1&quot;,&quot;content&quot;:&quot;&lt;p&gt;è¿™é‡Œå†™ä½ çš„åˆå§‹åŒ–å†…å®¹&lt;/p&gt;&quot;}','2016-09-15 19:09:54') [ RunTime:0.0011s ]

[ 2016-09-15T20:02:39+08:00 ] ::1 /index.php/Admin/Article/saveDraft
INFO: [ app_begin ] --START--
INFO: Run Behavior\ReadHtmlCacheBehavior [ RunTime:0.002082s ]
INFO: [ app_begin ] --END-- [ RunTime:0.004136s ]

[ 2016-09-15T20:03:43+08:00 ] ::1 /index.php/Admin/Article/saveDraft
INFO: [ app_begin ] --START--
INFO: Run Behavior\ReadHtmlCacheBehavior [ RunTime:0.001659s ]
INFO: [ app_begin ] --END-- [ RunTime:0.002940s ]

[ 2016-09-15T20:05:22+08:00 ] ::1 /index.php/Admin/Article/saveDraft
INFO: [ app_begin ] --START--
INFO: Run Behavior\ReadHtmlCacheBehavior [ RunTime:0.001099s ]
INFO: [ app_begin ] --END-- [ RunTime:0.002104s ]

[ 2016-09-15T20:06:37+08:00 ] ::1 /index.php/Admin/Article/saveDraft
INFO: [ app_begin ] --START--
INFO: Run Behavior\ReadHtmlCacheBehavior [ RunTime:0.001618s ]
INFO: [ app_begin ] --END-- [ RunTime:0.002917s ]

[ 2016-09-15T20:28:40+08:00 ] ::1 /index.php/Admin/Article/saveDraft
INFO: [ app_begin ] --START--
INFO: Run Behavior\ReadHtmlCacheBehavior [ RunTime:0.002547s ]
INFO: [ app_begin ] --END-- [ RunTime:0.004925s ]

[ 2016-09-15T20:29:44+08:00 ] ::1 /index.php/Admin/Article/saveDraft
INFO: [ app_begin ] --START--
INFO: Run Behavior\ReadHtmlCacheBehavior [ RunTime:0.001873s ]
INFO: [ app_begin ] --END-- [ RunTime:0.003615s ]

[ 2016-09-15T20:30:14+08:00 ] ::1 /index.php/Admin/Article/saveDraft
INFO: [ app_begin ] --START--
INFO: Run Behavior\ReadHtmlCacheBehavior [ RunTime:0.002099s ]
INFO: [ app_begin ] --END-- [ RunTime:0.004486s ]

[ 2016-09-15T20:32:43+08:00 ] ::1 /index.php/Admin/Article/saveDraft
INFO: [ app_begin ] --START--
INFO: Run Behavior\ReadHtmlCacheBehavior [ RunTime:0.001299s ]
INFO: [ app_begin ] --END-- [ RunTime:0.002418s ]
SQL: SHOW COLUMNS FROM `blog_draft` [ RunTime:0.0025s ]
SQL: INSERT INTO `blog_draft` (`title`,`content`,`last_save_time`) VALUES ('','{&quot;title&quot;:&quot;&quot;,&quot;summary&quot;:&quot;&quot;,&quot;cover&quot;:&quot;&quot;,&quot;attribute[]&quot;:[[&quot;1&quot;,&quot;2&quot;],&quot;3&quot;],&quot;tag&quot;:&quot;&quot;,&quot;visible&quot;:&quot;1&quot;,&quot;allowComment&quot;:&quot;1&quot;,&quot;content&quot;:&quot;&lt;p&gt;è¿™é‡Œå†™ä½ çš„åˆå§‹åŒ–å†…å®¹&lt;/p&gt;&quot;}','2016-09-15 20:09:43') [ RunTime:0.0015s ]

[ 2016-09-15T20:32:51+08:00 ] ::1 /index.php/Admin/Article/saveDraft
INFO: [ app_begin ] --START--
INFO: Run Behavior\ReadHtmlCacheBehavior [ RunTime:0.002644s ]
INFO: [ app_begin ] --END-- [ RunTime:0.004755s ]
SQL: SHOW COLUMNS FROM `blog_draft` [ RunTime:0.0021s ]
SQL: INSERT INTO `blog_draft` (`title`,`content`,`last_save_time`) VALUES ('æ˜¯çš„æ˜¯çš„æ˜¯çš„æ˜¯çš„','{&quot;title&quot;:&quot;æ˜¯çš„æ˜¯çš„æ˜¯çš„æ˜¯çš„&quot;,&quot;summary&quot;:&quot;&quot;,&quot;cover&quot;:&quot;&quot;,&quot;attribute[]&quot;:[[&quot;1&quot;,&quot;2&quot;],&quot;3&quot;],&quot;tag&quot;:&quot;&quot;,&quot;visible&quot;:&quot;1&quot;,&quot;allowComment&quot;:&quot;1&quot;,&quot;content&quot;:&quot;&lt;p&gt;è¿™é‡Œå†™ä½ çš„åˆå§‹åŒ–å†…å®¹&lt;/p&gt;&quot;}','2016-09-15 20:09:51') [ RunTime:0.0010s ]

[ 2016-09-15T20:32:54+08:00 ] ::1 /index.php/Admin/Article/saveDraft
INFO: [ app_begin ] --START--
INFO: Run Behavior\ReadHtmlCacheBehavior [ RunTime:0.002186s ]
INFO: [ app_begin ] --END-- [ RunTime:0.003896s ]
SQL: SHOW COLUMNS FROM `blog_draft` [ RunTime:0.0018s ]
SQL: INSERT INTO `blog_draft` (`title`,`content`,`last_save_time`) VALUES ('æ˜¯çš„æ˜¯çš„æ˜¯çš„æ˜¯çš„','{&quot;title&quot;:&quot;æ˜¯çš„æ˜¯çš„æ˜¯çš„æ˜¯çš„&quot;,&quot;summary&quot;:&quot;&quot;,&quot;cover&quot;:&quot;&quot;,&quot;attribute[]&quot;:[[&quot;1&quot;,&quot;2&quot;],&quot;3&quot;],&quot;tag&quot;:&quot;&quot;,&quot;visible&quot;:&quot;1&quot;,&quot;allowComment&quot;:&quot;1&quot;,&quot;content&quot;:&quot;&lt;p&gt;è¿™é‡Œå†™ä½ çš„åˆå§‹åŒ–å†…å®¹&lt;/p&gt;&quot;}','2016-09-15 20:09:54') [ RunTime:0.0011s ]

[ 2016-09-15T20:36:43+08:00 ] ::1 /index.php/Admin/Article/saveDraft
INFO: [ app_begin ] --START--
INFO: Run Behavior\ReadHtmlCacheBehavior [ RunTime:0.001673s ]
INFO: [ app_begin ] --END-- [ RunTime:0.003361s ]

[ 2016-09-15T20:38:03+08:00 ] ::1 /index.php/Admin/Article/saveDraft
INFO: [ app_begin ] --START--
INFO: Run Behavior\ReadHtmlCacheBehavior [ RunTime:0.001747s ]
INFO: [ app_begin ] --END-- [ RunTime:0.003420s ]

[ 2016-09-15T20:39:06+08:00 ] ::1 /index.php/Admin/Article/saveDraft
INFO: [ app_begin ] --START--
INFO: Run Behavior\ReadHtmlCacheBehavior [ RunTime:0.006049s ]
INFO: [ app_begin ] --END-- [ RunTime:0.009039s ]

[ 2016-09-15T20:39:13+08:00 ] ::1 /index.php/Admin/Article/saveDraft
INFO: [ app_begin ] --START--
INFO: Run Behavior\ReadHtmlCacheBehavior [ RunTime:0.002276s ]
INFO: [ app_begin ] --END-- [ RunTime:0.004480s ]

[ 2016-09-15T20:41:39+08:00 ] ::1 /index.php/Admin/Article/saveDraft
INFO: [ app_begin ] --START--
INFO: Run Behavior\ReadHtmlCacheBehavior [ RunTime:0.002583s ]
INFO: [ app_begin ] --END-- [ RunTime:0.003938s ]
SQL: SHOW COLUMNS FROM `blog_draft` [ RunTime:0.0022s ]
SQL: INSERT INTO `blog_draft` (`title`,`content`,`last_save_time`) VALUES ('','{&quot;title&quot;:&quot;&quot;,&quot;summary&quot;:&quot;&quot;,&quot;cover&quot;:&quot;&quot;,&quot;attribute[]&quot;:[&quot;1&quot;,&quot;2&quot;,&quot;3&quot;],&quot;tag&quot;:&quot;&quot;,&quot;visible&quot;:&quot;1&quot;,&quot;allowComment&quot;:&quot;1&quot;,&quot;content&quot;:&quot;&lt;p&gt;è¿™é‡Œå†™ä½ çš„åˆå§‹åŒ–å†…å®¹&lt;/p&gt;&quot;}','2016-09-15 20:09:39') [ RunTime:0.0017s ]

[ 2016-09-15T21:06:58+08:00 ] ::1 /index.php/Admin/Article/saveDraft/id/
INFO: [ app_begin ] --START--
INFO: Run Behavior\ReadHtmlCacheBehavior [ RunTime:0.001551s ]
INFO: [ app_begin ] --END-- [ RunTime:0.002729s ]
SQL: SHOW COLUMNS FROM `blog_draft` [ RunTime:0.0019s ]
SQL: INSERT INTO `blog_draft` (`title`,`content`,`last_save_time`) VALUES ('','{&quot;title&quot;:&quot;&quot;,&quot;summary&quot;:&quot;&quot;,&quot;cover&quot;:&quot;&quot;,&quot;attribute[]&quot;:&quot;2&quot;,&quot;tag&quot;:&quot;&quot;,&quot;visible&quot;:&quot;1&quot;,&quot;allowComment&quot;:&quot;1&quot;,&quot;content&quot;:&quot;&lt;p&gt;è¿™é‡Œå†™ä½ çš„åˆå§‹åŒ–å†…å®¹&lt;/p&gt;&quot;}','2016-09-15 21:09:58') [ RunTime:0.0013s ]

[ 2016-09-15T21:07:00+08:00 ] ::1 /index.php/Admin/Article/saveDraft/id/
INFO: [ app_begin ] --START--
INFO: Run Behavior\ReadHtmlCacheBehavior [ RunTime:0.001379s ]
INFO: [ app_begin ] --END-- [ RunTime:0.002422s ]
SQL: SHOW COLUMNS FROM `blog_draft` [ RunTime:0.0016s ]
SQL: INSERT INTO `blog_draft` (`title`,`content`,`last_save_time`) VALUES ('','{&quot;title&quot;:&quot;&quot;,&quot;summary&quot;:&quot;&quot;,&quot;cover&quot;:&quot;&quot;,&quot;attribute[]&quot;:&quot;2&quot;,&quot;tag&quot;:&quot;&quot;,&quot;visible&quot;:&quot;1&quot;,&quot;allowComment&quot;:&quot;1&quot;,&quot;content&quot;:&quot;&lt;p&gt;è¿™é‡Œå†™ä½ çš„åˆå§‹åŒ–å†…å®¹&lt;/p&gt;&quot;}','2016-09-15 21:09:00') [ RunTime:0.0013s ]

[ 2016-09-15T21:07:06+08:00 ] ::1 /index.php/Admin/Article/saveDraft/id/
INFO: [ app_begin ] --START--
INFO: Run Behavior\ReadHtmlCacheBehavior [ RunTime:0.002660s ]
INFO: [ app_begin ] --END-- [ RunTime:0.004548s ]
SQL: SHOW COLUMNS FROM `blog_draft` [ RunTime:0.0021s ]
SQL: INSERT INTO `blog_draft` (`title`,`content`,`last_save_time`) VALUES ('å‘è¿‡ä¸ªéå®˜æ–¹','{&quot;title&quot;:&quot;å‘è¿‡ä¸ªéå®˜æ–¹&quot;,&quot;summary&quot;:&quot;&quot;,&quot;cover&quot;:&quot;&quot;,&quot;attribute[]&quot;:&quot;2&quot;,&quot;tag&quot;:&quot;&quot;,&quot;visible&quot;:&quot;1&quot;,&quot;allowComment&quot;:&quot;1&quot;,&quot;content&quot;:&quot;&lt;p&gt;è¿™é‡Œå†™ä½ çš„åˆå§‹åŒ–å†…å®¹&lt;/p&gt;&quot;}','2016-09-15 21:09:06') [ RunTime:0.0012s ]

[ 2016-09-15T21:07:08+08:00 ] ::1 /index.php/Admin/Article/saveDraft/id/
INFO: [ app_begin ] --START--
INFO: Run Behavior\ReadHtmlCacheBehavior [ RunTime:0.001763s ]
INFO: [ app_begin ] --END-- [ RunTime:0.003391s ]
SQL: SHOW COLUMNS FROM `blog_draft` [ RunTime:0.0016s ]
SQL: INSERT INTO `blog_draft` (`title`,`content`,`last_save_time`) VALUES ('å‘è¿‡ä¸ªéå®˜æ–¹','{&quot;title&quot;:&quot;å‘è¿‡ä¸ªéå®˜æ–¹&quot;,&quot;summary&quot;:&quot;&quot;,&quot;cover&quot;:&quot;&quot;,&quot;attribute[]&quot;:&quot;2&quot;,&quot;tag&quot;:&quot;&quot;,&quot;visible&quot;:&quot;1&quot;,&quot;allowComment&quot;:&quot;1&quot;,&quot;content&quot;:&quot;&lt;p&gt;è¿™é‡Œå†™ä½ çš„åˆå§‹åŒ–å†…å®¹&lt;/p&gt;&quot;}','2016-09-15 21:09:08') [ RunTime:0.0008s ]

[ 2016-09-15T21:07:40+08:00 ] ::1 /index.php/Admin/Article/saveDraft/id/
INFO: [ app_begin ] --START--
INFO: Run Behavior\ReadHtmlCacheBehavior [ RunTime:0.001782s ]
INFO: [ app_begin ] --END-- [ RunTime:0.003558s ]
SQL: SHOW COLUMNS FROM `blog_draft` [ RunTime:0.0018s ]
SQL: INSERT INTO `blog_draft` (`title`,`content`,`last_save_time`) VALUES ('æ˜¯çš„æ˜¯çš„122222222','{&quot;title&quot;:&quot;æ˜¯çš„æ˜¯çš„122222222&quot;,&quot;summary&quot;:&quot;&quot;,&quot;cover&quot;:&quot;&quot;,&quot;attribute[]&quot;:&quot;3&quot;,&quot;tag&quot;:&quot;&quot;,&quot;visible&quot;:&quot;1&quot;,&quot;allowComment&quot;:&quot;1&quot;,&quot;content&quot;:&quot;&lt;p&gt;è¿™é‡Œå†™ä½ çš„åˆå§‹åŒ–å†…å®¹&lt;/p&gt;&quot;}','2016-09-15 21:09:40') [ RunTime:0.0010s ]

[ 2016-09-15T21:17:36+08:00 ] ::1 /index.php/Admin/Article/saveDraft/id/
INFO: [ app_begin ] --START--
INFO: Run Behavior\ReadHtmlCacheBehavior [ RunTime:0.001695s ]
INFO: [ app_begin ] --END-- [ RunTime:0.003514s ]
SQL: SHOW COLUMNS FROM `blog_draft` [ RunTime:0.0020s ]
SQL: INSERT INTO `blog_draft` (`title`,`content`,`last_save_time`) VALUES ('æ˜¯çš„æ˜¯çš„122222222','{&quot;title&quot;:&quot;æ˜¯çš„æ˜¯çš„122222222&quot;,&quot;summary&quot;:&quot;&quot;,&quot;cover&quot;:&quot;&quot;,&quot;attribute[]&quot;:[&quot;1&quot;,&quot;2&quot;,&quot;3&quot;],&quot;tag&quot;:&quot;&quot;,&quot;visible&quot;:&quot;1&quot;,&quot;allowComment&quot;:&quot;1&quot;,&quot;content&quot;:&quot;&lt;p&gt;è¿™é‡Œå†™ä½ çš„åˆå§‹åŒ–å†…å®¹&lt;/p&gt;&quot;}','2016-09-15 21:09:36') [ RunTime:0.0012s ]

[ 2016-09-15T21:18:44+08:00 ] ::1 /index.php/Admin/Article/saveDraft/id/
INFO: [ app_begin ] --START--
INFO: Run Behavior\ReadHtmlCacheBehavior [ RunTime:0.001695s ]
INFO: [ app_begin ] --END-- [ RunTime:0.003403s ]
SQL: SHOW COLUMNS FROM `blog_draft` [ RunTime:0.0020s ]
SQL: INSERT INTO `blog_draft` (`title`,`content`,`last_save_time`) VALUES ('æ˜¯çš„æ˜¯çš„122222222','{&quot;title&quot;:&quot;æ˜¯çš„æ˜¯çš„122222222&quot;,&quot;summary&quot;:&quot;&quot;,&quot;cover&quot;:&quot;&quot;,&quot;attribute[]&quot;:[&quot;1&quot;,&quot;2&quot;,&quot;3&quot;],&quot;tag&quot;:&quot;&quot;,&quot;visible&quot;:&quot;1&quot;,&quot;allowComment&quot;:&quot;1&quot;,&quot;content&quot;:&quot;&lt;p&gt;è¿™é‡Œå†™ä½ çš„åˆå§‹åŒ–å†…å®¹&lt;/p&gt;&quot;}','2016-09-15 21:09:44') [ RunTime:0.0010s ]

[ 2016-09-15T21:19:15+08:00 ] ::1 /index.php/Admin/Article/saveDraft/id/
INFO: [ app_begin ] --START--
INFO: Run Behavior\ReadHtmlCacheBehavior [ RunTime:0.001627s ]
INFO: [ app_begin ] --END-- [ RunTime:0.003195s ]
SQL: SHOW COLUMNS FROM `blog_draft` [ RunTime:0.0016s ]
SQL: INSERT INTO `blog_draft` (`title`,`content`,`last_save_time`) VALUES ('æ˜¯çš„æ˜¯çš„122222222','{&quot;title&quot;:&quot;æ˜¯çš„æ˜¯çš„122222222&quot;,&quot;summary&quot;:&quot;&quot;,&quot;cover&quot;:&quot;&quot;,&quot;attribute[]&quot;:[&quot;2&quot;,&quot;3&quot;],&quot;tag&quot;:&quot;&quot;,&quot;visible&quot;:&quot;1&quot;,&quot;allowComment&quot;:&quot;1&quot;,&quot;content&quot;:&quot;&lt;p&gt;è¿™é‡Œå†™ä½ çš„åˆå§‹åŒ–å†…å®¹&lt;/p&gt;&quot;}','2016-09-15 21:09:15') [ RunTime:0.0012s ]

[ 2016-09-15T21:21:49+08:00 ] ::1 /index.php/Admin/Article/saveDraft/id/
INFO: [ app_begin ] --START--
INFO: Run Behavior\ReadHtmlCacheBehavior [ RunTime:0.004617s ]
INFO: [ app_begin ] --END-- [ RunTime:0.011488s ]
SQL: SHOW COLUMNS FROM `blog_draft` [ RunTime:0.0023s ]
SQL: INSERT INTO `blog_draft` (`title`,`content`,`last_save_time`) VALUES ('æ˜¯çš„æ˜¯çš„122222222','{&quot;title&quot;:&quot;æ˜¯çš„æ˜¯çš„122222222&quot;,&quot;summary&quot;:&quot;&quot;,&quot;cover&quot;:&quot;&quot;,&quot;attribute[]&quot;:[&quot;2&quot;,&quot;3&quot;],&quot;tag&quot;:&quot;&quot;,&quot;visible&quot;:&quot;1&quot;,&quot;allowComment&quot;:&quot;1&quot;,&quot;content&quot;:&quot;&lt;p&gt;è¿™é‡Œå†™ä½ çš„åˆå§‹åŒ–å†…å®¹&lt;/p&gt;&quot;}','2016-09-15 21:09:49') [ RunTime:0.0011s ]

[ 2016-09-15T23:27:17+08:00 ] ::1 /index.php/Admin/Article/saveDraft/id/
INFO: [ app_begin ] --START--
INFO: Run Behavior\ReadHtmlCacheBehavior [ RunTime:0.002650s ]
INFO: [ app_begin ] --END-- [ RunTime:0.004634s ]
SQL: SHOW COLUMNS FROM `blog_draft` [ RunTime:0.0067s ]
SQL: INSERT INTO `blog_draft` (`title`,`content`,`last_save_time`) VALUES ('æ˜¯çš„æ˜¯çš„122222222','{&quot;title&quot;:&quot;æ˜¯çš„æ˜¯çš„122222222&quot;,&quot;summary&quot;:&quot;&quot;,&quot;cover&quot;:&quot;&quot;,&quot;attribute[]&quot;:&quot;3&quot;,&quot;tag&quot;:&quot;&quot;,&quot;visible&quot;:&quot;1&quot;,&quot;allowComment&quot;:&quot;1&quot;,&quot;content&quot;:&quot;&lt;p&gt;è¿™é‡Œå†™ä½ çš„åˆå§‹åŒ–å†…å®¹&lt;/p&gt;&quot;}','2016-09-15 23:09:17') [ RunTime:0.0032s ]

[ 2016-09-15T23:27:29+08:00 ] ::1 /index.php/Admin/Article/saveDraft/id/
INFO: [ app_begin ] --START--
INFO: Run Behavior\ReadHtmlCacheBehavior [ RunTime:0.001967s ]
INFO: [ app_begin ] --END-- [ RunTime:0.004345s ]
SQL: SHOW COLUMNS FROM `blog_draft` [ RunTime:0.0033s ]
SQL: INSERT INTO `blog_draft` (`title`,`content`,`last_save_time`) VALUES ('æ˜¯çš„æ˜¯çš„122222222','{&quot;title&quot;:&quot;æ˜¯çš„æ˜¯çš„122222222&quot;,&quot;summary&quot;:&quot;&quot;,&quot;cover&quot;:&quot;&quot;,&quot;tag&quot;:&quot;&quot;,&quot;visible&quot;:&quot;1&quot;,&quot;allowComment&quot;:&quot;1&quot;,&quot;content&quot;:&quot;&lt;p&gt;è¿™é‡Œå†™ä½ çš„åˆå§‹åŒ–å†…å®¹&lt;/p&gt;&quot;}','2016-09-15 23:09:28') [ RunTime:0.0015s ]

[ 2016-09-15T23:27:32+08:00 ] ::1 /index.php/Admin/Article/saveDraft/id/
INFO: [ app_begin ] --START--
INFO: Run Behavior\ReadHtmlCacheBehavior [ RunTime:0.001749s ]
INFO: [ app_begin ] --END-- [ RunTime:0.003593s ]
SQL: SHOW COLUMNS FROM `blog_draft` [ RunTime:0.0022s ]
SQL: INSERT INTO `blog_draft` (`title`,`content`,`last_save_time`) VALUES ('æ˜¯çš„æ˜¯çš„122222222','{&quot;title&quot;:&quot;æ˜¯çš„æ˜¯çš„122222222&quot;,&quot;summary&quot;:&quot;&quot;,&quot;cover&quot;:&quot;&quot;,&quot;tag&quot;:&quot;&quot;,&quot;visible&quot;:&quot;1&quot;,&quot;allowComment&quot;:&quot;1&quot;,&quot;content&quot;:&quot;&lt;p&gt;è¿™é‡Œå†™ä½ çš„åˆå§‹åŒ–å†…å®¹&lt;/p&gt;&quot;}','2016-09-15 23:09:32') [ RunTime:0.0008s ]

[ 2016-09-15T23:34:07+08:00 ] ::1 /index.php/Admin/Article/saveDraft/id/
INFO: [ app_begin ] --START--
INFO: Run Behavior\ReadHtmlCacheBehavior [ RunTime:0.001554s ]
INFO: [ app_begin ] --END-- [ RunTime:0.002838s ]
SQL: SHOW COLUMNS FROM `blog_draft` [ RunTime:0.0025s ]
SQL: INSERT INTO `blog_draft` (`title`,`content`,`last_save_time`) VALUES ('æ˜¯çš„æ˜¯çš„122222222','{&quot;title&quot;:&quot;æ˜¯çš„æ˜¯çš„122222222&quot;,&quot;summary&quot;:&quot;&quot;,&quot;cover&quot;:&quot;&quot;,&quot;tag&quot;:&quot;&quot;,&quot;visible&quot;:&quot;1&quot;,&quot;allowComment&quot;:&quot;1&quot;,&quot;content&quot;:&quot;&lt;p&gt;è¿™é‡Œå†™ä½ çš„åˆå§‹åŒ–å†…å®¹&lt;/p&gt;&quot;}','2016-09-15 23:09:07') [ RunTime:0.0012s ]

[ 2016-09-15T23:34:15+08:00 ] ::1 /index.php/Admin/Article/saveDraft/id/
INFO: [ app_begin ] --START--
INFO: Run Behavior\ReadHtmlCacheBehavior [ RunTime:0.001636s ]
INFO: [ app_begin ] --END-- [ RunTime:0.003314s ]
SQL: SHOW COLUMNS FROM `blog_draft` [ RunTime:0.0022s ]
SQL: INSERT INTO `blog_draft` (`title`,`content`,`last_save_time`) VALUES ('æ˜¯çš„æ˜¯çš„122222222','{&quot;title&quot;:&quot;æ˜¯çš„æ˜¯çš„122222222&quot;,&quot;summary&quot;:&quot;&quot;,&quot;cover&quot;:&quot;&quot;,&quot;tag&quot;:&quot;&quot;,&quot;visible&quot;:&quot;1&quot;,&quot;allowComment&quot;:&quot;1&quot;,&quot;content&quot;:&quot;&lt;p&gt;è¿™é‡Œå†™ä½ çš„åˆå§‹åŒ–å†…å®¹&lt;/p&gt;&quot;}','2016-09-15 23:09:15') [ RunTime:0.0010s ]

[ 2016-09-15T23:39:44+08:00 ] ::1 /index.php/Admin/Article/saveDraft/id/
INFO: [ app_begin ] --START--
INFO: Run Behavior\ReadHtmlCacheBehavior [ RunTime:0.002312s ]
INFO: [ app_begin ] --END-- [ RunTime:0.004883s ]
SQL: SHOW COLUMNS FROM `blog_draft` [ RunTime:0.0075s ]
SQL: INSERT INTO `blog_draft` (`title`,`content`,`last_save_time`) VALUES ('æ˜¯çš„æ˜¯çš„122222222','{&quot;title&quot;:&quot;æ˜¯çš„æ˜¯çš„122222222&quot;,&quot;summary&quot;:&quot;&quot;,&quot;cover&quot;:&quot;&quot;,&quot;tag&quot;:&quot;&quot;,&quot;visible&quot;:&quot;1&quot;,&quot;allowComment&quot;:&quot;1&quot;,&quot;content&quot;:&quot;&lt;p&gt;è¿™é‡Œå†™ä½ çš„åˆå§‹åŒ–å†…å®¹&lt;/p&gt;&quot;}','2016-09-15 23:09:44') [ RunTime:0.0009s ]

[ 2016-09-15T23:39:47+08:00 ] ::1 /index.php/Admin/Article/saveDraft/id/
INFO: [ app_begin ] --START--
INFO: Run Behavior\ReadHtmlCacheBehavior [ RunTime:0.001109s ]
INFO: [ app_begin ] --END-- [ RunTime:0.002134s ]
SQL: SHOW COLUMNS FROM `blog_draft` [ RunTime:0.0018s ]
SQL: INSERT INTO `blog_draft` (`title`,`content`,`last_save_time`) VALUES ('æ˜¯çš„æ˜¯çš„122222222','{&quot;title&quot;:&quot;æ˜¯çš„æ˜¯çš„122222222&quot;,&quot;summary&quot;:&quot;&quot;,&quot;cover&quot;:&quot;&quot;,&quot;tag&quot;:&quot;&quot;,&quot;visible&quot;:&quot;1&quot;,&quot;allowComment&quot;:&quot;1&quot;,&quot;content&quot;:&quot;&lt;p&gt;è¿™é‡Œå†™ä½ çš„åˆå§‹åŒ–å†…å®¹&lt;/p&gt;&quot;}','2016-09-15 23:09:47') [ RunTime:0.0011s ]

[ 2016-09-15T23:44:56+08:00 ] ::1 /index.php/Admin/Article/saveDraft/id/45
INFO: [ app_begin ] --START--
INFO: Run Behavior\ReadHtmlCacheBehavior [ RunTime:0.001593s ]
INFO: [ app_begin ] --END-- [ RunTime:0.003426s ]
SQL: SHOW COLUMNS FROM `blog_draft` [ RunTime:0.0022s ]
SQL: INSERT INTO `blog_draft` (`title`,`content`,`last_save_time`) VALUES ('æ˜¯çš„æ˜¯çš„122222222','{&quot;title&quot;:&quot;æ˜¯çš„æ˜¯çš„122222222&quot;,&quot;summary&quot;:&quot;&quot;,&quot;cover&quot;:&quot;&quot;,&quot;tag&quot;:&quot;&quot;,&quot;visible&quot;:&quot;1&quot;,&quot;allowComment&quot;:&quot;1&quot;,&quot;content&quot;:&quot;&lt;p&gt;è¿™é‡Œå†™ä½ çš„åˆå§‹åŒ–å†…å®¹&lt;/p&gt;&quot;}','2016-09-15 23:09:56') [ RunTime:0.0012s ]

[ 2016-09-15T23:45:00+08:00 ] ::1 /index.php/Admin/Article/saveDraft/id/45
INFO: [ app_begin ] --START--
INFO: Run Behavior\ReadHtmlCacheBehavior [ RunTime:0.001122s ]
INFO: [ app_begin ] --END-- [ RunTime:0.002163s ]
SQL: SHOW COLUMNS FROM `blog_draft` [ RunTime:0.0022s ]
SQL: INSERT INTO `blog_draft` (`title`,`content`,`last_save_time`) VALUES ('æ˜¯çš„æ˜¯çš„122222222','{&quot;title&quot;:&quot;æ˜¯çš„æ˜¯çš„122222222&quot;,&quot;summary&quot;:&quot;&quot;,&quot;cover&quot;:&quot;&quot;,&quot;tag&quot;:&quot;&quot;,&quot;visible&quot;:&quot;1&quot;,&quot;allowComment&quot;:&quot;1&quot;,&quot;content&quot;:&quot;&lt;p&gt;è¿™é‡Œå†™ä½ çš„åˆå§‹åŒ–å†…å®¹&lt;/p&gt;&quot;}','2016-09-15 23:09:59') [ RunTime:0.0011s ]

[ 2016-09-15T23:45:15+08:00 ] ::1 /index.php/Admin/Article/saveDraft/id/45
INFO: [ app_begin ] --START--
INFO: Run Behavior\ReadHtmlCacheBehavior [ RunTime:0.001278s ]
INFO: [ app_begin ] --END-- [ RunTime:0.002588s ]
SQL: SHOW COLUMNS FROM `blog_draft` [ RunTime:0.0016s ]
SQL: INSERT INTO `blog_draft` (`title`,`content`,`last_save_time`) VALUES ('æ˜¯çš„æ˜¯çš„122222222','{&quot;title&quot;:&quot;æ˜¯çš„æ˜¯çš„122222222&quot;,&quot;summary&quot;:&quot;&quot;,&quot;cover&quot;:&quot;&quot;,&quot;tag&quot;:&quot;&quot;,&quot;visible&quot;:&quot;1&quot;,&quot;allowComment&quot;:&quot;1&quot;,&quot;content&quot;:&quot;&lt;p&gt;è¿™é‡Œå†™ä½ çš„åˆå§‹åŒ–å†…å®¹&lt;/p&gt;&quot;}','2016-09-15 23:09:15') [ RunTime:0.0011s ]

[ 2016-09-15T23:46:18+08:00 ] ::1 /index.php/Admin/Article/saveDraft/id/45
INFO: [ app_begin ] --START--
INFO: Run Behavior\ReadHtmlCacheBehavior [ RunTime:0.002148s ]
INFO: [ app_begin ] --END-- [ RunTime:0.009771s ]
NOTIC: [8] Undefined variable: id E:\wamp\www\blog\Blog\Admin\Controller\ArticleController.class.php ç¬¬ 256 è¡Œ.

[ 2016-09-15T23:46:22+08:00 ] ::1 /index.php/Admin/Article/saveDraft/id/45
INFO: [ app_begin ] --START--
INFO: Run Behavior\ReadHtmlCacheBehavior [ RunTime:0.001597s ]
INFO: [ app_begin ] --END-- [ RunTime:0.003311s ]
NOTIC: [8] Undefined variable: id E:\wamp\www\blog\Blog\Admin\Controller\ArticleController.class.php ç¬¬ 256 è¡Œ.

[ 2016-09-15T23:47:31+08:00 ] ::1 /index.php/Admin/Article/saveDraft/id/45
INFO: [ app_begin ] --START--
INFO: Run Behavior\ReadHtmlCacheBehavior [ RunTime:0.002371s ]
INFO: [ app_begin ] --END-- [ RunTime:0.004245s ]

[ 2016-09-15T23:48:04+08:00 ] ::1 /index.php/Admin/Article/saveDraft/id/45
INFO: [ app_begin ] --START--
INFO: Run Behavior\ReadHtmlCacheBehavior [ RunTime:0.011133s ]
INFO: [ app_begin ] --END-- [ RunTime:0.014532s ]
SQL: SHOW COLUMNS FROM `blog_draft` [ RunTime:0.0023s ]
SQL: UPDATE `blog_draft` SET `title`='æ˜¯çš„æ˜¯çš„122222222',`content`='{&quot;title&quot;:&quot;æ˜¯çš„æ˜¯çš„122222222&quot;,&quot;summary&quot;:&quot;&quot;,&quot;cover&quot;:&quot;&quot;,&quot;attribute[]&quot;:[&quot;1&quot;,&quot;2&quot;],&quot;tag&quot;:&quot;&quot;,&quot;visible&quot;:&quot;1&quot;,&quot;allowComment&quot;:&quot;1&quot;,&quot;content&quot;:&quot;&lt;p&gt;è¿™é‡Œå†™ä½ çš„åˆå§‹åŒ–å†…å®¹&lt;/p&gt;&quot;}',`last_save_time`='2016-09-15 23:09:04' WHERE ( id='45' ) [ RunTime:0.0020s ]

[ 2016-09-15T23:48:22+08:00 ] ::1 /index.php/Admin/Article/saveDraft/id/45
INFO: [ app_begin ] --START--
INFO: Run Behavior\ReadHtmlCacheBehavior [ RunTime:0.002544s ]
INFO: [ app_begin ] --END-- [ RunTime:0.004945s ]
SQL: SHOW COLUMNS FROM `blog_draft` [ RunTime:0.0021s ]
SQL: UPDATE `blog_draft` SET `title`='æ˜¯çš„æ˜¯çš„122222222',`content`='{&quot;title&quot;:&quot;æ˜¯çš„æ˜¯çš„122222222&quot;,&quot;summary&quot;:&quot;&quot;,&quot;cover&quot;:&quot;&quot;,&quot;attribute[]&quot;:&quot;3&quot;,&quot;tag&quot;:&quot;&quot;,&quot;visible&quot;:&quot;1&quot;,&quot;allowComment&quot;:&quot;1&quot;,&quot;content&quot;:&quot;&lt;p&gt;è¿™é‡Œå†™ä½ çš„åˆå§‹åŒ–å†…å®¹&lt;/p&gt;&quot;}',`last_save_time`='2016-09-15 23:09:22' WHERE ( id='45' ) [ RunTime:0.0013s ]

[ 2016-09-15T23:48:35+08:00 ] ::1 /index.php/Admin/Article/saveDraft/id/45
INFO: [ app_begin ] --START--
INFO: Run Behavior\ReadHtmlCacheBehavior [ RunTime:0.001562s ]
INFO: [ app_begin ] --END-- [ RunTime:0.002813s ]
SQL: SHOW COLUMNS FROM `blog_draft` [ RunTime:0.0016s ]
SQL: UPDATE `blog_draft` SET `title`='æ˜¯çš„æ˜¯çš„122222222',`content`='{&quot;title&quot;:&quot;æ˜¯çš„æ˜¯çš„122222222&quot;,&quot;summary&quot;:&quot;&quot;,&quot;cover&quot;:&quot;&quot;,&quot;attribute[]&quot;:&quot;3&quot;,&quot;tag&quot;:&quot;&quot;,&quot;visible&quot;:&quot;1&quot;,&quot;allowComment&quot;:&quot;1&quot;,&quot;content&quot;:&quot;&lt;p&gt;è¿™é‡Œå†™ä½ çš„åˆå§‹åŒ–å†…å®¹&lt;/p&gt;&quot;}',`last_save_time`='2016-09-15 23:09:35' WHERE ( id='45' ) [ RunTime:0.0010s ]

[ 2016-09-15T23:50:10+08:00 ] ::1 /index.php/Admin/Article/saveDraft/id/45
INFO: [ app_begin ] --START--
INFO: Run Behavior\ReadHtmlCacheBehavior [ RunTime:0.003314s ]
INFO: [ app_begin ] --END-- [ RunTime:0.005367s ]
SQL: SHOW COLUMNS FROM `blog_draft` [ RunTime:0.0018s ]
SQL: UPDATE `blog_draft` SET `title`='æ˜¯çš„æ˜¯çš„122222222',`content`='{&quot;title&quot;:&quot;æ˜¯çš„æ˜¯çš„122222222&quot;,&quot;summary&quot;:&quot;&quot;,&quot;cover&quot;:&quot;&quot;,&quot;attribute[]&quot;:[&quot;1&quot;,&quot;2&quot;],&quot;tag&quot;:&quot;&quot;,&quot;visible&quot;:&quot;1&quot;,&quot;allowComment&quot;:&quot;1&quot;,&quot;content&quot;:&quot;&lt;p&gt;è¿™é‡Œå†™ä½ çš„åˆå§‹åŒ–å†…å®¹&lt;/p&gt;&quot;}',`last_save_time`='2016-09-15 23:09:10' WHERE ( id='45' ) [ RunTime:0.0012s ]

[ 2016-09-15T23:56:07+08:00 ] ::1 /index.php/Admin/Article/saveDraft/id/45
INFO: [ app_begin ] --START--
INFO: Run Behavior\ReadHtmlCacheBehavior [ RunTime:0.001861s ]
INFO: [ app_begin ] --END-- [ RunTime:0.004770s ]
SQL: SHOW COLUMNS FROM `blog_draft` [ RunTime:0.0018s ]
SQL: UPDATE `blog_draft` SET `title`='æ˜¯çš„æ˜¯çš„122222222',`content`='{&quot;title&quot;:&quot;æ˜¯çš„æ˜¯çš„122222222&quot;,&quot;summary&quot;:&quot;&quot;,&quot;cover&quot;:&quot;&quot;,&quot;attribute[]&quot;:&quot;3&quot;,&quot;tag&quot;:&quot;&quot;,&quot;visible&quot;:&quot;1&quot;,&quot;allowComment&quot;:&quot;1&quot;,&quot;content&quot;:&quot;&lt;p&gt;è¿™é‡Œå†™ä½ çš„åˆå§‹åŒ–å†…å®¹&lt;/p&gt;&quot;}',`last_save_time`='2016-09-15 23:09:07' WHERE ( id='45' ) [ RunTime:0.0010s ]

[ 2016-09-15T23:56:54+08:00 ] ::1 /index.php/Admin/Article/saveDraft/id/45
INFO: [ app_begin ] --START--
INFO: Run Behavior\ReadHtmlCacheBehavior [ RunTime:0.002398s ]
INFO: [ app_begin ] --END-- [ RunTime:0.003808s ]
SQL: SHOW COLUMNS FROM `blog_draft` [ RunTime:0.0019s ]
SQL: UPDATE `blog_draft` SET `title`='æ˜¯çš„æ˜¯çš„122222222',`content`='{&quot;title&quot;:&quot;æ˜¯çš„æ˜¯çš„122222222&quot;,&quot;summary&quot;:&quot;&quot;,&quot;cover&quot;:&quot;&quot;,&quot;attribute[]&quot;:&quot;2&quot;,&quot;tag&quot;:&quot;&quot;,&quot;visible&quot;:&quot;1&quot;,&quot;allowComment&quot;:&quot;1&quot;,&quot;content&quot;:&quot;&lt;p&gt;è¿™é‡Œå†™ä½ çš„åˆå§‹åŒ–å†…å®¹&lt;/p&gt;&quot;}',`last_save_time`='2016-09-15 23:09:54' WHERE ( id='45' ) [ RunTime:0.0010s ]

[ 2016-09-15T23:58:54+08:00 ] ::1 /index.php/Admin/Article/saveDraft/id/45
INFO: [ app_begin ] --START--
INFO: Run Behavior\ReadHtmlCacheBehavior [ RunTime:0.001674s ]
INFO: [ app_begin ] --END-- [ RunTime:0.002864s ]
SQL: SHOW COLUMNS FROM `blog_draft` [ RunTime:0.0025s ]
SQL: UPDATE `blog_draft` SET `title`='æ˜¯çš„æ˜¯çš„122222222',`content`='{&quot;title&quot;:&quot;æ˜¯çš„æ˜¯çš„122222222&quot;,&quot;summary&quot;:&quot;&quot;,&quot;cover&quot;:&quot;&quot;,&quot;tag&quot;:&quot;&quot;,&quot;visible&quot;:&quot;1&quot;,&quot;allowComment&quot;:&quot;1&quot;,&quot;content&quot;:&quot;&lt;p&gt;è¿™é‡Œå†™ä½ çš„åˆå§‹åŒ–å†…å®¹&lt;/p&gt;&quot;}',`last_save_time`='2016-09-15 23:09:54' WHERE ( id='45' ) [ RunTime:0.0074s ]

